<?xml version="1.0" encoding="UTF-8"?>
<!-- Generated by org.testng.reporters.JUnitXMLReporter -->
<testsuite ignored="1" hostname="LAPTOP-C34I4R69" failures="0" tests="1" name="Default test" time="0.14" errors="0" timestamp="2023-03-13T20:15:08 PDT">
  <testcase classname="com.test.tests.HekathonAPITestScriptEndToEnd" name="@BeforeClass baseUri" time="0.019">
    <failure type="java.lang.StackOverflowError">
      <![CDATA[java.lang.StackOverflowError
at com.test.tests.HekathonAPITestScriptEndToEnd.baseUri(HekathonAPITestScriptEndToEnd.java:21)
at com.test.tests.HekathonAPITestScriptEndToEnd.baseUri(HekathonAPITestScriptEndToEnd.java:21)
at com.test.tests.HekathonAPITestScriptEndToEnd.baseUri(HekathonAPITestScriptEndToEnd.java:21)
at com.test.tests.HekathonAPITestScriptEndToEnd.baseUri(HekathonAPITestScriptEndToEnd.java:21)
at com.test.tests.HekathonAPITestScriptEndToEnd.baseUri(HekathonAPITestScriptEndToEnd.java:21)
at com.test.tests.HekathonAPITestScriptEndToEnd.baseUri(HekathonAPITestScriptEndToEnd.java:21)
at com.test.tests.HekathonAPITestScriptEndToEnd.baseUri(HekathonAPITestScriptEndToEnd.java:21)
at com.test.tests.HekathonAPITestScriptEndToEnd.baseUri(HekathonAPITestScriptEndToEnd.java:21)
at com.test.tests.HekathonAPITestScriptEndToEnd.baseUri(HekathonAPITestScriptEndToEnd.java:21)
at com.test.tests.HekathonAPITestScriptEndToEnd.baseUri(HekathonAPITestScriptEndToEnd.java:21)
at com.test.tests.HekathonAPITestScriptEndToEnd.baseUri(HekathonAPITestScriptEndToEnd.java:21)
at com.test.tests.HekathonAPITestScriptEndToEnd.baseUri(HekathonAPITestScriptEndToEnd.java:21)
at com.test.tests.HekathonAPITestScriptEndToEnd.baseUri(HekathonAPITestScriptEndToEnd.java:21)
at com.test.tests.HekathonAPITestScriptEndToEnd.baseUri(HekathonAPITestScriptEndToEnd.java:21)
at com.test.tests.HekathonAPITestScriptEndToEnd.baseUri(HekathonAPITestScriptEndToEnd.java:21)
at com.test.tests.HekathonAPITestScriptEndToEnd.baseUri(HekathonAPITestScriptEndToEnd.java:21)
at com.test.tests.HekathonAPITestScriptEndToEnd.baseUri(HekathonAPITestScriptEndToEnd.java:21)
at com.test.tests.HekathonAPITestScriptEndToEnd.baseUri(HekathonAPITestScriptEndToEnd.java:21)
at com.test.tests.HekathonAPITestScriptEndToEnd.baseUri(HekathonAPITestScriptEndToEnd.java:21)
at com.test.tests.HekathonAPITestScriptEndToEnd.baseUri(HekathonAPITestScriptEndToEnd.java:21)
at com.test.tests.HekathonAPITestScriptEndToEnd.baseUri(HekathonAPITestScriptEndToEnd.java:21)
at com.test.tests.HekathonAPITestScriptEndToEnd.baseUri(HekathonAPITestScriptEndToEnd.java:21)
at com.test.tests.HekathonAPITestScriptEndToEnd.baseUri(HekathonAPITestScriptEndToEnd.java:21)
at com.test.tests.HekathonAPITestScriptEndToEnd.baseUri(HekathonAPITestScriptEndToEnd.java:21)
at com.test.tests.HekathonAPITestScriptEndToEnd.baseUri(HekathonAPITestScriptEndToEnd.java:21)
at com.test.tests.HekathonAPITestScriptEndToEnd.baseUri(HekathonAPITestScriptEndToEnd.java:21)
at com.test.tests.HekathonAPITestScriptEndToEnd.baseUri(HekathonAPITestScriptEndToEnd.java:21)
at com.test.tests.HekathonAPITestScriptEndToEnd.baseUri(HekathonAPITestScriptEndToEnd.java:21)
at com.test.tests.HekathonAPITestScriptEndToEnd.baseUri(HekathonAPITestScriptEndToEnd.java:21)
at com.test.tests.HekathonAPITestScriptEndToEnd.baseUri(HekathonAPITestScriptEndToEnd.java:21)
at com.test.tests.HekathonAPITestScriptEndToEnd.baseUri(HekathonAPITestScriptEndToEnd.java:21)
at com.test.tests.HekathonAPITestScriptEndToEnd.baseUri(HekathonAPITestScriptEndToEnd.java:21)
at com.test.tests.HekathonAPITestScriptEndToEnd.baseUri(HekathonAPITestScriptEndToEnd.java:21)
at com.test.tests.HekathonAPITestScriptEndToEnd.baseUri(HekathonAPITestScriptEndToEnd.java:21)
at com.test.tests.HekathonAPITestScriptEndToEnd.baseUri(HekathonAPITestScriptEndToEnd.java:21)
at com.test.tests.HekathonAPITestScriptEndToEnd.baseUri(HekathonAPITestScriptEndToEnd.java:21)
at com.test.tests.HekathonAPITestScriptEndToEnd.baseUri(HekathonAPITestScriptEndToEnd.java:21)
at com.test.tests.HekathonAPITestScriptEndToEnd.baseUri(HekathonAPITestScriptEndToEnd.java:21)
at com.test.tests.HekathonAPITestScriptEndToEnd.baseUri(HekathonAPITestScriptEndToEnd.java:21)
at com.test.tests.HekathonAPITestScriptEndToEnd.baseUri(HekathonAPITestScriptEndToEnd.java:21)
at com.test.tests.HekathonAPITestScriptEndToEnd.baseUri(HekathonAPITestScriptEndToEnd.java:21)
at com.test.tests.HekathonAPITestScriptEndToEnd.baseUri(HekathonAPITestScriptEndToEnd.java:21)
at com.test.tests.HekathonAPITestScriptEndToEnd.baseUri(HekathonAPITestScriptEndToEnd.java:21)
at com.test.tests.HekathonAPITestScriptEndToEnd.baseUri(HekathonAPITestScriptEndToEnd.java:21)
at com.test.tests.HekathonAPITestScriptEndToEnd.baseUri(HekathonAPITestScriptEndToEnd.java:21)
at com.test.tests.HekathonAPITestScriptEndToEnd.baseUri(HekathonAPITestScriptEndToEnd.java:21)
at com.test.tests.HekathonAPITestScriptEndToEnd.baseUri(HekathonAPITestScriptEndToEnd.java:21)
at com.test.tests.HekathonAPITestScriptEndToEnd.baseUri(HekathonAPITestScriptEndToEnd.java:21)
at com.test.tests.HekathonAPITestScriptEndToEnd.baseUri(HekathonAPITestScriptEndToEnd.java:21)
at com.test.tests.HekathonAPITestScriptEndToEnd.baseUri(HekathonAPITestScriptEndToEnd.java:21)
at com.test.tests.HekathonAPITestScriptEndToEnd.baseUri(HekathonAPITestScriptEndToEnd.java:21)
at com.test.tests.HekathonAPITestScriptEndToEnd.baseUri(HekathonAPITestScriptEndToEnd.java:21)
at com.test.tests.HekathonAPITestScriptEndToEnd.baseUri(HekathonAPITestScriptEndToEnd.java:21)
at com.test.tests.HekathonAPITestScriptEndToEnd.baseUri(HekathonAPITestScriptEndToEnd.java:21)
at com.test.tests.HekathonAPITestScriptEndToEnd.baseUri(HekathonAPITestScriptEndToEnd.java:21)
at com.test.tests.HekathonAPITestScriptEndToEnd.baseUri(HekathonAPITestScriptEndToEnd.java:21)
at com.test.tests.HekathonAPITestScriptEndToEnd.baseUri(HekathonAPITestScriptEndToEnd.java:21)
at com.test.tests.HekathonAPITestScriptEndToEnd.baseUri(HekathonAPITestScriptEndToEnd.java:21)
at com.test.tests.HekathonAPITestScriptEndToEnd.baseUri(HekathonAPITestScriptEndToEnd.java:21)
at com.test.tests.HekathonAPITestScriptEndToEnd.baseUri(HekathonAPITestScriptEndToEnd.java:21)
at com.test.tests.HekathonAPITestScriptEndToEnd.baseUri(HekathonAPITestScriptEndToEnd.java:21)
at com.test.tests.HekathonAPITestScriptEndToEnd.baseUri(HekathonAPITestScriptEndToEnd.java:21)
at com.test.tests.HekathonAPITestScriptEndToEnd.baseUri(HekathonAPITestScriptEndToEnd.java:21)
at com.test.tests.HekathonAPITestScriptEndToEnd.baseUri(HekathonAPITestScriptEndToEnd.java:21)
at com.test.tests.HekathonAPITestScriptEndToEnd.baseUri(HekathonAPITestScriptEndToEnd.java:21)
at com.test.tests.HekathonAPITestScriptEndToEnd.baseUri(HekathonAPITestScriptEndToEnd.java:21)
at com.test.tests.HekathonAPITestScriptEndToEnd.baseUri(HekathonAPITestScriptEndToEnd.java:21)
at com.test.tests.HekathonAPITestScriptEndToEnd.baseUri(HekathonAPITestScriptEndToEnd.java:21)
at com.test.tests.HekathonAPITestScriptEndToEnd.baseUri(HekathonAPITestScriptEndToEnd.java:21)
at com.test.tests.HekathonAPITestScriptEndToEnd.baseUri(HekathonAPITestScriptEndToEnd.java:21)
at com.test.tests.HekathonAPITestScriptEndToEnd.baseUri(HekathonAPITestScriptEndToEnd.java:21)
at com.test.tests.HekathonAPITestScriptEndToEnd.baseUri(HekathonAPITestScriptEndToEnd.java:21)
at com.test.tests.HekathonAPITestScriptEndToEnd.baseUri(HekathonAPITestScriptEndToEnd.java:21)
at com.test.tests.HekathonAPITestScriptEndToEnd.baseUri(HekathonAPITestScriptEndToEnd.java:21)
at com.test.tests.HekathonAPITestScriptEndToEnd.baseUri(HekathonAPITestScriptEndToEnd.java:21)
at com.test.tests.HekathonAPITestScriptEndToEnd.baseUri(HekathonAPITestScriptEndToEnd.java:21)
at com.test.tests.HekathonAPITestScriptEndToEnd.baseUri(HekathonAPITestScriptEndToEnd.java:21)
at com.test.tests.HekathonAPITestScriptEndToEnd.baseUri(HekathonAPITestScriptEndToEnd.java:21)
at com.test.tests.HekathonAPITestScriptEndToEnd.baseUri(HekathonAPITestScriptEndToEnd.java:21)
at com.test.tests.HekathonAPITestScriptEndToEnd.baseUri(HekathonAPITestScriptEndToEnd.java:21)
at com.test.tests.HekathonAPITestScriptEndToEnd.baseUri(HekathonAPITestScriptEndToEnd.java:21)
at com.test.tests.HekathonAPITestScriptEndToEnd.baseUri(HekathonAPITestScriptEndToEnd.java:21)
at com.test.tests.HekathonAPITestScriptEndToEnd.baseUri(HekathonAPITestScriptEndToEnd.java:21)
at com.test.tests.HekathonAPITestScriptEndToEnd.baseUri(HekathonAPITestScriptEndToEnd.java:21)
at com.test.tests.HekathonAPITestScriptEndToEnd.baseUri(HekathonAPITestScriptEndToEnd.java:21)
at com.test.tests.HekathonAPITestScriptEndToEnd.baseUri(HekathonAPITestScriptEndToEnd.java:21)
at com.test.tests.HekathonAPITestScriptEndToEnd.baseUri(HekathonAPITestScriptEndToEnd.java:21)
at com.test.tests.HekathonAPITestScriptEndToEnd.baseUri(HekathonAPITestScriptEndToEnd.java:21)
at com.test.tests.HekathonAPITestScriptEndToEnd.baseUri(HekathonAPITestScriptEndToEnd.java:21)
at com.test.tests.HekathonAPITestScriptEndToEnd.baseUri(HekathonAPITestScriptEndToEnd.java:21)
at com.test.tests.HekathonAPITestScriptEndToEnd.baseUri(HekathonAPITestScriptEndToEnd.java:21)
at com.test.tests.HekathonAPITestScriptEndToEnd.baseUri(HekathonAPITestScriptEndToEnd.java:21)
at com.test.tests.HekathonAPITestScriptEndToEnd.baseUri(HekathonAPITestScriptEndToEnd.java:21)
at com.test.tests.HekathonAPITestScriptEndToEnd.baseUri(HekathonAPITestScriptEndToEnd.java:21)
at com.test.tests.HekathonAPITestScriptEndToEnd.baseUri(HekathonAPITestScriptEndToEnd.java:21)
at com.test.tests.HekathonAPITestScriptEndToEnd.baseUri(HekathonAPITestScriptEndToEnd.java:21)
at com.test.tests.HekathonAPITestScriptEndToEnd.baseUri(HekathonAPITestScriptEndToEnd.java:21)
at com.test.tests.HekathonAPITestScriptEndToEnd.baseUri(HekathonAPITestScriptEndToEnd.java:21)
at com.test.tests.HekathonAPITestScriptEndToEnd.baseUri(HekathonAPITestScriptEndToEnd.java:21)
at com.test.tests.HekathonAPITestScriptEndToEnd.baseUri(HekathonAPITestScriptEndToEnd.java:21)
at com.test.tests.HekathonAPITestScriptEndToEnd.baseUri(HekathonAPITestScriptEndToEnd.java:21)
at com.test.tests.HekathonAPITestScriptEndToEnd.baseUri(HekathonAPITestScriptEndToEnd.java:21)
at com.test.tests.HekathonAPITestScriptEndToEnd.baseUri(HekathonAPITestScriptEndToEnd.java:21)
at com.test.tests.HekathonAPITestScriptEndToEnd.baseUri(HekathonAPITestScriptEndToEnd.java:21)
at com.test.tests.HekathonAPITestScriptEndToEnd.baseUri(HekathonAPITestScriptEndToEnd.java:21)
at com.test.tests.HekathonAPITestScriptEndToEnd.baseUri(HekathonAPITestScriptEndToEnd.java:21)
at com.test.tests.HekathonAPITestScriptEndToEnd.baseUri(HekathonAPITestScriptEndToEnd.java:21)
at com.test.tests.HekathonAPITestScriptEndToEnd.baseUri(HekathonAPITestScriptEndToEnd.java:21)
at com.test.tests.HekathonAPITestScriptEndToEnd.baseUri(HekathonAPITestScriptEndToEnd.java:21)
at com.test.tests.HekathonAPITestScriptEndToEnd.baseUri(HekathonAPITestScriptEndToEnd.java:21)
at com.test.tests.HekathonAPITestScriptEndToEnd.baseUri(HekathonAPITestScriptEndToEnd.java:21)
at com.test.tests.HekathonAPITestScriptEndToEnd.baseUri(HekathonAPITestScriptEndToEnd.java:21)
at com.test.tests.HekathonAPITestScriptEndToEnd.baseUri(HekathonAPITestScriptEndToEnd.java:21)
at com.test.tests.HekathonAPITestScriptEndToEnd.baseUri(HekathonAPITestScriptEndToEnd.java:21)
at com.test.tests.HekathonAPITestScriptEndToEnd.baseUri(HekathonAPITestScriptEndToEnd.java:21)
at com.test.tests.HekathonAPITestScriptEndToEnd.baseUri(HekathonAPITestScriptEndToEnd.java:21)
at com.test.tests.HekathonAPITestScriptEndToEnd.baseUri(HekathonAPITestScriptEndToEnd.java:21)
at com.test.tests.HekathonAPITestScriptEndToEnd.baseUri(HekathonAPITestScriptEndToEnd.java:21)
at com.test.tests.HekathonAPITestScriptEndToEnd.baseUri(HekathonAPITestScriptEndToEnd.java:21)
at com.test.tests.HekathonAPITestScriptEndToEnd.baseUri(HekathonAPITestScriptEndToEnd.java:21)
at com.test.tests.HekathonAPITestScriptEndToEnd.baseUri(HekathonAPITestScriptEndToEnd.java:21)
at com.test.tests.HekathonAPITestScriptEndToEnd.baseUri(HekathonAPITestScriptEndToEnd.java:21)
at com.test.tests.HekathonAPITestScriptEndToEnd.baseUri(HekathonAPITestScriptEndToEnd.java:21)
at com.test.tests.HekathonAPITestScriptEndToEnd.baseUri(HekathonAPITestScriptEndToEnd.java:21)
at com.test.tests.HekathonAPITestScriptEndToEnd.baseUri(HekathonAPITestScriptEndToEnd.java:21)
at com.test.tests.HekathonAPITestScriptEndToEnd.baseUri(HekathonAPITestScriptEndToEnd.java:21)
at com.test.tests.HekathonAPITestScriptEndToEnd.baseUri(HekathonAPITestScriptEndToEnd.java:21)
at com.test.tests.HekathonAPITestScriptEndToEnd.baseUri(HekathonAPITestScriptEndToEnd.java:21)
at com.test.tests.HekathonAPITestScriptEndToEnd.baseUri(HekathonAPITestScriptEndToEnd.java:21)
at com.test.tests.HekathonAPITestScriptEndToEnd.baseUri(HekathonAPITestScriptEndToEnd.java:21)
at com.test.tests.HekathonAPITestScriptEndToEnd.baseUri(HekathonAPITestScriptEndToEnd.java:21)
at com.test.tests.HekathonAPITestScriptEndToEnd.baseUri(HekathonAPITestScriptEndToEnd.java:21)
at com.test.tests.HekathonAPITestScriptEndToEnd.baseUri(HekathonAPITestScriptEndToEnd.java:21)
at com.test.tests.HekathonAPITestScriptEndToEnd.baseUri(HekathonAPITestScriptEndToEnd.java:21)
at com.test.tests.HekathonAPITestScriptEndToEnd.baseUri(HekathonAPITestScriptEndToEnd.java:21)
at com.test.tests.HekathonAPITestScriptEndToEnd.baseUri(HekathonAPITestScriptEndToEnd.java:21)
at com.test.tests.HekathonAPITestScriptEndToEnd.baseUri(HekathonAPITestScriptEndToEnd.java:21)
at com.test.tests.HekathonAPITestScriptEndToEnd.baseUri(HekathonAPITestScriptEndToEnd.java:21)
at com.test.tests.HekathonAPITestScriptEndToEnd.baseUri(HekathonAPITestScriptEndToEnd.java:21)
at com.test.tests.HekathonAPITestScriptEndToEnd.baseUri(HekathonAPITestScriptEndToEnd.java:21)
at com.test.tests.HekathonAPITestScriptEndToEnd.baseUri(HekathonAPITestScriptEndToEnd.java:21)
at com.test.tests.HekathonAPITestScriptEndToEnd.baseUri(HekathonAPITestScriptEndToEnd.java:21)
at com.test.tests.HekathonAPITestScriptEndToEnd.baseUri(HekathonAPITestScriptEndToEnd.java:21)
at com.test.tests.HekathonAPITestScriptEndToEnd.baseUri(HekathonAPITestScriptEndToEnd.java:21)
at com.test.tests.HekathonAPITestScriptEndToEnd.baseUri(HekathonAPITestScriptEndToEnd.java:21)
at com.test.tests.HekathonAPITestScriptEndToEnd.baseUri(HekathonAPITestScriptEndToEnd.java:21)
at com.test.tests.HekathonAPITestScriptEndToEnd.baseUri(HekathonAPITestScriptEndToEnd.java:21)
at com.test.tests.HekathonAPITestScriptEndToEnd.baseUri(HekathonAPITestScriptEndToEnd.java:21)
at com.test.tests.HekathonAPITestScriptEndToEnd.baseUri(HekathonAPITestScriptEndToEnd.java:21)
at com.test.tests.HekathonAPITestScriptEndToEnd.baseUri(HekathonAPITestScriptEndToEnd.java:21)
at com.test.tests.HekathonAPITestScriptEndToEnd.baseUri(HekathonAPITestScriptEndToEnd.java:21)
at com.test.tests.HekathonAPITestScriptEndToEnd.baseUri(HekathonAPITestScriptEndToEnd.java:21)
at com.test.tests.HekathonAPITestScriptEndToEnd.baseUri(HekathonAPITestScriptEndToEnd.java:21)
at com.test.tests.HekathonAPITestScriptEndToEnd.baseUri(HekathonAPITestScriptEndToEnd.java:21)
at com.test.tests.HekathonAPITestScriptEndToEnd.baseUri(HekathonAPITestScriptEndToEnd.java:21)
at com.test.tests.HekathonAPITestScriptEndToEnd.baseUri(HekathonAPITestScriptEndToEnd.java:21)
at com.test.tests.HekathonAPITestScriptEndToEnd.baseUri(HekathonAPITestScriptEndToEnd.java:21)
at com.test.tests.HekathonAPITestScriptEndToEnd.baseUri(HekathonAPITestScriptEndToEnd.java:21)
at com.test.tests.HekathonAPITestScriptEndToEnd.baseUri(HekathonAPITestScriptEndToEnd.java:21)
at com.test.tests.HekathonAPITestScriptEndToEnd.baseUri(HekathonAPITestScriptEndToEnd.java:21)
at com.test.tests.HekathonAPITestScriptEndToEnd.baseUri(HekathonAPITestScriptEndToEnd.java:21)
at com.test.tests.HekathonAPITestScriptEndToEnd.baseUri(HekathonAPITestScriptEndToEnd.java:21)
at com.test.tests.HekathonAPITestScriptEndToEnd.baseUri(HekathonAPITestScriptEndToEnd.java:21)
at com.test.tests.HekathonAPITestScriptEndToEnd.baseUri(HekathonAPITestScriptEndToEnd.java:21)
at com.test.tests.HekathonAPITestScriptEndToEnd.baseUri(HekathonAPITestScriptEndToEnd.java:21)
at com.test.tests.HekathonAPITestScriptEndToEnd.baseUri(HekathonAPITestScriptEndToEnd.java:21)
at com.test.tests.HekathonAPITestScriptEndToEnd.baseUri(HekathonAPITestScriptEndToEnd.java:21)
at com.test.tests.HekathonAPITestScriptEndToEnd.baseUri(HekathonAPITestScriptEndToEnd.java:21)
at com.test.tests.HekathonAPITestScriptEndToEnd.baseUri(HekathonAPITestScriptEndToEnd.java:21)
at com.test.tests.HekathonAPITestScriptEndToEnd.baseUri(HekathonAPITestScriptEndToEnd.java:21)
at com.test.tests.HekathonAPITestScriptEndToEnd.baseUri(HekathonAPITestScriptEndToEnd.java:21)
at com.test.tests.HekathonAPITestScriptEndToEnd.baseUri(HekathonAPITestScriptEndToEnd.java:21)
at com.test.tests.HekathonAPITestScriptEndToEnd.baseUri(HekathonAPITestScriptEndToEnd.java:21)
at com.test.tests.HekathonAPITestScriptEndToEnd.baseUri(HekathonAPITestScriptEndToEnd.java:21)
at com.test.tests.HekathonAPITestScriptEndToEnd.baseUri(HekathonAPITestScriptEndToEnd.java:21)
at com.test.tests.HekathonAPITestScriptEndToEnd.baseUri(HekathonAPITestScriptEndToEnd.java:21)
at com.test.tests.HekathonAPITestScriptEndToEnd.baseUri(HekathonAPITestScriptEndToEnd.java:21)
at com.test.tests.HekathonAPITestScriptEndToEnd.baseUri(HekathonAPITestScriptEndToEnd.java:21)
at com.test.tests.HekathonAPITestScriptEndToEnd.baseUri(HekathonAPITestScriptEndToEnd.java:21)
at com.test.tests.HekathonAPITestScriptEndToEnd.baseUri(HekathonAPITestScriptEndToEnd.java:21)
at com.test.tests.HekathonAPITestScriptEndToEnd.baseUri(HekathonAPITestScriptEndToEnd.java:21)
at com.test.tests.HekathonAPITestScriptEndToEnd.baseUri(HekathonAPITestScriptEndToEnd.java:21)
at com.test.tests.HekathonAPITestScriptEndToEnd.baseUri(HekathonAPITestScriptEndToEnd.java:21)
at com.test.tests.HekathonAPITestScriptEndToEnd.baseUri(HekathonAPITestScriptEndToEnd.java:21)
at com.test.tests.HekathonAPITestScriptEndToEnd.baseUri(HekathonAPITestScriptEndToEnd.java:21)
at com.test.tests.HekathonAPITestScriptEndToEnd.baseUri(HekathonAPITestScriptEndToEnd.java:21)
at com.test.tests.HekathonAPITestScriptEndToEnd.baseUri(HekathonAPITestScriptEndToEnd.java:21)
at com.test.tests.HekathonAPITestScriptEndToEnd.baseUri(HekathonAPITestScriptEndToEnd.java:21)
at com.test.tests.HekathonAPITestScriptEndToEnd.baseUri(HekathonAPITestScriptEndToEnd.java:21)
at com.test.tests.HekathonAPITestScriptEndToEnd.baseUri(HekathonAPITestScriptEndToEnd.java:21)
at com.test.tests.HekathonAPITestScriptEndToEnd.baseUri(HekathonAPITestScriptEndToEnd.java:21)
at com.test.tests.HekathonAPITestScriptEndToEnd.baseUri(HekathonAPITestScriptEndToEnd.java:21)
at com.test.tests.HekathonAPITestScriptEndToEnd.baseUri(HekathonAPITestScriptEndToEnd.java:21)
at com.test.tests.HekathonAPITestScriptEndToEnd.baseUri(HekathonAPITestScriptEndToEnd.java:21)
at com.test.tests.HekathonAPITestScriptEndToEnd.baseUri(HekathonAPITestScriptEndToEnd.java:21)
at com.test.tests.HekathonAPITestScriptEndToEnd.baseUri(HekathonAPITestScriptEndToEnd.java:21)
at com.test.tests.HekathonAPITestScriptEndToEnd.baseUri(HekathonAPITestScriptEndToEnd.java:21)
at com.test.tests.HekathonAPITestScriptEndToEnd.baseUri(HekathonAPITestScriptEndToEnd.java:21)
at com.test.tests.HekathonAPITestScriptEndToEnd.baseUri(HekathonAPITestScriptEndToEnd.java:21)
at com.test.tests.HekathonAPITestScriptEndToEnd.baseUri(HekathonAPITestScriptEndToEnd.java:21)
at com.test.tests.HekathonAPITestScriptEndToEnd.baseUri(HekathonAPITestScriptEndToEnd.java:21)
at com.test.tests.HekathonAPITestScriptEndToEnd.baseUri(HekathonAPITestScriptEndToEnd.java:21)
at com.test.tests.HekathonAPITestScriptEndToEnd.baseUri(HekathonAPITestScriptEndToEnd.java:21)
at com.test.tests.HekathonAPITestScriptEndToEnd.baseUri(HekathonAPITestScriptEndToEnd.java:21)
at com.test.tests.HekathonAPITestScriptEndToEnd.baseUri(HekathonAPITestScriptEndToEnd.java:21)
at com.test.tests.HekathonAPITestScriptEndToEnd.baseUri(HekathonAPITestScriptEndToEnd.java:21)
at com.test.tests.HekathonAPITestScriptEndToEnd.baseUri(HekathonAPITestScriptEndToEnd.java:21)
at com.test.tests.HekathonAPITestScriptEndToEnd.baseUri(HekathonAPITestScriptEndToEnd.java:21)
at com.test.tests.HekathonAPITestScriptEndToEnd.baseUri(HekathonAPITestScriptEndToEnd.java:21)
at com.test.tests.HekathonAPITestScriptEndToEnd.baseUri(HekathonAPITestScriptEndToEnd.java:21)
at com.test.tests.HekathonAPITestScriptEndToEnd.baseUri(HekathonAPITestScriptEndToEnd.java:21)
at com.test.tests.HekathonAPITestScriptEndToEnd.baseUri(HekathonAPITestScriptEndToEnd.java:21)
at com.test.tests.HekathonAPITestScriptEndToEnd.baseUri(HekathonAPITestScriptEndToEnd.java:21)
at com.test.tests.HekathonAPITestScriptEndToEnd.baseUri(HekathonAPITestScriptEndToEnd.java:21)
at com.test.tests.HekathonAPITestScriptEndToEnd.baseUri(HekathonAPITestScriptEndToEnd.java:21)
at com.test.tests.HekathonAPITestScriptEndToEnd.baseUri(HekathonAPITestScriptEndToEnd.java:21)
at com.test.tests.HekathonAPITestScriptEndToEnd.baseUri(HekathonAPITestScriptEndToEnd.java:21)
at com.test.tests.HekathonAPITestScriptEndToEnd.baseUri(HekathonAPITestScriptEndToEnd.java:21)
at com.test.tests.HekathonAPITestScriptEndToEnd.baseUri(HekathonAPITestScriptEndToEnd.java:21)
at com.test.tests.HekathonAPITestScriptEndToEnd.baseUri(HekathonAPITestScriptEndToEnd.java:21)
at com.test.tests.HekathonAPITestScriptEndToEnd.baseUri(HekathonAPITestScriptEndToEnd.java:21)
at com.test.tests.HekathonAPITestScriptEndToEnd.baseUri(HekathonAPITestScriptEndToEnd.java:21)
at com.test.tests.HekathonAPITestScriptEndToEnd.baseUri(HekathonAPITestScriptEndToEnd.java:21)
at com.test.tests.HekathonAPITestScriptEndToEnd.baseUri(HekathonAPITestScriptEndToEnd.java:21)
at com.test.tests.HekathonAPITestScriptEndToEnd.baseUri(HekathonAPITestScriptEndToEnd.java:21)
at com.test.tests.HekathonAPITestScriptEndToEnd.baseUri(HekathonAPITestScriptEndToEnd.java:21)
at com.test.tests.HekathonAPITestScriptEndToEnd.baseUri(HekathonAPITestScriptEndToEnd.java:21)
at com.test.tests.HekathonAPITestScriptEndToEnd.baseUri(HekathonAPITestScriptEndToEnd.java:21)
at com.test.tests.HekathonAPITestScriptEndToEnd.baseUri(HekathonAPITestScriptEndToEnd.java:21)
at com.test.tests.HekathonAPITestScriptEndToEnd.baseUri(HekathonAPITestScriptEndToEnd.java:21)
at com.test.tests.HekathonAPITestScriptEndToEnd.baseUri(HekathonAPITestScriptEndToEnd.java:21)
at com.test.tests.HekathonAPITestScriptEndToEnd.baseUri(HekathonAPITestScriptEndToEnd.java:21)
at com.test.tests.HekathonAPITestScriptEndToEnd.baseUri(HekathonAPITestScriptEndToEnd.java:21)
at com.test.tests.HekathonAPITestScriptEndToEnd.baseUri(HekathonAPITestScriptEndToEnd.java:21)
at com.test.tests.HekathonAPITestScriptEndToEnd.baseUri(HekathonAPITestScriptEndToEnd.java:21)
at com.test.tests.HekathonAPITestScriptEndToEnd.baseUri(HekathonAPITestScriptEndToEnd.java:21)
at com.test.tests.HekathonAPITestScriptEndToEnd.baseUri(HekathonAPITestScriptEndToEnd.java:21)
at com.test.tests.HekathonAPITestScriptEndToEnd.baseUri(HekathonAPITestScriptEndToEnd.java:21)
at com.test.tests.HekathonAPITestScriptEndToEnd.baseUri(HekathonAPITestScriptEndToEnd.java:21)
at com.test.tests.HekathonAPITestScriptEndToEnd.baseUri(HekathonAPITestScriptEndToEnd.java:21)
at com.test.tests.HekathonAPITestScriptEndToEnd.baseUri(HekathonAPITestScriptEndToEnd.java:21)
at com.test.tests.HekathonAPITestScriptEndToEnd.baseUri(HekathonAPITestScriptEndToEnd.java:21)
at com.test.tests.HekathonAPITestScriptEndToEnd.baseUri(HekathonAPITestScriptEndToEnd.java:21)
at com.test.tests.HekathonAPITestScriptEndToEnd.baseUri(HekathonAPITestScriptEndToEnd.java:21)
at com.test.tests.HekathonAPITestScriptEndToEnd.baseUri(HekathonAPITestScriptEndToEnd.java:21)
at com.test.tests.HekathonAPITestScriptEndToEnd.baseUri(HekathonAPITestScriptEndToEnd.java:21)
at com.test.tests.HekathonAPITestScriptEndToEnd.baseUri(HekathonAPITestScriptEndToEnd.java:21)
at com.test.tests.HekathonAPITestScriptEndToEnd.baseUri(HekathonAPITestScriptEndToEnd.java:21)
at com.test.tests.HekathonAPITestScriptEndToEnd.baseUri(HekathonAPITestScriptEndToEnd.java:21)
at com.test.tests.HekathonAPITestScriptEndToEnd.baseUri(HekathonAPITestScriptEndToEnd.java:21)
at com.test.tests.HekathonAPITestScriptEndToEnd.baseUri(HekathonAPITestScriptEndToEnd.java:21)
at com.test.tests.HekathonAPITestScriptEndToEnd.baseUri(HekathonAPITestScriptEndToEnd.java:21)
at com.test.tests.HekathonAPITestScriptEndToEnd.baseUri(HekathonAPITestScriptEndToEnd.java:21)
at com.test.tests.HekathonAPITestScriptEndToEnd.baseUri(HekathonAPITestScriptEndToEnd.java:21)
at com.test.tests.HekathonAPITestScriptEndToEnd.baseUri(HekathonAPITestScriptEndToEnd.java:21)
at com.test.tests.HekathonAPITestScriptEndToEnd.baseUri(HekathonAPITestScriptEndToEnd.java:21)
at com.test.tests.HekathonAPITestScriptEndToEnd.baseUri(HekathonAPITestScriptEndToEnd.java:21)
at com.test.tests.HekathonAPITestScriptEndToEnd.baseUri(HekathonAPITestScriptEndToEnd.java:21)
at com.test.tests.HekathonAPITestScriptEndToEnd.baseUri(HekathonAPITestScriptEndToEnd.java:21)
at com.test.tests.HekathonAPITestScriptEndToEnd.baseUri(HekathonAPITestScriptEndToEnd.java:21)
at com.test.tests.HekathonAPITestScriptEndToEnd.baseUri(HekathonAPITestScriptEndToEnd.java:21)
at com.test.tests.HekathonAPITestScriptEndToEnd.baseUri(HekathonAPITestScriptEndToEnd.java:21)
at com.test.tests.HekathonAPITestScriptEndToEnd.baseUri(HekathonAPITestScriptEndToEnd.java:21)
at com.test.tests.HekathonAPITestScriptEndToEnd.baseUri(HekathonAPITestScriptEndToEnd.java:21)
at com.test.tests.HekathonAPITestScriptEndToEnd.baseUri(HekathonAPITestScriptEndToEnd.java:21)
at com.test.tests.HekathonAPITestScriptEndToEnd.baseUri(HekathonAPITestScriptEndToEnd.java:21)
at com.test.tests.HekathonAPITestScriptEndToEnd.baseUri(HekathonAPITestScriptEndToEnd.java:21)
at com.test.tests.HekathonAPITestScriptEndToEnd.baseUri(HekathonAPITestScriptEndToEnd.java:21)
at com.test.tests.HekathonAPITestScriptEndToEnd.baseUri(HekathonAPITestScriptEndToEnd.java:21)
at com.test.tests.HekathonAPITestScriptEndToEnd.baseUri(HekathonAPITestScriptEndToEnd.java:21)
at com.test.tests.HekathonAPITestScriptEndToEnd.baseUri(HekathonAPITestScriptEndToEnd.java:21)
at com.test.tests.HekathonAPITestScriptEndToEnd.baseUri(HekathonAPITestScriptEndToEnd.java:21)
at com.test.tests.HekathonAPITestScriptEndToEnd.baseUri(HekathonAPITestScriptEndToEnd.java:21)
at com.test.tests.HekathonAPITestScriptEndToEnd.baseUri(HekathonAPITestScriptEndToEnd.java:21)
at com.test.tests.HekathonAPITestScriptEndToEnd.baseUri(HekathonAPITestScriptEndToEnd.java:21)
at com.test.tests.HekathonAPITestScriptEndToEnd.baseUri(HekathonAPITestScriptEndToEnd.java:21)
at com.test.tests.HekathonAPITestScriptEndToEnd.baseUri(HekathonAPITestScriptEndToEnd.java:21)
at com.test.tests.HekathonAPITestScriptEndToEnd.baseUri(HekathonAPITestScriptEndToEnd.java:21)
at com.test.tests.HekathonAPITestScriptEndToEnd.baseUri(HekathonAPITestScriptEndToEnd.java:21)
at com.test.tests.HekathonAPITestScriptEndToEnd.baseUri(HekathonAPITestScriptEndToEnd.java:21)
at com.test.tests.HekathonAPITestScriptEndToEnd.baseUri(HekathonAPITestScriptEndToEnd.java:21)
at com.test.tests.HekathonAPITestScriptEndToEnd.baseUri(HekathonAPITestScriptEndToEnd.java:21)
at com.test.tests.HekathonAPITestScriptEndToEnd.baseUri(HekathonAPITestScriptEndToEnd.java:21)
at com.test.tests.HekathonAPITestScriptEndToEnd.baseUri(HekathonAPITestScriptEndToEnd.java:21)
at com.test.tests.HekathonAPITestScriptEndToEnd.baseUri(HekathonAPITestScriptEndToEnd.java:21)
at com.test.tests.HekathonAPITestScriptEndToEnd.baseUri(HekathonAPITestScriptEndToEnd.java:21)
at com.test.tests.HekathonAPITestScriptEndToEnd.baseUri(HekathonAPITestScriptEndToEnd.java:21)
at com.test.tests.HekathonAPITestScriptEndToEnd.baseUri(HekathonAPITestScriptEndToEnd.java:21)
at com.test.tests.HekathonAPITestScriptEndToEnd.baseUri(HekathonAPITestScriptEndToEnd.java:21)
at com.test.tests.HekathonAPITestScriptEndToEnd.baseUri(HekathonAPITestScriptEndToEnd.java:21)
at com.test.tests.HekathonAPITestScriptEndToEnd.baseUri(HekathonAPITestScriptEndToEnd.java:21)
at com.test.tests.HekathonAPITestScriptEndToEnd.baseUri(HekathonAPITestScriptEndToEnd.java:21)
at com.test.tests.HekathonAPITestScriptEndToEnd.baseUri(HekathonAPITestScriptEndToEnd.java:21)
at com.test.tests.HekathonAPITestScriptEndToEnd.baseUri(HekathonAPITestScriptEndToEnd.java:21)
at com.test.tests.HekathonAPITestScriptEndToEnd.baseUri(HekathonAPITestScriptEndToEnd.java:21)
at com.test.tests.HekathonAPITestScriptEndToEnd.baseUri(HekathonAPITestScriptEndToEnd.java:21)
at com.test.tests.HekathonAPITestScriptEndToEnd.baseUri(HekathonAPITestScriptEndToEnd.java:21)
at com.test.tests.HekathonAPITestScriptEndToEnd.baseUri(HekathonAPITestScriptEndToEnd.java:21)
at com.test.tests.HekathonAPITestScriptEndToEnd.baseUri(HekathonAPITestScriptEndToEnd.java:21)
at com.test.tests.HekathonAPITestScriptEndToEnd.baseUri(HekathonAPITestScriptEndToEnd.java:21)
at com.test.tests.HekathonAPITestScriptEndToEnd.baseUri(HekathonAPITestScriptEndToEnd.java:21)
at com.test.tests.HekathonAPITestScriptEndToEnd.baseUri(HekathonAPITestScriptEndToEnd.java:21)
at com.test.tests.HekathonAPITestScriptEndToEnd.baseUri(HekathonAPITestScriptEndToEnd.java:21)
at com.test.tests.HekathonAPITestScriptEndToEnd.baseUri(HekathonAPITestScriptEndToEnd.java:21)
at com.test.tests.HekathonAPITestScriptEndToEnd.baseUri(HekathonAPITestScriptEndToEnd.java:21)
at com.test.tests.HekathonAPITestScriptEndToEnd.baseUri(HekathonAPITestScriptEndToEnd.java:21)
at com.test.tests.HekathonAPITestScriptEndToEnd.baseUri(HekathonAPITestScriptEndToEnd.java:21)
at com.test.tests.HekathonAPITestScriptEndToEnd.baseUri(HekathonAPITestScriptEndToEnd.java:21)
at com.test.tests.HekathonAPITestScriptEndToEnd.baseUri(HekathonAPITestScriptEndToEnd.java:21)
at com.test.tests.HekathonAPITestScriptEndToEnd.baseUri(HekathonAPITestScriptEndToEnd.java:21)
at com.test.tests.HekathonAPITestScriptEndToEnd.baseUri(HekathonAPITestScriptEndToEnd.java:21)
at com.test.tests.HekathonAPITestScriptEndToEnd.baseUri(HekathonAPITestScriptEndToEnd.java:21)
at com.test.tests.HekathonAPITestScriptEndToEnd.baseUri(HekathonAPITestScriptEndToEnd.java:21)
at com.test.tests.HekathonAPITestScriptEndToEnd.baseUri(HekathonAPITestScriptEndToEnd.java:21)
at com.test.tests.HekathonAPITestScriptEndToEnd.baseUri(HekathonAPITestScriptEndToEnd.java:21)
at com.test.tests.HekathonAPITestScriptEndToEnd.baseUri(HekathonAPITestScriptEndToEnd.java:21)
at com.test.tests.HekathonAPITestScriptEndToEnd.baseUri(HekathonAPITestScriptEndToEnd.java:21)
at com.test.tests.HekathonAPITestScriptEndToEnd.baseUri(HekathonAPITestScriptEndToEnd.java:21)
at com.test.tests.HekathonAPITestScriptEndToEnd.baseUri(HekathonAPITestScriptEndToEnd.java:21)
at com.test.tests.HekathonAPITestScriptEndToEnd.baseUri(HekathonAPITestScriptEndToEnd.java:21)
at com.test.tests.HekathonAPITestScriptEndToEnd.baseUri(HekathonAPITestScriptEndToEnd.java:21)
at com.test.tests.HekathonAPITestScriptEndToEnd.baseUri(HekathonAPITestScriptEndToEnd.java:21)
at com.test.tests.HekathonAPITestScriptEndToEnd.baseUri(HekathonAPITestScriptEndToEnd.java:21)
at com.test.tests.HekathonAPITestScriptEndToEnd.baseUri(HekathonAPITestScriptEndToEnd.java:21)
at com.test.tests.HekathonAPITestScriptEndToEnd.baseUri(HekathonAPITestScriptEndToEnd.java:21)
at com.test.tests.HekathonAPITestScriptEndToEnd.baseUri(HekathonAPITestScriptEndToEnd.java:21)
at com.test.tests.HekathonAPITestScriptEndToEnd.baseUri(HekathonAPITestScriptEndToEnd.java:21)
at com.test.tests.HekathonAPITestScriptEndToEnd.baseUri(HekathonAPITestScriptEndToEnd.java:21)
at com.test.tests.HekathonAPITestScriptEndToEnd.baseUri(HekathonAPITestScriptEndToEnd.java:21)
at com.test.tests.HekathonAPITestScriptEndToEnd.baseUri(HekathonAPITestScriptEndToEnd.java:21)
at com.test.tests.HekathonAPITestScriptEndToEnd.baseUri(HekathonAPITestScriptEndToEnd.java:21)
at com.test.tests.HekathonAPITestScriptEndToEnd.baseUri(HekathonAPITestScriptEndToEnd.java:21)
at com.test.tests.HekathonAPITestScriptEndToEnd.baseUri(HekathonAPITestScriptEndToEnd.java:21)
at com.test.tests.HekathonAPITestScriptEndToEnd.baseUri(HekathonAPITestScriptEndToEnd.java:21)
at com.test.tests.HekathonAPITestScriptEndToEnd.baseUri(HekathonAPITestScriptEndToEnd.java:21)
at com.test.tests.HekathonAPITestScriptEndToEnd.baseUri(HekathonAPITestScriptEndToEnd.java:21)
at com.test.tests.HekathonAPITestScriptEndToEnd.baseUri(HekathonAPITestScriptEndToEnd.java:21)
at com.test.tests.HekathonAPITestScriptEndToEnd.baseUri(HekathonAPITestScriptEndToEnd.java:21)
at com.test.tests.HekathonAPITestScriptEndToEnd.baseUri(HekathonAPITestScriptEndToEnd.java:21)
at com.test.tests.HekathonAPITestScriptEndToEnd.baseUri(HekathonAPITestScriptEndToEnd.java:21)
at com.test.tests.HekathonAPITestScriptEndToEnd.baseUri(HekathonAPITestScriptEndToEnd.java:21)
at com.test.tests.HekathonAPITestScriptEndToEnd.baseUri(HekathonAPITestScriptEndToEnd.java:21)
at com.test.tests.HekathonAPITestScriptEndToEnd.baseUri(HekathonAPITestScriptEndToEnd.java:21)
at com.test.tests.HekathonAPITestScriptEndToEnd.baseUri(HekathonAPITestScriptEndToEnd.java:21)
at com.test.tests.HekathonAPITestScriptEndToEnd.baseUri(HekathonAPITestScriptEndToEnd.java:21)
at com.test.tests.HekathonAPITestScriptEndToEnd.baseUri(HekathonAPITestScriptEndToEnd.java:21)
at com.test.tests.HekathonAPITestScriptEndToEnd.baseUri(HekathonAPITestScriptEndToEnd.java:21)
at com.test.tests.HekathonAPITestScriptEndToEnd.baseUri(HekathonAPITestScriptEndToEnd.java:21)
at com.test.tests.HekathonAPITestScriptEndToEnd.baseUri(HekathonAPITestScriptEndToEnd.java:21)
at com.test.tests.HekathonAPITestScriptEndToEnd.baseUri(HekathonAPITestScriptEndToEnd.java:21)
at com.test.tests.HekathonAPITestScriptEndToEnd.baseUri(HekathonAPITestScriptEndToEnd.java:21)
at com.test.tests.HekathonAPITestScriptEndToEnd.baseUri(HekathonAPITestScriptEndToEnd.java:21)
at com.test.tests.HekathonAPITestScriptEndToEnd.baseUri(HekathonAPITestScriptEndToEnd.java:21)
at com.test.tests.HekathonAPITestScriptEndToEnd.baseUri(HekathonAPITestScriptEndToEnd.java:21)
at com.test.tests.HekathonAPITestScriptEndToEnd.baseUri(HekathonAPITestScriptEndToEnd.java:21)
at com.test.tests.HekathonAPITestScriptEndToEnd.baseUri(HekathonAPITestScriptEndToEnd.java:21)
at com.test.tests.HekathonAPITestScriptEndToEnd.baseUri(HekathonAPITestScriptEndToEnd.java:21)
at com.test.tests.HekathonAPITestScriptEndToEnd.baseUri(HekathonAPITestScriptEndToEnd.java:21)
at com.test.tests.HekathonAPITestScriptEndToEnd.baseUri(HekathonAPITestScriptEndToEnd.java:21)
at com.test.tests.HekathonAPITestScriptEndToEnd.baseUri(HekathonAPITestScriptEndToEnd.java:21)
at com.test.tests.HekathonAPITestScriptEndToEnd.baseUri(HekathonAPITestScriptEndToEnd.java:21)
at com.test.tests.HekathonAPITestScriptEndToEnd.baseUri(HekathonAPITestScriptEndToEnd.java:21)
at com.test.tests.HekathonAPITestScriptEndToEnd.baseUri(HekathonAPITestScriptEndToEnd.java:21)
at com.test.tests.HekathonAPITestScriptEndToEnd.baseUri(HekathonAPITestScriptEndToEnd.java:21)
at com.test.tests.HekathonAPITestScriptEndToEnd.baseUri(HekathonAPITestScriptEndToEnd.java:21)
at com.test.tests.HekathonAPITestScriptEndToEnd.baseUri(HekathonAPITestScriptEndToEnd.java:21)
at com.test.tests.HekathonAPITestScriptEndToEnd.baseUri(HekathonAPITestScriptEndToEnd.java:21)
at com.test.tests.HekathonAPITestScriptEndToEnd.baseUri(HekathonAPITestScriptEndToEnd.java:21)
at com.test.tests.HekathonAPITestScriptEndToEnd.baseUri(HekathonAPITestScriptEndToEnd.java:21)
at com.test.tests.HekathonAPITestScriptEndToEnd.baseUri(HekathonAPITestScriptEndToEnd.java:21)
at com.test.tests.HekathonAPITestScriptEndToEnd.baseUri(HekathonAPITestScriptEndToEnd.java:21)
at com.test.tests.HekathonAPITestScriptEndToEnd.baseUri(HekathonAPITestScriptEndToEnd.java:21)
at com.test.tests.HekathonAPITestScriptEndToEnd.baseUri(HekathonAPITestScriptEndToEnd.java:21)
at com.test.tests.HekathonAPITestScriptEndToEnd.baseUri(HekathonAPITestScriptEndToEnd.java:21)
at com.test.tests.HekathonAPITestScriptEndToEnd.baseUri(HekathonAPITestScriptEndToEnd.java:21)
at com.test.tests.HekathonAPITestScriptEndToEnd.baseUri(HekathonAPITestScriptEndToEnd.java:21)
at com.test.tests.HekathonAPITestScriptEndToEnd.baseUri(HekathonAPITestScriptEndToEnd.java:21)
at com.test.tests.HekathonAPITestScriptEndToEnd.baseUri(HekathonAPITestScriptEndToEnd.java:21)
at com.test.tests.HekathonAPITestScriptEndToEnd.baseUri(HekathonAPITestScriptEndToEnd.java:21)
at com.test.tests.HekathonAPITestScriptEndToEnd.baseUri(HekathonAPITestScriptEndToEnd.java:21)
at com.test.tests.HekathonAPITestScriptEndToEnd.baseUri(HekathonAPITestScriptEndToEnd.java:21)
at com.test.tests.HekathonAPITestScriptEndToEnd.baseUri(HekathonAPITestScriptEndToEnd.java:21)
at com.test.tests.HekathonAPITestScriptEndToEnd.baseUri(HekathonAPITestScriptEndToEnd.java:21)
at com.test.tests.HekathonAPITestScriptEndToEnd.baseUri(HekathonAPITestScriptEndToEnd.java:21)
at com.test.tests.HekathonAPITestScriptEndToEnd.baseUri(HekathonAPITestScriptEndToEnd.java:21)
at com.test.tests.HekathonAPITestScriptEndToEnd.baseUri(HekathonAPITestScriptEndToEnd.java:21)
at com.test.tests.HekathonAPITestScriptEndToEnd.baseUri(HekathonAPITestScriptEndToEnd.java:21)
at com.test.tests.HekathonAPITestScriptEndToEnd.baseUri(HekathonAPITestScriptEndToEnd.java:21)
at com.test.tests.HekathonAPITestScriptEndToEnd.baseUri(HekathonAPITestScriptEndToEnd.java:21)
at com.test.tests.HekathonAPITestScriptEndToEnd.baseUri(HekathonAPITestScriptEndToEnd.java:21)
at com.test.tests.HekathonAPITestScriptEndToEnd.baseUri(HekathonAPITestScriptEndToEnd.java:21)
at com.test.tests.HekathonAPITestScriptEndToEnd.baseUri(HekathonAPITestScriptEndToEnd.java:21)
at com.test.tests.HekathonAPITestScriptEndToEnd.baseUri(HekathonAPITestScriptEndToEnd.java:21)
at com.test.tests.HekathonAPITestScriptEndToEnd.baseUri(HekathonAPITestScriptEndToEnd.java:21)
at com.test.tests.HekathonAPITestScriptEndToEnd.baseUri(HekathonAPITestScriptEndToEnd.java:21)
at com.test.tests.HekathonAPITestScriptEndToEnd.baseUri(HekathonAPITestScriptEndToEnd.java:21)
at com.test.tests.HekathonAPITestScriptEndToEnd.baseUri(HekathonAPITestScriptEndToEnd.java:21)
at com.test.tests.HekathonAPITestScriptEndToEnd.baseUri(HekathonAPITestScriptEndToEnd.java:21)
at com.test.tests.HekathonAPITestScriptEndToEnd.baseUri(HekathonAPITestScriptEndToEnd.java:21)
at com.test.tests.HekathonAPITestScriptEndToEnd.baseUri(HekathonAPITestScriptEndToEnd.java:21)
at com.test.tests.HekathonAPITestScriptEndToEnd.baseUri(HekathonAPITestScriptEndToEnd.java:21)
at com.test.tests.HekathonAPITestScriptEndToEnd.baseUri(HekathonAPITestScriptEndToEnd.java:21)
at com.test.tests.HekathonAPITestScriptEndToEnd.baseUri(HekathonAPITestScriptEndToEnd.java:21)
at com.test.tests.HekathonAPITestScriptEndToEnd.baseUri(HekathonAPITestScriptEndToEnd.java:21)
at com.test.tests.HekathonAPITestScriptEndToEnd.baseUri(HekathonAPITestScriptEndToEnd.java:21)
at com.test.tests.HekathonAPITestScriptEndToEnd.baseUri(HekathonAPITestScriptEndToEnd.java:21)
at com.test.tests.HekathonAPITestScriptEndToEnd.baseUri(HekathonAPITestScriptEndToEnd.java:21)
at com.test.tests.HekathonAPITestScriptEndToEnd.baseUri(HekathonAPITestScriptEndToEnd.java:21)
at com.test.tests.HekathonAPITestScriptEndToEnd.baseUri(HekathonAPITestScriptEndToEnd.java:21)
at com.test.tests.HekathonAPITestScriptEndToEnd.baseUri(HekathonAPITestScriptEndToEnd.java:21)
at com.test.tests.HekathonAPITestScriptEndToEnd.baseUri(HekathonAPITestScriptEndToEnd.java:21)
at com.test.tests.HekathonAPITestScriptEndToEnd.baseUri(HekathonAPITestScriptEndToEnd.java:21)
at com.test.tests.HekathonAPITestScriptEndToEnd.baseUri(HekathonAPITestScriptEndToEnd.java:21)
at com.test.tests.HekathonAPITestScriptEndToEnd.baseUri(HekathonAPITestScriptEndToEnd.java:21)
at com.test.tests.HekathonAPITestScriptEndToEnd.baseUri(HekathonAPITestScriptEndToEnd.java:21)
at com.test.tests.HekathonAPITestScriptEndToEnd.baseUri(HekathonAPITestScriptEndToEnd.java:21)
at com.test.tests.HekathonAPITestScriptEndToEnd.baseUri(HekathonAPITestScriptEndToEnd.java:21)
at com.test.tests.HekathonAPITestScriptEndToEnd.baseUri(HekathonAPITestScriptEndToEnd.java:21)
at com.test.tests.HekathonAPITestScriptEndToEnd.baseUri(HekathonAPITestScriptEndToEnd.java:21)
at com.test.tests.HekathonAPITestScriptEndToEnd.baseUri(HekathonAPITestScriptEndToEnd.java:21)
at com.test.tests.HekathonAPITestScriptEndToEnd.baseUri(HekathonAPITestScriptEndToEnd.java:21)
at com.test.tests.HekathonAPITestScriptEndToEnd.baseUri(HekathonAPITestScriptEndToEnd.java:21)
at com.test.tests.HekathonAPITestScriptEndToEnd.baseUri(HekathonAPITestScriptEndToEnd.java:21)
at com.test.tests.HekathonAPITestScriptEndToEnd.baseUri(HekathonAPITestScriptEndToEnd.java:21)
at com.test.tests.HekathonAPITestScriptEndToEnd.baseUri(HekathonAPITestScriptEndToEnd.java:21)
at com.test.tests.HekathonAPITestScriptEndToEnd.baseUri(HekathonAPITestScriptEndToEnd.java:21)
at com.test.tests.HekathonAPITestScriptEndToEnd.baseUri(HekathonAPITestScriptEndToEnd.java:21)
at com.test.tests.HekathonAPITestScriptEndToEnd.baseUri(HekathonAPITestScriptEndToEnd.java:21)
at com.test.tests.HekathonAPITestScriptEndToEnd.baseUri(HekathonAPITestScriptEndToEnd.java:21)
at com.test.tests.HekathonAPITestScriptEndToEnd.baseUri(HekathonAPITestScriptEndToEnd.java:21)
at com.test.tests.HekathonAPITestScriptEndToEnd.baseUri(HekathonAPITestScriptEndToEnd.java:21)
at com.test.tests.HekathonAPITestScriptEndToEnd.baseUri(HekathonAPITestScriptEndToEnd.java:21)
at com.test.tests.HekathonAPITestScriptEndToEnd.baseUri(HekathonAPITestScriptEndToEnd.java:21)
at com.test.tests.HekathonAPITestScriptEndToEnd.baseUri(HekathonAPITestScriptEndToEnd.java:21)
at com.test.tests.HekathonAPITestScriptEndToEnd.baseUri(HekathonAPITestScriptEndToEnd.java:21)
at com.test.tests.HekathonAPITestScriptEndToEnd.baseUri(HekathonAPITestScriptEndToEnd.java:21)
at com.test.tests.HekathonAPITestScriptEndToEnd.baseUri(HekathonAPITestScriptEndToEnd.java:21)
at com.test.tests.HekathonAPITestScriptEndToEnd.baseUri(HekathonAPITestScriptEndToEnd.java:21)
at com.test.tests.HekathonAPITestScriptEndToEnd.baseUri(HekathonAPITestScriptEndToEnd.java:21)
at com.test.tests.HekathonAPITestScriptEndToEnd.baseUri(HekathonAPITestScriptEndToEnd.java:21)
at com.test.tests.HekathonAPITestScriptEndToEnd.baseUri(HekathonAPITestScriptEndToEnd.java:21)
at com.test.tests.HekathonAPITestScriptEndToEnd.baseUri(HekathonAPITestScriptEndToEnd.java:21)
at com.test.tests.HekathonAPITestScriptEndToEnd.baseUri(HekathonAPITestScriptEndToEnd.java:21)
at com.test.tests.HekathonAPITestScriptEndToEnd.baseUri(HekathonAPITestScriptEndToEnd.java:21)
at com.test.tests.HekathonAPITestScriptEndToEnd.baseUri(HekathonAPITestScriptEndToEnd.java:21)
at com.test.tests.HekathonAPITestScriptEndToEnd.baseUri(HekathonAPITestScriptEndToEnd.java:21)
at com.test.tests.HekathonAPITestScriptEndToEnd.baseUri(HekathonAPITestScriptEndToEnd.java:21)
at com.test.tests.HekathonAPITestScriptEndToEnd.baseUri(HekathonAPITestScriptEndToEnd.java:21)
at com.test.tests.HekathonAPITestScriptEndToEnd.baseUri(HekathonAPITestScriptEndToEnd.java:21)
at com.test.tests.HekathonAPITestScriptEndToEnd.baseUri(HekathonAPITestScriptEndToEnd.java:21)
at com.test.tests.HekathonAPITestScriptEndToEnd.baseUri(HekathonAPITestScriptEndToEnd.java:21)
at com.test.tests.HekathonAPITestScriptEndToEnd.baseUri(HekathonAPITestScriptEndToEnd.java:21)
at com.test.tests.HekathonAPITestScriptEndToEnd.baseUri(HekathonAPITestScriptEndToEnd.java:21)
at com.test.tests.HekathonAPITestScriptEndToEnd.baseUri(HekathonAPITestScriptEndToEnd.java:21)
at com.test.tests.HekathonAPITestScriptEndToEnd.baseUri(HekathonAPITestScriptEndToEnd.java:21)
at com.test.tests.HekathonAPITestScriptEndToEnd.baseUri(HekathonAPITestScriptEndToEnd.java:21)
at com.test.tests.HekathonAPITestScriptEndToEnd.baseUri(HekathonAPITestScriptEndToEnd.java:21)
at com.test.tests.HekathonAPITestScriptEndToEnd.baseUri(HekathonAPITestScriptEndToEnd.java:21)
at com.test.tests.HekathonAPITestScriptEndToEnd.baseUri(HekathonAPITestScriptEndToEnd.java:21)
at com.test.tests.HekathonAPITestScriptEndToEnd.baseUri(HekathonAPITestScriptEndToEnd.java:21)
at com.test.tests.HekathonAPITestScriptEndToEnd.baseUri(HekathonAPITestScriptEndToEnd.java:21)
at com.test.tests.HekathonAPITestScriptEndToEnd.baseUri(HekathonAPITestScriptEndToEnd.java:21)
at com.test.tests.HekathonAPITestScriptEndToEnd.baseUri(HekathonAPITestScriptEndToEnd.java:21)
at com.test.tests.HekathonAPITestScriptEndToEnd.baseUri(HekathonAPITestScriptEndToEnd.java:21)
at com.test.tests.HekathonAPITestScriptEndToEnd.baseUri(HekathonAPITestScriptEndToEnd.java:21)
at com.test.tests.HekathonAPITestScriptEndToEnd.baseUri(HekathonAPITestScriptEndToEnd.java:21)
at com.test.tests.HekathonAPITestScriptEndToEnd.baseUri(HekathonAPITestScriptEndToEnd.java:21)
at com.test.tests.HekathonAPITestScriptEndToEnd.baseUri(HekathonAPITestScriptEndToEnd.java:21)
at com.test.tests.HekathonAPITestScriptEndToEnd.baseUri(HekathonAPITestScriptEndToEnd.java:21)
at com.test.tests.HekathonAPITestScriptEndToEnd.baseUri(HekathonAPITestScriptEndToEnd.java:21)
at com.test.tests.HekathonAPITestScriptEndToEnd.baseUri(HekathonAPITestScriptEndToEnd.java:21)
at com.test.tests.HekathonAPITestScriptEndToEnd.baseUri(HekathonAPITestScriptEndToEnd.java:21)
at com.test.tests.HekathonAPITestScriptEndToEnd.baseUri(HekathonAPITestScriptEndToEnd.java:21)
at com.test.tests.HekathonAPITestScriptEndToEnd.baseUri(HekathonAPITestScriptEndToEnd.java:21)
at com.test.tests.HekathonAPITestScriptEndToEnd.baseUri(HekathonAPITestScriptEndToEnd.java:21)
at com.test.tests.HekathonAPITestScriptEndToEnd.baseUri(HekathonAPITestScriptEndToEnd.java:21)
at com.test.tests.HekathonAPITestScriptEndToEnd.baseUri(HekathonAPITestScriptEndToEnd.java:21)
at com.test.tests.HekathonAPITestScriptEndToEnd.baseUri(HekathonAPITestScriptEndToEnd.java:21)
at com.test.tests.HekathonAPITestScriptEndToEnd.baseUri(HekathonAPITestScriptEndToEnd.java:21)
at com.test.tests.HekathonAPITestScriptEndToEnd.baseUri(HekathonAPITestScriptEndToEnd.java:21)
at com.test.tests.HekathonAPITestScriptEndToEnd.baseUri(HekathonAPITestScriptEndToEnd.java:21)
at com.test.tests.HekathonAPITestScriptEndToEnd.baseUri(HekathonAPITestScriptEndToEnd.java:21)
at com.test.tests.HekathonAPITestScriptEndToEnd.baseUri(HekathonAPITestScriptEndToEnd.java:21)
at com.test.tests.HekathonAPITestScriptEndToEnd.baseUri(HekathonAPITestScriptEndToEnd.java:21)
at com.test.tests.HekathonAPITestScriptEndToEnd.baseUri(HekathonAPITestScriptEndToEnd.java:21)
at com.test.tests.HekathonAPITestScriptEndToEnd.baseUri(HekathonAPITestScriptEndToEnd.java:21)
at com.test.tests.HekathonAPITestScriptEndToEnd.baseUri(HekathonAPITestScriptEndToEnd.java:21)
at com.test.tests.HekathonAPITestScriptEndToEnd.baseUri(HekathonAPITestScriptEndToEnd.java:21)
at com.test.tests.HekathonAPITestScriptEndToEnd.baseUri(HekathonAPITestScriptEndToEnd.java:21)
at com.test.tests.HekathonAPITestScriptEndToEnd.baseUri(HekathonAPITestScriptEndToEnd.java:21)
at com.test.tests.HekathonAPITestScriptEndToEnd.baseUri(HekathonAPITestScriptEndToEnd.java:21)
at com.test.tests.HekathonAPITestScriptEndToEnd.baseUri(HekathonAPITestScriptEndToEnd.java:21)
at com.test.tests.HekathonAPITestScriptEndToEnd.baseUri(HekathonAPITestScriptEndToEnd.java:21)
at com.test.tests.HekathonAPITestScriptEndToEnd.baseUri(HekathonAPITestScriptEndToEnd.java:21)
at com.test.tests.HekathonAPITestScriptEndToEnd.baseUri(HekathonAPITestScriptEndToEnd.java:21)
at com.test.tests.HekathonAPITestScriptEndToEnd.baseUri(HekathonAPITestScriptEndToEnd.java:21)
at com.test.tests.HekathonAPITestScriptEndToEnd.baseUri(HekathonAPITestScriptEndToEnd.java:21)
at com.test.tests.HekathonAPITestScriptEndToEnd.baseUri(HekathonAPITestScriptEndToEnd.java:21)
at com.test.tests.HekathonAPITestScriptEndToEnd.baseUri(HekathonAPITestScriptEndToEnd.java:21)
at com.test.tests.HekathonAPITestScriptEndToEnd.baseUri(HekathonAPITestScriptEndToEnd.java:21)
at com.test.tests.HekathonAPITestScriptEndToEnd.baseUri(HekathonAPITestScriptEndToEnd.java:21)
at com.test.tests.HekathonAPITestScriptEndToEnd.baseUri(HekathonAPITestScriptEndToEnd.java:21)
at com.test.tests.HekathonAPITestScriptEndToEnd.baseUri(HekathonAPITestScriptEndToEnd.java:21)
at com.test.tests.HekathonAPITestScriptEndToEnd.baseUri(HekathonAPITestScriptEndToEnd.java:21)
at com.test.tests.HekathonAPITestScriptEndToEnd.baseUri(HekathonAPITestScriptEndToEnd.java:21)
at com.test.tests.HekathonAPITestScriptEndToEnd.baseUri(HekathonAPITestScriptEndToEnd.java:21)
at com.test.tests.HekathonAPITestScriptEndToEnd.baseUri(HekathonAPITestScriptEndToEnd.java:21)
at com.test.tests.HekathonAPITestScriptEndToEnd.baseUri(HekathonAPITestScriptEndToEnd.java:21)
at com.test.tests.HekathonAPITestScriptEndToEnd.baseUri(HekathonAPITestScriptEndToEnd.java:21)
at com.test.tests.HekathonAPITestScriptEndToEnd.baseUri(HekathonAPITestScriptEndToEnd.java:21)
at com.test.tests.HekathonAPITestScriptEndToEnd.baseUri(HekathonAPITestScriptEndToEnd.java:21)
at com.test.tests.HekathonAPITestScriptEndToEnd.baseUri(HekathonAPITestScriptEndToEnd.java:21)
at com.test.tests.HekathonAPITestScriptEndToEnd.baseUri(HekathonAPITestScriptEndToEnd.java:21)
at com.test.tests.HekathonAPITestScriptEndToEnd.baseUri(HekathonAPITestScriptEndToEnd.java:21)
at com.test.tests.HekathonAPITestScriptEndToEnd.baseUri(HekathonAPITestScriptEndToEnd.java:21)
at com.test.tests.HekathonAPITestScriptEndToEnd.baseUri(HekathonAPITestScriptEndToEnd.java:21)
at com.test.tests.HekathonAPITestScriptEndToEnd.baseUri(HekathonAPITestScriptEndToEnd.java:21)
at com.test.tests.HekathonAPITestScriptEndToEnd.baseUri(HekathonAPITestScriptEndToEnd.java:21)
at com.test.tests.HekathonAPITestScriptEndToEnd.baseUri(HekathonAPITestScriptEndToEnd.java:21)
at com.test.tests.HekathonAPITestScriptEndToEnd.baseUri(HekathonAPITestScriptEndToEnd.java:21)
at com.test.tests.HekathonAPITestScriptEndToEnd.baseUri(HekathonAPITestScriptEndToEnd.java:21)
at com.test.tests.HekathonAPITestScriptEndToEnd.baseUri(HekathonAPITestScriptEndToEnd.java:21)
at com.test.tests.HekathonAPITestScriptEndToEnd.baseUri(HekathonAPITestScriptEndToEnd.java:21)
at com.test.tests.HekathonAPITestScriptEndToEnd.baseUri(HekathonAPITestScriptEndToEnd.java:21)
at com.test.tests.HekathonAPITestScriptEndToEnd.baseUri(HekathonAPITestScriptEndToEnd.java:21)
at com.test.tests.HekathonAPITestScriptEndToEnd.baseUri(HekathonAPITestScriptEndToEnd.java:21)
at com.test.tests.HekathonAPITestScriptEndToEnd.baseUri(HekathonAPITestScriptEndToEnd.java:21)
at com.test.tests.HekathonAPITestScriptEndToEnd.baseUri(HekathonAPITestScriptEndToEnd.java:21)
at com.test.tests.HekathonAPITestScriptEndToEnd.baseUri(HekathonAPITestScriptEndToEnd.java:21)
at com.test.tests.HekathonAPITestScriptEndToEnd.baseUri(HekathonAPITestScriptEndToEnd.java:21)
at com.test.tests.HekathonAPITestScriptEndToEnd.baseUri(HekathonAPITestScriptEndToEnd.java:21)
at com.test.tests.HekathonAPITestScriptEndToEnd.baseUri(HekathonAPITestScriptEndToEnd.java:21)
at com.test.tests.HekathonAPITestScriptEndToEnd.baseUri(HekathonAPITestScriptEndToEnd.java:21)
at com.test.tests.HekathonAPITestScriptEndToEnd.baseUri(HekathonAPITestScriptEndToEnd.java:21)
at com.test.tests.HekathonAPITestScriptEndToEnd.baseUri(HekathonAPITestScriptEndToEnd.java:21)
at com.test.tests.HekathonAPITestScriptEndToEnd.baseUri(HekathonAPITestScriptEndToEnd.java:21)
at com.test.tests.HekathonAPITestScriptEndToEnd.baseUri(HekathonAPITestScriptEndToEnd.java:21)
at com.test.tests.HekathonAPITestScriptEndToEnd.baseUri(HekathonAPITestScriptEndToEnd.java:21)
at com.test.tests.HekathonAPITestScriptEndToEnd.baseUri(HekathonAPITestScriptEndToEnd.java:21)
at com.test.tests.HekathonAPITestScriptEndToEnd.baseUri(HekathonAPITestScriptEndToEnd.java:21)
at com.test.tests.HekathonAPITestScriptEndToEnd.baseUri(HekathonAPITestScriptEndToEnd.java:21)
at com.test.tests.HekathonAPITestScriptEndToEnd.baseUri(HekathonAPITestScriptEndToEnd.java:21)
at com.test.tests.HekathonAPITestScriptEndToEnd.baseUri(HekathonAPITestScriptEndToEnd.java:21)
at com.test.tests.HekathonAPITestScriptEndToEnd.baseUri(HekathonAPITestScriptEndToEnd.java:21)
at com.test.tests.HekathonAPITestScriptEndToEnd.baseUri(HekathonAPITestScriptEndToEnd.java:21)
at com.test.tests.HekathonAPITestScriptEndToEnd.baseUri(HekathonAPITestScriptEndToEnd.java:21)
at com.test.tests.HekathonAPITestScriptEndToEnd.baseUri(HekathonAPITestScriptEndToEnd.java:21)
at com.test.tests.HekathonAPITestScriptEndToEnd.baseUri(HekathonAPITestScriptEndToEnd.java:21)
at com.test.tests.HekathonAPITestScriptEndToEnd.baseUri(HekathonAPITestScriptEndToEnd.java:21)
at com.test.tests.HekathonAPITestScriptEndToEnd.baseUri(HekathonAPITestScriptEndToEnd.java:21)
at com.test.tests.HekathonAPITestScriptEndToEnd.baseUri(HekathonAPITestScriptEndToEnd.java:21)
at com.test.tests.HekathonAPITestScriptEndToEnd.baseUri(HekathonAPITestScriptEndToEnd.java:21)
at com.test.tests.HekathonAPITestScriptEndToEnd.baseUri(HekathonAPITestScriptEndToEnd.java:21)
at com.test.tests.HekathonAPITestScriptEndToEnd.baseUri(HekathonAPITestScriptEndToEnd.java:21)
at com.test.tests.HekathonAPITestScriptEndToEnd.baseUri(HekathonAPITestScriptEndToEnd.java:21)
at com.test.tests.HekathonAPITestScriptEndToEnd.baseUri(HekathonAPITestScriptEndToEnd.java:21)
at com.test.tests.HekathonAPITestScriptEndToEnd.baseUri(HekathonAPITestScriptEndToEnd.java:21)
at com.test.tests.HekathonAPITestScriptEndToEnd.baseUri(HekathonAPITestScriptEndToEnd.java:21)
at com.test.tests.HekathonAPITestScriptEndToEnd.baseUri(HekathonAPITestScriptEndToEnd.java:21)
at com.test.tests.HekathonAPITestScriptEndToEnd.baseUri(HekathonAPITestScriptEndToEnd.java:21)
at com.test.tests.HekathonAPITestScriptEndToEnd.baseUri(HekathonAPITestScriptEndToEnd.java:21)
at com.test.tests.HekathonAPITestScriptEndToEnd.baseUri(HekathonAPITestScriptEndToEnd.java:21)
at com.test.tests.HekathonAPITestScriptEndToEnd.baseUri(HekathonAPITestScriptEndToEnd.java:21)
at com.test.tests.HekathonAPITestScriptEndToEnd.baseUri(HekathonAPITestScriptEndToEnd.java:21)
at com.test.tests.HekathonAPITestScriptEndToEnd.baseUri(HekathonAPITestScriptEndToEnd.java:21)
at com.test.tests.HekathonAPITestScriptEndToEnd.baseUri(HekathonAPITestScriptEndToEnd.java:21)
at com.test.tests.HekathonAPITestScriptEndToEnd.baseUri(HekathonAPITestScriptEndToEnd.java:21)
at com.test.tests.HekathonAPITestScriptEndToEnd.baseUri(HekathonAPITestScriptEndToEnd.java:21)
at com.test.tests.HekathonAPITestScriptEndToEnd.baseUri(HekathonAPITestScriptEndToEnd.java:21)
at com.test.tests.HekathonAPITestScriptEndToEnd.baseUri(HekathonAPITestScriptEndToEnd.java:21)
at com.test.tests.HekathonAPITestScriptEndToEnd.baseUri(HekathonAPITestScriptEndToEnd.java:21)
at com.test.tests.HekathonAPITestScriptEndToEnd.baseUri(HekathonAPITestScriptEndToEnd.java:21)
at com.test.tests.HekathonAPITestScriptEndToEnd.baseUri(HekathonAPITestScriptEndToEnd.java:21)
at com.test.tests.HekathonAPITestScriptEndToEnd.baseUri(HekathonAPITestScriptEndToEnd.java:21)
at com.test.tests.HekathonAPITestScriptEndToEnd.baseUri(HekathonAPITestScriptEndToEnd.java:21)
at com.test.tests.HekathonAPITestScriptEndToEnd.baseUri(HekathonAPITestScriptEndToEnd.java:21)
at com.test.tests.HekathonAPITestScriptEndToEnd.baseUri(HekathonAPITestScriptEndToEnd.java:21)
at com.test.tests.HekathonAPITestScriptEndToEnd.baseUri(HekathonAPITestScriptEndToEnd.java:21)
at com.test.tests.HekathonAPITestScriptEndToEnd.baseUri(HekathonAPITestScriptEndToEnd.java:21)
at com.test.tests.HekathonAPITestScriptEndToEnd.baseUri(HekathonAPITestScriptEndToEnd.java:21)
at com.test.tests.HekathonAPITestScriptEndToEnd.baseUri(HekathonAPITestScriptEndToEnd.java:21)
at com.test.tests.HekathonAPITestScriptEndToEnd.baseUri(HekathonAPITestScriptEndToEnd.java:21)
at com.test.tests.HekathonAPITestScriptEndToEnd.baseUri(HekathonAPITestScriptEndToEnd.java:21)
at com.test.tests.HekathonAPITestScriptEndToEnd.baseUri(HekathonAPITestScriptEndToEnd.java:21)
at com.test.tests.HekathonAPITestScriptEndToEnd.baseUri(HekathonAPITestScriptEndToEnd.java:21)
at com.test.tests.HekathonAPITestScriptEndToEnd.baseUri(HekathonAPITestScriptEndToEnd.java:21)
at com.test.tests.HekathonAPITestScriptEndToEnd.baseUri(HekathonAPITestScriptEndToEnd.java:21)
at com.test.tests.HekathonAPITestScriptEndToEnd.baseUri(HekathonAPITestScriptEndToEnd.java:21)
at com.test.tests.HekathonAPITestScriptEndToEnd.baseUri(HekathonAPITestScriptEndToEnd.java:21)
at com.test.tests.HekathonAPITestScriptEndToEnd.baseUri(HekathonAPITestScriptEndToEnd.java:21)
at com.test.tests.HekathonAPITestScriptEndToEnd.baseUri(HekathonAPITestScriptEndToEnd.java:21)
at com.test.tests.HekathonAPITestScriptEndToEnd.baseUri(HekathonAPITestScriptEndToEnd.java:21)
at com.test.tests.HekathonAPITestScriptEndToEnd.baseUri(HekathonAPITestScriptEndToEnd.java:21)
at com.test.tests.HekathonAPITestScriptEndToEnd.baseUri(HekathonAPITestScriptEndToEnd.java:21)
at com.test.tests.HekathonAPITestScriptEndToEnd.baseUri(HekathonAPITestScriptEndToEnd.java:21)
at com.test.tests.HekathonAPITestScriptEndToEnd.baseUri(HekathonAPITestScriptEndToEnd.java:21)
at com.test.tests.HekathonAPITestScriptEndToEnd.baseUri(HekathonAPITestScriptEndToEnd.java:21)
at com.test.tests.HekathonAPITestScriptEndToEnd.baseUri(HekathonAPITestScriptEndToEnd.java:21)
at com.test.tests.HekathonAPITestScriptEndToEnd.baseUri(HekathonAPITestScriptEndToEnd.java:21)
at com.test.tests.HekathonAPITestScriptEndToEnd.baseUri(HekathonAPITestScriptEndToEnd.java:21)
at com.test.tests.HekathonAPITestScriptEndToEnd.baseUri(HekathonAPITestScriptEndToEnd.java:21)
at com.test.tests.HekathonAPITestScriptEndToEnd.baseUri(HekathonAPITestScriptEndToEnd.java:21)
at com.test.tests.HekathonAPITestScriptEndToEnd.baseUri(HekathonAPITestScriptEndToEnd.java:21)
at com.test.tests.HekathonAPITestScriptEndToEnd.baseUri(HekathonAPITestScriptEndToEnd.java:21)
at com.test.tests.HekathonAPITestScriptEndToEnd.baseUri(HekathonAPITestScriptEndToEnd.java:21)
at com.test.tests.HekathonAPITestScriptEndToEnd.baseUri(HekathonAPITestScriptEndToEnd.java:21)
at com.test.tests.HekathonAPITestScriptEndToEnd.baseUri(HekathonAPITestScriptEndToEnd.java:21)
at com.test.tests.HekathonAPITestScriptEndToEnd.baseUri(HekathonAPITestScriptEndToEnd.java:21)
at com.test.tests.HekathonAPITestScriptEndToEnd.baseUri(HekathonAPITestScriptEndToEnd.java:21)
at com.test.tests.HekathonAPITestScriptEndToEnd.baseUri(HekathonAPITestScriptEndToEnd.java:21)
at com.test.tests.HekathonAPITestScriptEndToEnd.baseUri(HekathonAPITestScriptEndToEnd.java:21)
at com.test.tests.HekathonAPITestScriptEndToEnd.baseUri(HekathonAPITestScriptEndToEnd.java:21)
at com.test.tests.HekathonAPITestScriptEndToEnd.baseUri(HekathonAPITestScriptEndToEnd.java:21)
at com.test.tests.HekathonAPITestScriptEndToEnd.baseUri(HekathonAPITestScriptEndToEnd.java:21)
at com.test.tests.HekathonAPITestScriptEndToEnd.baseUri(HekathonAPITestScriptEndToEnd.java:21)
at com.test.tests.HekathonAPITestScriptEndToEnd.baseUri(HekathonAPITestScriptEndToEnd.java:21)
at com.test.tests.HekathonAPITestScriptEndToEnd.baseUri(HekathonAPITestScriptEndToEnd.java:21)
at com.test.tests.HekathonAPITestScriptEndToEnd.baseUri(HekathonAPITestScriptEndToEnd.java:21)
at com.test.tests.HekathonAPITestScriptEndToEnd.baseUri(HekathonAPITestScriptEndToEnd.java:21)
at com.test.tests.HekathonAPITestScriptEndToEnd.baseUri(HekathonAPITestScriptEndToEnd.java:21)
at com.test.tests.HekathonAPITestScriptEndToEnd.baseUri(HekathonAPITestScriptEndToEnd.java:21)
at com.test.tests.HekathonAPITestScriptEndToEnd.baseUri(HekathonAPITestScriptEndToEnd.java:21)
at com.test.tests.HekathonAPITestScriptEndToEnd.baseUri(HekathonAPITestScriptEndToEnd.java:21)
at com.test.tests.HekathonAPITestScriptEndToEnd.baseUri(HekathonAPITestScriptEndToEnd.java:21)
at com.test.tests.HekathonAPITestScriptEndToEnd.baseUri(HekathonAPITestScriptEndToEnd.java:21)
at com.test.tests.HekathonAPITestScriptEndToEnd.baseUri(HekathonAPITestScriptEndToEnd.java:21)
at com.test.tests.HekathonAPITestScriptEndToEnd.baseUri(HekathonAPITestScriptEndToEnd.java:21)
at com.test.tests.HekathonAPITestScriptEndToEnd.baseUri(HekathonAPITestScriptEndToEnd.java:21)
at com.test.tests.HekathonAPITestScriptEndToEnd.baseUri(HekathonAPITestScriptEndToEnd.java:21)
at com.test.tests.HekathonAPITestScriptEndToEnd.baseUri(HekathonAPITestScriptEndToEnd.java:21)
at com.test.tests.HekathonAPITestScriptEndToEnd.baseUri(HekathonAPITestScriptEndToEnd.java:21)
at com.test.tests.HekathonAPITestScriptEndToEnd.baseUri(HekathonAPITestScriptEndToEnd.java:21)
at com.test.tests.HekathonAPITestScriptEndToEnd.baseUri(HekathonAPITestScriptEndToEnd.java:21)
at com.test.tests.HekathonAPITestScriptEndToEnd.baseUri(HekathonAPITestScriptEndToEnd.java:21)
at com.test.tests.HekathonAPITestScriptEndToEnd.baseUri(HekathonAPITestScriptEndToEnd.java:21)
at com.test.tests.HekathonAPITestScriptEndToEnd.baseUri(HekathonAPITestScriptEndToEnd.java:21)
at com.test.tests.HekathonAPITestScriptEndToEnd.baseUri(HekathonAPITestScriptEndToEnd.java:21)
at com.test.tests.HekathonAPITestScriptEndToEnd.baseUri(HekathonAPITestScriptEndToEnd.java:21)
at com.test.tests.HekathonAPITestScriptEndToEnd.baseUri(HekathonAPITestScriptEndToEnd.java:21)
at com.test.tests.HekathonAPITestScriptEndToEnd.baseUri(HekathonAPITestScriptEndToEnd.java:21)
at com.test.tests.HekathonAPITestScriptEndToEnd.baseUri(HekathonAPITestScriptEndToEnd.java:21)
at com.test.tests.HekathonAPITestScriptEndToEnd.baseUri(HekathonAPITestScriptEndToEnd.java:21)
at com.test.tests.HekathonAPITestScriptEndToEnd.baseUri(HekathonAPITestScriptEndToEnd.java:21)
at com.test.tests.HekathonAPITestScriptEndToEnd.baseUri(HekathonAPITestScriptEndToEnd.java:21)
at com.test.tests.HekathonAPITestScriptEndToEnd.baseUri(HekathonAPITestScriptEndToEnd.java:21)
at com.test.tests.HekathonAPITestScriptEndToEnd.baseUri(HekathonAPITestScriptEndToEnd.java:21)
at com.test.tests.HekathonAPITestScriptEndToEnd.baseUri(HekathonAPITestScriptEndToEnd.java:21)
at com.test.tests.HekathonAPITestScriptEndToEnd.baseUri(HekathonAPITestScriptEndToEnd.java:21)
at com.test.tests.HekathonAPITestScriptEndToEnd.baseUri(HekathonAPITestScriptEndToEnd.java:21)
at com.test.tests.HekathonAPITestScriptEndToEnd.baseUri(HekathonAPITestScriptEndToEnd.java:21)
at com.test.tests.HekathonAPITestScriptEndToEnd.baseUri(HekathonAPITestScriptEndToEnd.java:21)
at com.test.tests.HekathonAPITestScriptEndToEnd.baseUri(HekathonAPITestScriptEndToEnd.java:21)
at com.test.tests.HekathonAPITestScriptEndToEnd.baseUri(HekathonAPITestScriptEndToEnd.java:21)
at com.test.tests.HekathonAPITestScriptEndToEnd.baseUri(HekathonAPITestScriptEndToEnd.java:21)
at com.test.tests.HekathonAPITestScriptEndToEnd.baseUri(HekathonAPITestScriptEndToEnd.java:21)
at com.test.tests.HekathonAPITestScriptEndToEnd.baseUri(HekathonAPITestScriptEndToEnd.java:21)
at com.test.tests.HekathonAPITestScriptEndToEnd.baseUri(HekathonAPITestScriptEndToEnd.java:21)
at com.test.tests.HekathonAPITestScriptEndToEnd.baseUri(HekathonAPITestScriptEndToEnd.java:21)
at com.test.tests.HekathonAPITestScriptEndToEnd.baseUri(HekathonAPITestScriptEndToEnd.java:21)
at com.test.tests.HekathonAPITestScriptEndToEnd.baseUri(HekathonAPITestScriptEndToEnd.java:21)
at com.test.tests.HekathonAPITestScriptEndToEnd.baseUri(HekathonAPITestScriptEndToEnd.java:21)
at com.test.tests.HekathonAPITestScriptEndToEnd.baseUri(HekathonAPITestScriptEndToEnd.java:21)
at com.test.tests.HekathonAPITestScriptEndToEnd.baseUri(HekathonAPITestScriptEndToEnd.java:21)
at com.test.tests.HekathonAPITestScriptEndToEnd.baseUri(HekathonAPITestScriptEndToEnd.java:21)
at com.test.tests.HekathonAPITestScriptEndToEnd.baseUri(HekathonAPITestScriptEndToEnd.java:21)
at com.test.tests.HekathonAPITestScriptEndToEnd.baseUri(HekathonAPITestScriptEndToEnd.java:21)
at com.test.tests.HekathonAPITestScriptEndToEnd.baseUri(HekathonAPITestScriptEndToEnd.java:21)
at com.test.tests.HekathonAPITestScriptEndToEnd.baseUri(HekathonAPITestScriptEndToEnd.java:21)
at com.test.tests.HekathonAPITestScriptEndToEnd.baseUri(HekathonAPITestScriptEndToEnd.java:21)
at com.test.tests.HekathonAPITestScriptEndToEnd.baseUri(HekathonAPITestScriptEndToEnd.java:21)
at com.test.tests.HekathonAPITestScriptEndToEnd.baseUri(HekathonAPITestScriptEndToEnd.java:21)
at com.test.tests.HekathonAPITestScriptEndToEnd.baseUri(HekathonAPITestScriptEndToEnd.java:21)
at com.test.tests.HekathonAPITestScriptEndToEnd.baseUri(HekathonAPITestScriptEndToEnd.java:21)
at com.test.tests.HekathonAPITestScriptEndToEnd.baseUri(HekathonAPITestScriptEndToEnd.java:21)
at com.test.tests.HekathonAPITestScriptEndToEnd.baseUri(HekathonAPITestScriptEndToEnd.java:21)
at com.test.tests.HekathonAPITestScriptEndToEnd.baseUri(HekathonAPITestScriptEndToEnd.java:21)
at com.test.tests.HekathonAPITestScriptEndToEnd.baseUri(HekathonAPITestScriptEndToEnd.java:21)
at com.test.tests.HekathonAPITestScriptEndToEnd.baseUri(HekathonAPITestScriptEndToEnd.java:21)
at com.test.tests.HekathonAPITestScriptEndToEnd.baseUri(HekathonAPITestScriptEndToEnd.java:21)
at com.test.tests.HekathonAPITestScriptEndToEnd.baseUri(HekathonAPITestScriptEndToEnd.java:21)
at com.test.tests.HekathonAPITestScriptEndToEnd.baseUri(HekathonAPITestScriptEndToEnd.java:21)
at com.test.tests.HekathonAPITestScriptEndToEnd.baseUri(HekathonAPITestScriptEndToEnd.java:21)
at com.test.tests.HekathonAPITestScriptEndToEnd.baseUri(HekathonAPITestScriptEndToEnd.java:21)
at com.test.tests.HekathonAPITestScriptEndToEnd.baseUri(HekathonAPITestScriptEndToEnd.java:21)
at com.test.tests.HekathonAPITestScriptEndToEnd.baseUri(HekathonAPITestScriptEndToEnd.java:21)
at com.test.tests.HekathonAPITestScriptEndToEnd.baseUri(HekathonAPITestScriptEndToEnd.java:21)
at com.test.tests.HekathonAPITestScriptEndToEnd.baseUri(HekathonAPITestScriptEndToEnd.java:21)
at com.test.tests.HekathonAPITestScriptEndToEnd.baseUri(HekathonAPITestScriptEndToEnd.java:21)
at com.test.tests.HekathonAPITestScriptEndToEnd.baseUri(HekathonAPITestScriptEndToEnd.java:21)
at com.test.tests.HekathonAPITestScriptEndToEnd.baseUri(HekathonAPITestScriptEndToEnd.java:21)
at com.test.tests.HekathonAPITestScriptEndToEnd.baseUri(HekathonAPITestScriptEndToEnd.java:21)
at com.test.tests.HekathonAPITestScriptEndToEnd.baseUri(HekathonAPITestScriptEndToEnd.java:21)
at com.test.tests.HekathonAPITestScriptEndToEnd.baseUri(HekathonAPITestScriptEndToEnd.java:21)
at com.test.tests.HekathonAPITestScriptEndToEnd.baseUri(HekathonAPITestScriptEndToEnd.java:21)
at com.test.tests.HekathonAPITestScriptEndToEnd.baseUri(HekathonAPITestScriptEndToEnd.java:21)
at com.test.tests.HekathonAPITestScriptEndToEnd.baseUri(HekathonAPITestScriptEndToEnd.java:21)
at com.test.tests.HekathonAPITestScriptEndToEnd.baseUri(HekathonAPITestScriptEndToEnd.java:21)
at com.test.tests.HekathonAPITestScriptEndToEnd.baseUri(HekathonAPITestScriptEndToEnd.java:21)
at com.test.tests.HekathonAPITestScriptEndToEnd.baseUri(HekathonAPITestScriptEndToEnd.java:21)
at com.test.tests.HekathonAPITestScriptEndToEnd.baseUri(HekathonAPITestScriptEndToEnd.java:21)
at com.test.tests.HekathonAPITestScriptEndToEnd.baseUri(HekathonAPITestScriptEndToEnd.java:21)
at com.test.tests.HekathonAPITestScriptEndToEnd.baseUri(HekathonAPITestScriptEndToEnd.java:21)
at com.test.tests.HekathonAPITestScriptEndToEnd.baseUri(HekathonAPITestScriptEndToEnd.java:21)
at com.test.tests.HekathonAPITestScriptEndToEnd.baseUri(HekathonAPITestScriptEndToEnd.java:21)
at com.test.tests.HekathonAPITestScriptEndToEnd.baseUri(HekathonAPITestScriptEndToEnd.java:21)
at com.test.tests.HekathonAPITestScriptEndToEnd.baseUri(HekathonAPITestScriptEndToEnd.java:21)
at com.test.tests.HekathonAPITestScriptEndToEnd.baseUri(HekathonAPITestScriptEndToEnd.java:21)
at com.test.tests.HekathonAPITestScriptEndToEnd.baseUri(HekathonAPITestScriptEndToEnd.java:21)
at com.test.tests.HekathonAPITestScriptEndToEnd.baseUri(HekathonAPITestScriptEndToEnd.java:21)
at com.test.tests.HekathonAPITestScriptEndToEnd.baseUri(HekathonAPITestScriptEndToEnd.java:21)
at com.test.tests.HekathonAPITestScriptEndToEnd.baseUri(HekathonAPITestScriptEndToEnd.java:21)
at com.test.tests.HekathonAPITestScriptEndToEnd.baseUri(HekathonAPITestScriptEndToEnd.java:21)
at com.test.tests.HekathonAPITestScriptEndToEnd.baseUri(HekathonAPITestScriptEndToEnd.java:21)
at com.test.tests.HekathonAPITestScriptEndToEnd.baseUri(HekathonAPITestScriptEndToEnd.java:21)
at com.test.tests.HekathonAPITestScriptEndToEnd.baseUri(HekathonAPITestScriptEndToEnd.java:21)
at com.test.tests.HekathonAPITestScriptEndToEnd.baseUri(HekathonAPITestScriptEndToEnd.java:21)
at com.test.tests.HekathonAPITestScriptEndToEnd.baseUri(HekathonAPITestScriptEndToEnd.java:21)
at com.test.tests.HekathonAPITestScriptEndToEnd.baseUri(HekathonAPITestScriptEndToEnd.java:21)
at com.test.tests.HekathonAPITestScriptEndToEnd.baseUri(HekathonAPITestScriptEndToEnd.java:21)
at com.test.tests.HekathonAPITestScriptEndToEnd.baseUri(HekathonAPITestScriptEndToEnd.java:21)
at com.test.tests.HekathonAPITestScriptEndToEnd.baseUri(HekathonAPITestScriptEndToEnd.java:21)
at com.test.tests.HekathonAPITestScriptEndToEnd.baseUri(HekathonAPITestScriptEndToEnd.java:21)
at com.test.tests.HekathonAPITestScriptEndToEnd.baseUri(HekathonAPITestScriptEndToEnd.java:21)
at com.test.tests.HekathonAPITestScriptEndToEnd.baseUri(HekathonAPITestScriptEndToEnd.java:21)
at com.test.tests.HekathonAPITestScriptEndToEnd.baseUri(HekathonAPITestScriptEndToEnd.java:21)
at com.test.tests.HekathonAPITestScriptEndToEnd.baseUri(HekathonAPITestScriptEndToEnd.java:21)
at com.test.tests.HekathonAPITestScriptEndToEnd.baseUri(HekathonAPITestScriptEndToEnd.java:21)
at com.test.tests.HekathonAPITestScriptEndToEnd.baseUri(HekathonAPITestScriptEndToEnd.java:21)
at com.test.tests.HekathonAPITestScriptEndToEnd.baseUri(HekathonAPITestScriptEndToEnd.java:21)
at com.test.tests.HekathonAPITestScriptEndToEnd.baseUri(HekathonAPITestScriptEndToEnd.java:21)
at com.test.tests.HekathonAPITestScriptEndToEnd.baseUri(HekathonAPITestScriptEndToEnd.java:21)
at com.test.tests.HekathonAPITestScriptEndToEnd.baseUri(HekathonAPITestScriptEndToEnd.java:21)
at com.test.tests.HekathonAPITestScriptEndToEnd.baseUri(HekathonAPITestScriptEndToEnd.java:21)
at com.test.tests.HekathonAPITestScriptEndToEnd.baseUri(HekathonAPITestScriptEndToEnd.java:21)
at com.test.tests.HekathonAPITestScriptEndToEnd.baseUri(HekathonAPITestScriptEndToEnd.java:21)
at com.test.tests.HekathonAPITestScriptEndToEnd.baseUri(HekathonAPITestScriptEndToEnd.java:21)
at com.test.tests.HekathonAPITestScriptEndToEnd.baseUri(HekathonAPITestScriptEndToEnd.java:21)
at com.test.tests.HekathonAPITestScriptEndToEnd.baseUri(HekathonAPITestScriptEndToEnd.java:21)
at com.test.tests.HekathonAPITestScriptEndToEnd.baseUri(HekathonAPITestScriptEndToEnd.java:21)
at com.test.tests.HekathonAPITestScriptEndToEnd.baseUri(HekathonAPITestScriptEndToEnd.java:21)
at com.test.tests.HekathonAPITestScriptEndToEnd.baseUri(HekathonAPITestScriptEndToEnd.java:21)
at com.test.tests.HekathonAPITestScriptEndToEnd.baseUri(HekathonAPITestScriptEndToEnd.java:21)
at com.test.tests.HekathonAPITestScriptEndToEnd.baseUri(HekathonAPITestScriptEndToEnd.java:21)
at com.test.tests.HekathonAPITestScriptEndToEnd.baseUri(HekathonAPITestScriptEndToEnd.java:21)
at com.test.tests.HekathonAPITestScriptEndToEnd.baseUri(HekathonAPITestScriptEndToEnd.java:21)
at com.test.tests.HekathonAPITestScriptEndToEnd.baseUri(HekathonAPITestScriptEndToEnd.java:21)
at com.test.tests.HekathonAPITestScriptEndToEnd.baseUri(HekathonAPITestScriptEndToEnd.java:21)
at com.test.tests.HekathonAPITestScriptEndToEnd.baseUri(HekathonAPITestScriptEndToEnd.java:21)
at com.test.tests.HekathonAPITestScriptEndToEnd.baseUri(HekathonAPITestScriptEndToEnd.java:21)
at com.test.tests.HekathonAPITestScriptEndToEnd.baseUri(HekathonAPITestScriptEndToEnd.java:21)
at com.test.tests.HekathonAPITestScriptEndToEnd.baseUri(HekathonAPITestScriptEndToEnd.java:21)
at com.test.tests.HekathonAPITestScriptEndToEnd.baseUri(HekathonAPITestScriptEndToEnd.java:21)
at com.test.tests.HekathonAPITestScriptEndToEnd.baseUri(HekathonAPITestScriptEndToEnd.java:21)
at com.test.tests.HekathonAPITestScriptEndToEnd.baseUri(HekathonAPITestScriptEndToEnd.java:21)
at com.test.tests.HekathonAPITestScriptEndToEnd.baseUri(HekathonAPITestScriptEndToEnd.java:21)
at com.test.tests.HekathonAPITestScriptEndToEnd.baseUri(HekathonAPITestScriptEndToEnd.java:21)
at com.test.tests.HekathonAPITestScriptEndToEnd.baseUri(HekathonAPITestScriptEndToEnd.java:21)
at com.test.tests.HekathonAPITestScriptEndToEnd.baseUri(HekathonAPITestScriptEndToEnd.java:21)
at com.test.tests.HekathonAPITestScriptEndToEnd.baseUri(HekathonAPITestScriptEndToEnd.java:21)
at com.test.tests.HekathonAPITestScriptEndToEnd.baseUri(HekathonAPITestScriptEndToEnd.java:21)
at com.test.tests.HekathonAPITestScriptEndToEnd.baseUri(HekathonAPITestScriptEndToEnd.java:21)
at com.test.tests.HekathonAPITestScriptEndToEnd.baseUri(HekathonAPITestScriptEndToEnd.java:21)
at com.test.tests.HekathonAPITestScriptEndToEnd.baseUri(HekathonAPITestScriptEndToEnd.java:21)
at com.test.tests.HekathonAPITestScriptEndToEnd.baseUri(HekathonAPITestScriptEndToEnd.java:21)
at com.test.tests.HekathonAPITestScriptEndToEnd.baseUri(HekathonAPITestScriptEndToEnd.java:21)
at com.test.tests.HekathonAPITestScriptEndToEnd.baseUri(HekathonAPITestScriptEndToEnd.java:21)
at com.test.tests.HekathonAPITestScriptEndToEnd.baseUri(HekathonAPITestScriptEndToEnd.java:21)
at com.test.tests.HekathonAPITestScriptEndToEnd.baseUri(HekathonAPITestScriptEndToEnd.java:21)
at com.test.tests.HekathonAPITestScriptEndToEnd.baseUri(HekathonAPITestScriptEndToEnd.java:21)
at com.test.tests.HekathonAPITestScriptEndToEnd.baseUri(HekathonAPITestScriptEndToEnd.java:21)
at com.test.tests.HekathonAPITestScriptEndToEnd.baseUri(HekathonAPITestScriptEndToEnd.java:21)
at com.test.tests.HekathonAPITestScriptEndToEnd.baseUri(HekathonAPITestScriptEndToEnd.java:21)
at com.test.tests.HekathonAPITestScriptEndToEnd.baseUri(HekathonAPITestScriptEndToEnd.java:21)
at com.test.tests.HekathonAPITestScriptEndToEnd.baseUri(HekathonAPITestScriptEndToEnd.java:21)
at com.test.tests.HekathonAPITestScriptEndToEnd.baseUri(HekathonAPITestScriptEndToEnd.java:21)
at com.test.tests.HekathonAPITestScriptEndToEnd.baseUri(HekathonAPITestScriptEndToEnd.java:21)
at com.test.tests.HekathonAPITestScriptEndToEnd.baseUri(HekathonAPITestScriptEndToEnd.java:21)
at com.test.tests.HekathonAPITestScriptEndToEnd.baseUri(HekathonAPITestScriptEndToEnd.java:21)
at com.test.tests.HekathonAPITestScriptEndToEnd.baseUri(HekathonAPITestScriptEndToEnd.java:21)
at com.test.tests.HekathonAPITestScriptEndToEnd.baseUri(HekathonAPITestScriptEndToEnd.java:21)
at com.test.tests.HekathonAPITestScriptEndToEnd.baseUri(HekathonAPITestScriptEndToEnd.java:21)
at com.test.tests.HekathonAPITestScriptEndToEnd.baseUri(HekathonAPITestScriptEndToEnd.java:21)
at com.test.tests.HekathonAPITestScriptEndToEnd.baseUri(HekathonAPITestScriptEndToEnd.java:21)
at com.test.tests.HekathonAPITestScriptEndToEnd.baseUri(HekathonAPITestScriptEndToEnd.java:21)
at com.test.tests.HekathonAPITestScriptEndToEnd.baseUri(HekathonAPITestScriptEndToEnd.java:21)
at com.test.tests.HekathonAPITestScriptEndToEnd.baseUri(HekathonAPITestScriptEndToEnd.java:21)
at com.test.tests.HekathonAPITestScriptEndToEnd.baseUri(HekathonAPITestScriptEndToEnd.java:21)
at com.test.tests.HekathonAPITestScriptEndToEnd.baseUri(HekathonAPITestScriptEndToEnd.java:21)
at com.test.tests.HekathonAPITestScriptEndToEnd.baseUri(HekathonAPITestScriptEndToEnd.java:21)
at com.test.tests.HekathonAPITestScriptEndToEnd.baseUri(HekathonAPITestScriptEndToEnd.java:21)
at com.test.tests.HekathonAPITestScriptEndToEnd.baseUri(HekathonAPITestScriptEndToEnd.java:21)
at com.test.tests.HekathonAPITestScriptEndToEnd.baseUri(HekathonAPITestScriptEndToEnd.java:21)
at com.test.tests.HekathonAPITestScriptEndToEnd.baseUri(HekathonAPITestScriptEndToEnd.java:21)
at com.test.tests.HekathonAPITestScriptEndToEnd.baseUri(HekathonAPITestScriptEndToEnd.java:21)
at com.test.tests.HekathonAPITestScriptEndToEnd.baseUri(HekathonAPITestScriptEndToEnd.java:21)
at com.test.tests.HekathonAPITestScriptEndToEnd.baseUri(HekathonAPITestScriptEndToEnd.java:21)
at com.test.tests.HekathonAPITestScriptEndToEnd.baseUri(HekathonAPITestScriptEndToEnd.java:21)
at com.test.tests.HekathonAPITestScriptEndToEnd.baseUri(HekathonAPITestScriptEndToEnd.java:21)
at com.test.tests.HekathonAPITestScriptEndToEnd.baseUri(HekathonAPITestScriptEndToEnd.java:21)
at com.test.tests.HekathonAPITestScriptEndToEnd.baseUri(HekathonAPITestScriptEndToEnd.java:21)
at com.test.tests.HekathonAPITestScriptEndToEnd.baseUri(HekathonAPITestScriptEndToEnd.java:21)
at com.test.tests.HekathonAPITestScriptEndToEnd.baseUri(HekathonAPITestScriptEndToEnd.java:21)
at com.test.tests.HekathonAPITestScriptEndToEnd.baseUri(HekathonAPITestScriptEndToEnd.java:21)
at com.test.tests.HekathonAPITestScriptEndToEnd.baseUri(HekathonAPITestScriptEndToEnd.java:21)
at com.test.tests.HekathonAPITestScriptEndToEnd.baseUri(HekathonAPITestScriptEndToEnd.java:21)
at com.test.tests.HekathonAPITestScriptEndToEnd.baseUri(HekathonAPITestScriptEndToEnd.java:21)
at com.test.tests.HekathonAPITestScriptEndToEnd.baseUri(HekathonAPITestScriptEndToEnd.java:21)
at com.test.tests.HekathonAPITestScriptEndToEnd.baseUri(HekathonAPITestScriptEndToEnd.java:21)
at com.test.tests.HekathonAPITestScriptEndToEnd.baseUri(HekathonAPITestScriptEndToEnd.java:21)
at com.test.tests.HekathonAPITestScriptEndToEnd.baseUri(HekathonAPITestScriptEndToEnd.java:21)
at com.test.tests.HekathonAPITestScriptEndToEnd.baseUri(HekathonAPITestScriptEndToEnd.java:21)
at com.test.tests.HekathonAPITestScriptEndToEnd.baseUri(HekathonAPITestScriptEndToEnd.java:21)
at com.test.tests.HekathonAPITestScriptEndToEnd.baseUri(HekathonAPITestScriptEndToEnd.java:21)
at com.test.tests.HekathonAPITestScriptEndToEnd.baseUri(HekathonAPITestScriptEndToEnd.java:21)
at com.test.tests.HekathonAPITestScriptEndToEnd.baseUri(HekathonAPITestScriptEndToEnd.java:21)
at com.test.tests.HekathonAPITestScriptEndToEnd.baseUri(HekathonAPITestScriptEndToEnd.java:21)
at com.test.tests.HekathonAPITestScriptEndToEnd.baseUri(HekathonAPITestScriptEndToEnd.java:21)
at com.test.tests.HekathonAPITestScriptEndToEnd.baseUri(HekathonAPITestScriptEndToEnd.java:21)
at com.test.tests.HekathonAPITestScriptEndToEnd.baseUri(HekathonAPITestScriptEndToEnd.java:21)
at com.test.tests.HekathonAPITestScriptEndToEnd.baseUri(HekathonAPITestScriptEndToEnd.java:21)
at com.test.tests.HekathonAPITestScriptEndToEnd.baseUri(HekathonAPITestScriptEndToEnd.java:21)
at com.test.tests.HekathonAPITestScriptEndToEnd.baseUri(HekathonAPITestScriptEndToEnd.java:21)
at com.test.tests.HekathonAPITestScriptEndToEnd.baseUri(HekathonAPITestScriptEndToEnd.java:21)
at com.test.tests.HekathonAPITestScriptEndToEnd.baseUri(HekathonAPITestScriptEndToEnd.java:21)
at com.test.tests.HekathonAPITestScriptEndToEnd.baseUri(HekathonAPITestScriptEndToEnd.java:21)
at com.test.tests.HekathonAPITestScriptEndToEnd.baseUri(HekathonAPITestScriptEndToEnd.java:21)
at com.test.tests.HekathonAPITestScriptEndToEnd.baseUri(HekathonAPITestScriptEndToEnd.java:21)
at com.test.tests.HekathonAPITestScriptEndToEnd.baseUri(HekathonAPITestScriptEndToEnd.java:21)
at com.test.tests.HekathonAPITestScriptEndToEnd.baseUri(HekathonAPITestScriptEndToEnd.java:21)
at com.test.tests.HekathonAPITestScriptEndToEnd.baseUri(HekathonAPITestScriptEndToEnd.java:21)
at com.test.tests.HekathonAPITestScriptEndToEnd.baseUri(HekathonAPITestScriptEndToEnd.java:21)
at com.test.tests.HekathonAPITestScriptEndToEnd.baseUri(HekathonAPITestScriptEndToEnd.java:21)
at com.test.tests.HekathonAPITestScriptEndToEnd.baseUri(HekathonAPITestScriptEndToEnd.java:21)
at com.test.tests.HekathonAPITestScriptEndToEnd.baseUri(HekathonAPITestScriptEndToEnd.java:21)
at com.test.tests.HekathonAPITestScriptEndToEnd.baseUri(HekathonAPITestScriptEndToEnd.java:21)
at com.test.tests.HekathonAPITestScriptEndToEnd.baseUri(HekathonAPITestScriptEndToEnd.java:21)
at com.test.tests.HekathonAPITestScriptEndToEnd.baseUri(HekathonAPITestScriptEndToEnd.java:21)
at com.test.tests.HekathonAPITestScriptEndToEnd.baseUri(HekathonAPITestScriptEndToEnd.java:21)
at com.test.tests.HekathonAPITestScriptEndToEnd.baseUri(HekathonAPITestScriptEndToEnd.java:21)
at com.test.tests.HekathonAPITestScriptEndToEnd.baseUri(HekathonAPITestScriptEndToEnd.java:21)
at com.test.tests.HekathonAPITestScriptEndToEnd.baseUri(HekathonAPITestScriptEndToEnd.java:21)
at com.test.tests.HekathonAPITestScriptEndToEnd.baseUri(HekathonAPITestScriptEndToEnd.java:21)
at com.test.tests.HekathonAPITestScriptEndToEnd.baseUri(HekathonAPITestScriptEndToEnd.java:21)
at com.test.tests.HekathonAPITestScriptEndToEnd.baseUri(HekathonAPITestScriptEndToEnd.java:21)
at com.test.tests.HekathonAPITestScriptEndToEnd.baseUri(HekathonAPITestScriptEndToEnd.java:21)
at com.test.tests.HekathonAPITestScriptEndToEnd.baseUri(HekathonAPITestScriptEndToEnd.java:21)
at com.test.tests.HekathonAPITestScriptEndToEnd.baseUri(HekathonAPITestScriptEndToEnd.java:21)
at com.test.tests.HekathonAPITestScriptEndToEnd.baseUri(HekathonAPITestScriptEndToEnd.java:21)
at com.test.tests.HekathonAPITestScriptEndToEnd.baseUri(HekathonAPITestScriptEndToEnd.java:21)
at com.test.tests.HekathonAPITestScriptEndToEnd.baseUri(HekathonAPITestScriptEndToEnd.java:21)
at com.test.tests.HekathonAPITestScriptEndToEnd.baseUri(HekathonAPITestScriptEndToEnd.java:21)
at com.test.tests.HekathonAPITestScriptEndToEnd.baseUri(HekathonAPITestScriptEndToEnd.java:21)
at com.test.tests.HekathonAPITestScriptEndToEnd.baseUri(HekathonAPITestScriptEndToEnd.java:21)
at com.test.tests.HekathonAPITestScriptEndToEnd.baseUri(HekathonAPITestScriptEndToEnd.java:21)
at com.test.tests.HekathonAPITestScriptEndToEnd.baseUri(HekathonAPITestScriptEndToEnd.java:21)
at com.test.tests.HekathonAPITestScriptEndToEnd.baseUri(HekathonAPITestScriptEndToEnd.java:21)
at com.test.tests.HekathonAPITestScriptEndToEnd.baseUri(HekathonAPITestScriptEndToEnd.java:21)
at com.test.tests.HekathonAPITestScriptEndToEnd.baseUri(HekathonAPITestScriptEndToEnd.java:21)
at com.test.tests.HekathonAPITestScriptEndToEnd.baseUri(HekathonAPITestScriptEndToEnd.java:21)
at com.test.tests.HekathonAPITestScriptEndToEnd.baseUri(HekathonAPITestScriptEndToEnd.java:21)
at com.test.tests.HekathonAPITestScriptEndToEnd.baseUri(HekathonAPITestScriptEndToEnd.java:21)
at com.test.tests.HekathonAPITestScriptEndToEnd.baseUri(HekathonAPITestScriptEndToEnd.java:21)
at com.test.tests.HekathonAPITestScriptEndToEnd.baseUri(HekathonAPITestScriptEndToEnd.java:21)
at com.test.tests.HekathonAPITestScriptEndToEnd.baseUri(HekathonAPITestScriptEndToEnd.java:21)
at com.test.tests.HekathonAPITestScriptEndToEnd.baseUri(HekathonAPITestScriptEndToEnd.java:21)
at com.test.tests.HekathonAPITestScriptEndToEnd.baseUri(HekathonAPITestScriptEndToEnd.java:21)
at com.test.tests.HekathonAPITestScriptEndToEnd.baseUri(HekathonAPITestScriptEndToEnd.java:21)
at com.test.tests.HekathonAPITestScriptEndToEnd.baseUri(HekathonAPITestScriptEndToEnd.java:21)
at com.test.tests.HekathonAPITestScriptEndToEnd.baseUri(HekathonAPITestScriptEndToEnd.java:21)
at com.test.tests.HekathonAPITestScriptEndToEnd.baseUri(HekathonAPITestScriptEndToEnd.java:21)
at com.test.tests.HekathonAPITestScriptEndToEnd.baseUri(HekathonAPITestScriptEndToEnd.java:21)
at com.test.tests.HekathonAPITestScriptEndToEnd.baseUri(HekathonAPITestScriptEndToEnd.java:21)
at com.test.tests.HekathonAPITestScriptEndToEnd.baseUri(HekathonAPITestScriptEndToEnd.java:21)
at com.test.tests.HekathonAPITestScriptEndToEnd.baseUri(HekathonAPITestScriptEndToEnd.java:21)
at com.test.tests.HekathonAPITestScriptEndToEnd.baseUri(HekathonAPITestScriptEndToEnd.java:21)
at com.test.tests.HekathonAPITestScriptEndToEnd.baseUri(HekathonAPITestScriptEndToEnd.java:21)
at com.test.tests.HekathonAPITestScriptEndToEnd.baseUri(HekathonAPITestScriptEndToEnd.java:21)
at com.test.tests.HekathonAPITestScriptEndToEnd.baseUri(HekathonAPITestScriptEndToEnd.java:21)
at com.test.tests.HekathonAPITestScriptEndToEnd.baseUri(HekathonAPITestScriptEndToEnd.java:21)
at com.test.tests.HekathonAPITestScriptEndToEnd.baseUri(HekathonAPITestScriptEndToEnd.java:21)
at com.test.tests.HekathonAPITestScriptEndToEnd.baseUri(HekathonAPITestScriptEndToEnd.java:21)
at com.test.tests.HekathonAPITestScriptEndToEnd.baseUri(HekathonAPITestScriptEndToEnd.java:21)
at com.test.tests.HekathonAPITestScriptEndToEnd.baseUri(HekathonAPITestScriptEndToEnd.java:21)
at com.test.tests.HekathonAPITestScriptEndToEnd.baseUri(HekathonAPITestScriptEndToEnd.java:21)
at com.test.tests.HekathonAPITestScriptEndToEnd.baseUri(HekathonAPITestScriptEndToEnd.java:21)
at com.test.tests.HekathonAPITestScriptEndToEnd.baseUri(HekathonAPITestScriptEndToEnd.java:21)
at com.test.tests.HekathonAPITestScriptEndToEnd.baseUri(HekathonAPITestScriptEndToEnd.java:21)
at com.test.tests.HekathonAPITestScriptEndToEnd.baseUri(HekathonAPITestScriptEndToEnd.java:21)
at com.test.tests.HekathonAPITestScriptEndToEnd.baseUri(HekathonAPITestScriptEndToEnd.java:21)
at com.test.tests.HekathonAPITestScriptEndToEnd.baseUri(HekathonAPITestScriptEndToEnd.java:21)
at com.test.tests.HekathonAPITestScriptEndToEnd.baseUri(HekathonAPITestScriptEndToEnd.java:21)
at com.test.tests.HekathonAPITestScriptEndToEnd.baseUri(HekathonAPITestScriptEndToEnd.java:21)
at com.test.tests.HekathonAPITestScriptEndToEnd.baseUri(HekathonAPITestScriptEndToEnd.java:21)
at com.test.tests.HekathonAPITestScriptEndToEnd.baseUri(HekathonAPITestScriptEndToEnd.java:21)
at com.test.tests.HekathonAPITestScriptEndToEnd.baseUri(HekathonAPITestScriptEndToEnd.java:21)
at com.test.tests.HekathonAPITestScriptEndToEnd.baseUri(HekathonAPITestScriptEndToEnd.java:21)
at com.test.tests.HekathonAPITestScriptEndToEnd.baseUri(HekathonAPITestScriptEndToEnd.java:21)
at com.test.tests.HekathonAPITestScriptEndToEnd.baseUri(HekathonAPITestScriptEndToEnd.java:21)
at com.test.tests.HekathonAPITestScriptEndToEnd.baseUri(HekathonAPITestScriptEndToEnd.java:21)
at com.test.tests.HekathonAPITestScriptEndToEnd.baseUri(HekathonAPITestScriptEndToEnd.java:21)
at com.test.tests.HekathonAPITestScriptEndToEnd.baseUri(HekathonAPITestScriptEndToEnd.java:21)
at com.test.tests.HekathonAPITestScriptEndToEnd.baseUri(HekathonAPITestScriptEndToEnd.java:21)
at com.test.tests.HekathonAPITestScriptEndToEnd.baseUri(HekathonAPITestScriptEndToEnd.java:21)
at com.test.tests.HekathonAPITestScriptEndToEnd.baseUri(HekathonAPITestScriptEndToEnd.java:21)
at com.test.tests.HekathonAPITestScriptEndToEnd.baseUri(HekathonAPITestScriptEndToEnd.java:21)
at com.test.tests.HekathonAPITestScriptEndToEnd.baseUri(HekathonAPITestScriptEndToEnd.java:21)
at com.test.tests.HekathonAPITestScriptEndToEnd.baseUri(HekathonAPITestScriptEndToEnd.java:21)
at com.test.tests.HekathonAPITestScriptEndToEnd.baseUri(HekathonAPITestScriptEndToEnd.java:21)
at com.test.tests.HekathonAPITestScriptEndToEnd.baseUri(HekathonAPITestScriptEndToEnd.java:21)
at com.test.tests.HekathonAPITestScriptEndToEnd.baseUri(HekathonAPITestScriptEndToEnd.java:21)
at com.test.tests.HekathonAPITestScriptEndToEnd.baseUri(HekathonAPITestScriptEndToEnd.java:21)
at com.test.tests.HekathonAPITestScriptEndToEnd.baseUri(HekathonAPITestScriptEndToEnd.java:21)
at com.test.tests.HekathonAPITestScriptEndToEnd.baseUri(HekathonAPITestScriptEndToEnd.java:21)
at com.test.tests.HekathonAPITestScriptEndToEnd.baseUri(HekathonAPITestScriptEndToEnd.java:21)
at com.test.tests.HekathonAPITestScriptEndToEnd.baseUri(HekathonAPITestScriptEndToEnd.java:21)
at com.test.tests.HekathonAPITestScriptEndToEnd.baseUri(HekathonAPITestScriptEndToEnd.java:21)
at com.test.tests.HekathonAPITestScriptEndToEnd.baseUri(HekathonAPITestScriptEndToEnd.java:21)
at com.test.tests.HekathonAPITestScriptEndToEnd.baseUri(HekathonAPITestScriptEndToEnd.java:21)
at com.test.tests.HekathonAPITestScriptEndToEnd.baseUri(HekathonAPITestScriptEndToEnd.java:21)
at com.test.tests.HekathonAPITestScriptEndToEnd.baseUri(HekathonAPITestScriptEndToEnd.java:21)
at com.test.tests.HekathonAPITestScriptEndToEnd.baseUri(HekathonAPITestScriptEndToEnd.java:21)
at com.test.tests.HekathonAPITestScriptEndToEnd.baseUri(HekathonAPITestScriptEndToEnd.java:21)
at com.test.tests.HekathonAPITestScriptEndToEnd.baseUri(HekathonAPITestScriptEndToEnd.java:21)
at com.test.tests.HekathonAPITestScriptEndToEnd.baseUri(HekathonAPITestScriptEndToEnd.java:21)
at com.test.tests.HekathonAPITestScriptEndToEnd.baseUri(HekathonAPITestScriptEndToEnd.java:21)
at com.test.tests.HekathonAPITestScriptEndToEnd.baseUri(HekathonAPITestScriptEndToEnd.java:21)
at com.test.tests.HekathonAPITestScriptEndToEnd.baseUri(HekathonAPITestScriptEndToEnd.java:21)
at com.test.tests.HekathonAPITestScriptEndToEnd.baseUri(HekathonAPITestScriptEndToEnd.java:21)
at com.test.tests.HekathonAPITestScriptEndToEnd.baseUri(HekathonAPITestScriptEndToEnd.java:21)
at com.test.tests.HekathonAPITestScriptEndToEnd.baseUri(HekathonAPITestScriptEndToEnd.java:21)
at com.test.tests.HekathonAPITestScriptEndToEnd.baseUri(HekathonAPITestScriptEndToEnd.java:21)
at com.test.tests.HekathonAPITestScriptEndToEnd.baseUri(HekathonAPITestScriptEndToEnd.java:21)
at com.test.tests.HekathonAPITestScriptEndToEnd.baseUri(HekathonAPITestScriptEndToEnd.java:21)
at com.test.tests.HekathonAPITestScriptEndToEnd.baseUri(HekathonAPITestScriptEndToEnd.java:21)
at com.test.tests.HekathonAPITestScriptEndToEnd.baseUri(HekathonAPITestScriptEndToEnd.java:21)
at com.test.tests.HekathonAPITestScriptEndToEnd.baseUri(HekathonAPITestScriptEndToEnd.java:21)
at com.test.tests.HekathonAPITestScriptEndToEnd.baseUri(HekathonAPITestScriptEndToEnd.java:21)
at com.test.tests.HekathonAPITestScriptEndToEnd.baseUri(HekathonAPITestScriptEndToEnd.java:21)
at com.test.tests.HekathonAPITestScriptEndToEnd.baseUri(HekathonAPITestScriptEndToEnd.java:21)
at com.test.tests.HekathonAPITestScriptEndToEnd.baseUri(HekathonAPITestScriptEndToEnd.java:21)
at com.test.tests.HekathonAPITestScriptEndToEnd.baseUri(HekathonAPITestScriptEndToEnd.java:21)
at com.test.tests.HekathonAPITestScriptEndToEnd.baseUri(HekathonAPITestScriptEndToEnd.java:21)
at com.test.tests.HekathonAPITestScriptEndToEnd.baseUri(HekathonAPITestScriptEndToEnd.java:21)
at com.test.tests.HekathonAPITestScriptEndToEnd.baseUri(HekathonAPITestScriptEndToEnd.java:21)
at com.test.tests.HekathonAPITestScriptEndToEnd.baseUri(HekathonAPITestScriptEndToEnd.java:21)
at com.test.tests.HekathonAPITestScriptEndToEnd.baseUri(HekathonAPITestScriptEndToEnd.java:21)
at com.test.tests.HekathonAPITestScriptEndToEnd.baseUri(HekathonAPITestScriptEndToEnd.java:21)
at com.test.tests.HekathonAPITestScriptEndToEnd.baseUri(HekathonAPITestScriptEndToEnd.java:21)
at com.test.tests.HekathonAPITestScriptEndToEnd.baseUri(HekathonAPITestScriptEndToEnd.java:21)
at com.test.tests.HekathonAPITestScriptEndToEnd.baseUri(HekathonAPITestScriptEndToEnd.java:21)
at com.test.tests.HekathonAPITestScriptEndToEnd.baseUri(HekathonAPITestScriptEndToEnd.java:21)
at com.test.tests.HekathonAPITestScriptEndToEnd.baseUri(HekathonAPITestScriptEndToEnd.java:21)
at com.test.tests.HekathonAPITestScriptEndToEnd.baseUri(HekathonAPITestScriptEndToEnd.java:21)
at com.test.tests.HekathonAPITestScriptEndToEnd.baseUri(HekathonAPITestScriptEndToEnd.java:21)
at com.test.tests.HekathonAPITestScriptEndToEnd.baseUri(HekathonAPITestScriptEndToEnd.java:21)
at com.test.tests.HekathonAPITestScriptEndToEnd.baseUri(HekathonAPITestScriptEndToEnd.java:21)
at com.test.tests.HekathonAPITestScriptEndToEnd.baseUri(HekathonAPITestScriptEndToEnd.java:21)
at com.test.tests.HekathonAPITestScriptEndToEnd.baseUri(HekathonAPITestScriptEndToEnd.java:21)
at com.test.tests.HekathonAPITestScriptEndToEnd.baseUri(HekathonAPITestScriptEndToEnd.java:21)
at com.test.tests.HekathonAPITestScriptEndToEnd.baseUri(HekathonAPITestScriptEndToEnd.java:21)
at com.test.tests.HekathonAPITestScriptEndToEnd.baseUri(HekathonAPITestScriptEndToEnd.java:21)
at com.test.tests.HekathonAPITestScriptEndToEnd.baseUri(HekathonAPITestScriptEndToEnd.java:21)
at com.test.tests.HekathonAPITestScriptEndToEnd.baseUri(HekathonAPITestScriptEndToEnd.java:21)
at com.test.tests.HekathonAPITestScriptEndToEnd.baseUri(HekathonAPITestScriptEndToEnd.java:21)
at com.test.tests.HekathonAPITestScriptEndToEnd.baseUri(HekathonAPITestScriptEndToEnd.java:21)
at com.test.tests.HekathonAPITestScriptEndToEnd.baseUri(HekathonAPITestScriptEndToEnd.java:21)
at com.test.tests.HekathonAPITestScriptEndToEnd.baseUri(HekathonAPITestScriptEndToEnd.java:21)
at com.test.tests.HekathonAPITestScriptEndToEnd.baseUri(HekathonAPITestScriptEndToEnd.java:21)
at com.test.tests.HekathonAPITestScriptEndToEnd.baseUri(HekathonAPITestScriptEndToEnd.java:21)
at com.test.tests.HekathonAPITestScriptEndToEnd.baseUri(HekathonAPITestScriptEndToEnd.java:21)
at com.test.tests.HekathonAPITestScriptEndToEnd.baseUri(HekathonAPITestScriptEndToEnd.java:21)
at com.test.tests.HekathonAPITestScriptEndToEnd.baseUri(HekathonAPITestScriptEndToEnd.java:21)
at com.test.tests.HekathonAPITestScriptEndToEnd.baseUri(HekathonAPITestScriptEndToEnd.java:21)
at com.test.tests.HekathonAPITestScriptEndToEnd.baseUri(HekathonAPITestScriptEndToEnd.java:21)
at com.test.tests.HekathonAPITestScriptEndToEnd.baseUri(HekathonAPITestScriptEndToEnd.java:21)
at com.test.tests.HekathonAPITestScriptEndToEnd.baseUri(HekathonAPITestScriptEndToEnd.java:21)
at com.test.tests.HekathonAPITestScriptEndToEnd.baseUri(HekathonAPITestScriptEndToEnd.java:21)
at com.test.tests.HekathonAPITestScriptEndToEnd.baseUri(HekathonAPITestScriptEndToEnd.java:21)
at com.test.tests.HekathonAPITestScriptEndToEnd.baseUri(HekathonAPITestScriptEndToEnd.java:21)
at com.test.tests.HekathonAPITestScriptEndToEnd.baseUri(HekathonAPITestScriptEndToEnd.java:21)
at com.test.tests.HekathonAPITestScriptEndToEnd.baseUri(HekathonAPITestScriptEndToEnd.java:21)
at com.test.tests.HekathonAPITestScriptEndToEnd.baseUri(HekathonAPITestScriptEndToEnd.java:21)
at com.test.tests.HekathonAPITestScriptEndToEnd.baseUri(HekathonAPITestScriptEndToEnd.java:21)
at com.test.tests.HekathonAPITestScriptEndToEnd.baseUri(HekathonAPITestScriptEndToEnd.java:21)
at com.test.tests.HekathonAPITestScriptEndToEnd.baseUri(HekathonAPITestScriptEndToEnd.java:21)
at com.test.tests.HekathonAPITestScriptEndToEnd.baseUri(HekathonAPITestScriptEndToEnd.java:21)
at com.test.tests.HekathonAPITestScriptEndToEnd.baseUri(HekathonAPITestScriptEndToEnd.java:21)
at com.test.tests.HekathonAPITestScriptEndToEnd.baseUri(HekathonAPITestScriptEndToEnd.java:21)
at com.test.tests.HekathonAPITestScriptEndToEnd.baseUri(HekathonAPITestScriptEndToEnd.java:21)
at com.test.tests.HekathonAPITestScriptEndToEnd.baseUri(HekathonAPITestScriptEndToEnd.java:21)
at com.test.tests.HekathonAPITestScriptEndToEnd.baseUri(HekathonAPITestScriptEndToEnd.java:21)
at com.test.tests.HekathonAPITestScriptEndToEnd.baseUri(HekathonAPITestScriptEndToEnd.java:21)
at com.test.tests.HekathonAPITestScriptEndToEnd.baseUri(HekathonAPITestScriptEndToEnd.java:21)
at com.test.tests.HekathonAPITestScriptEndToEnd.baseUri(HekathonAPITestScriptEndToEnd.java:21)
at com.test.tests.HekathonAPITestScriptEndToEnd.baseUri(HekathonAPITestScriptEndToEnd.java:21)
at com.test.tests.HekathonAPITestScriptEndToEnd.baseUri(HekathonAPITestScriptEndToEnd.java:21)
at com.test.tests.HekathonAPITestScriptEndToEnd.baseUri(HekathonAPITestScriptEndToEnd.java:21)
at com.test.tests.HekathonAPITestScriptEndToEnd.baseUri(HekathonAPITestScriptEndToEnd.java:21)
at com.test.tests.HekathonAPITestScriptEndToEnd.baseUri(HekathonAPITestScriptEndToEnd.java:21)
at com.test.tests.HekathonAPITestScriptEndToEnd.baseUri(HekathonAPITestScriptEndToEnd.java:21)
at com.test.tests.HekathonAPITestScriptEndToEnd.baseUri(HekathonAPITestScriptEndToEnd.java:21)
at com.test.tests.HekathonAPITestScriptEndToEnd.baseUri(HekathonAPITestScriptEndToEnd.java:21)
at com.test.tests.HekathonAPITestScriptEndToEnd.baseUri(HekathonAPITestScriptEndToEnd.java:21)
at com.test.tests.HekathonAPITestScriptEndToEnd.baseUri(HekathonAPITestScriptEndToEnd.java:21)
at com.test.tests.HekathonAPITestScriptEndToEnd.baseUri(HekathonAPITestScriptEndToEnd.java:21)
at com.test.tests.HekathonAPITestScriptEndToEnd.baseUri(HekathonAPITestScriptEndToEnd.java:21)
at com.test.tests.HekathonAPITestScriptEndToEnd.baseUri(HekathonAPITestScriptEndToEnd.java:21)
at com.test.tests.HekathonAPITestScriptEndToEnd.baseUri(HekathonAPITestScriptEndToEnd.java:21)
at com.test.tests.HekathonAPITestScriptEndToEnd.baseUri(HekathonAPITestScriptEndToEnd.java:21)
at com.test.tests.HekathonAPITestScriptEndToEnd.baseUri(HekathonAPITestScriptEndToEnd.java:21)
at com.test.tests.HekathonAPITestScriptEndToEnd.baseUri(HekathonAPITestScriptEndToEnd.java:21)
at com.test.tests.HekathonAPITestScriptEndToEnd.baseUri(HekathonAPITestScriptEndToEnd.java:21)
at com.test.tests.HekathonAPITestScriptEndToEnd.baseUri(HekathonAPITestScriptEndToEnd.java:21)
at com.test.tests.HekathonAPITestScriptEndToEnd.baseUri(HekathonAPITestScriptEndToEnd.java:21)
at com.test.tests.HekathonAPITestScriptEndToEnd.baseUri(HekathonAPITestScriptEndToEnd.java:21)
at com.test.tests.HekathonAPITestScriptEndToEnd.baseUri(HekathonAPITestScriptEndToEnd.java:21)
at com.test.tests.HekathonAPITestScriptEndToEnd.baseUri(HekathonAPITestScriptEndToEnd.java:21)
at com.test.tests.HekathonAPITestScriptEndToEnd.baseUri(HekathonAPITestScriptEndToEnd.java:21)
at com.test.tests.HekathonAPITestScriptEndToEnd.baseUri(HekathonAPITestScriptEndToEnd.java:21)
at com.test.tests.HekathonAPITestScriptEndToEnd.baseUri(HekathonAPITestScriptEndToEnd.java:21)
at com.test.tests.HekathonAPITestScriptEndToEnd.baseUri(HekathonAPITestScriptEndToEnd.java:21)
at com.test.tests.HekathonAPITestScriptEndToEnd.baseUri(HekathonAPITestScriptEndToEnd.java:21)
at com.test.tests.HekathonAPITestScriptEndToEnd.baseUri(HekathonAPITestScriptEndToEnd.java:21)
at com.test.tests.HekathonAPITestScriptEndToEnd.baseUri(HekathonAPITestScriptEndToEnd.java:21)
]]>
    </failure>
  </testcase> <!-- @BeforeClass baseUri -->
  <testcase classname="com.test.tests.HekathonAPITestScriptEndToEnd" name="TestCase2" time="0.001">
    <skipped/>
  </testcase> <!-- TestCase2 -->
  <testcase classname="com.test.tests.HekathonAPITestScriptEndToEnd" name="TestCase1" time="0.0">
    <ignored/>
  </testcase> <!-- TestCase1 -->
</testsuite> <!-- Default test -->
