<?xml version="1.0" encoding="UTF-8"?>
<testng-results ignored="1" total="2" passed="0" failed="0" skipped="1">
  <reporter-output>
  </reporter-output>
  <suite started-at="2023-03-13T20:15:08 PDT" name="Default suite" finished-at="2023-03-13T20:15:08 PDT" duration-ms="140">
    <groups>
    </groups>
    <test started-at="2023-03-13T20:15:08 PDT" name="Default test" finished-at="2023-03-13T20:15:08 PDT" duration-ms="140">
      <class name="com.test.tests.HekathonAPITestScriptEndToEnd">
        <test-method is-config="true" signature="baseUri()[pri:0, instance:com.test.tests.HekathonAPITestScriptEndToEnd@4218d6a3]" started-at="2023-03-13T20:15:08 PDT" name="baseUri" finished-at="2023-03-13T20:15:08 PDT" duration-ms="19" status="FAIL">
          <exception class="java.lang.StackOverflowError">
            <full-stacktrace>
              <![CDATA[java.lang.StackOverflowError
at com.test.tests.HekathonAPITestScriptEndToEnd.baseUri(HekathonAPITestScriptEndToEnd.java:21)
at com.test.tests.HekathonAPITestScriptEndToEnd.baseUri(HekathonAPITestScriptEndToEnd.java:21)
at com.test.tests.HekathonAPITestScriptEndToEnd.baseUri(HekathonAPITestScriptEndToEnd.java:21)
at com.test.tests.HekathonAPITestScriptEndToEnd.baseUri(HekathonAPITestScriptEndToEnd.java:21)
at com.test.tests.HekathonAPITestScriptEndToEnd.baseUri(HekathonAPITestScriptEndToEnd.java:21)
at com.test.tests.HekathonAPITestScriptEndToEnd.baseUri(HekathonAPITestScriptEndToEnd.java:21)
at com.test.tests.HekathonAPITestScriptEndToEnd.baseUri(HekathonAPITestScriptEndToEnd.java:21)
at com.test.tests.HekathonAPITestScriptEndToEnd.baseUri(HekathonAPITestScriptEndToEnd.java:21)
at com.test.tests.HekathonAPITestScriptEndToEnd.baseUri(HekathonAPITestScriptEndToEnd.java:21)
at com.test.tests.HekathonAPITestScriptEndToEnd.baseUri(HekathonAPITestScriptEndToEnd.java:21)
at com.test.tests.HekathonAPITestScriptEndToEnd.baseUri(HekathonAPITestScriptEndToEnd.java:21)
at com.test.tests.HekathonAPITestScriptEndToEnd.baseUri(HekathonAPITestScriptEndToEnd.java:21)
at com.test.tests.HekathonAPITestScriptEndToEnd.baseUri(HekathonAPITestScriptEndToEnd.java:21)
at com.test.tests.HekathonAPITestScriptEndToEnd.baseUri(HekathonAPITestScriptEndToEnd.java:21)
at com.test.tests.HekathonAPITestScriptEndToEnd.baseUri(HekathonAPITestScriptEndToEnd.java:21)
at com.test.tests.HekathonAPITestScriptEndToEnd.baseUri(HekathonAPITestScriptEndToEnd.java:21)
at com.test.tests.HekathonAPITestScriptEndToEnd.baseUri(HekathonAPITestScriptEndToEnd.java:21)
at com.test.tests.HekathonAPITestScriptEndToEnd.baseUri(HekathonAPITestScriptEndToEnd.java:21)
at com.test.tests.HekathonAPITestScriptEndToEnd.baseUri(HekathonAPITestScriptEndToEnd.java:21)
at com.test.tests.HekathonAPITestScriptEndToEnd.baseUri(HekathonAPITestScriptEndToEnd.java:21)
at com.test.tests.HekathonAPITestScriptEndToEnd.baseUri(HekathonAPITestScriptEndToEnd.java:21)
at com.test.tests.HekathonAPITestScriptEndToEnd.baseUri(HekathonAPITestScriptEndToEnd.java:21)
at com.test.tests.HekathonAPITestScriptEndToEnd.baseUri(HekathonAPITestScriptEndToEnd.java:21)
at com.test.tests.HekathonAPITestScriptEndToEnd.baseUri(HekathonAPITestScriptEndToEnd.java:21)
at com.test.tests.HekathonAPITestScriptEndToEnd.baseUri(HekathonAPITestScriptEndToEnd.java:21)
at com.test.tests.HekathonAPITestScriptEndToEnd.baseUri(HekathonAPITestScriptEndToEnd.java:21)
at com.test.tests.HekathonAPITestScriptEndToEnd.baseUri(HekathonAPITestScriptEndToEnd.java:21)
at com.test.tests.HekathonAPITestScriptEndToEnd.baseUri(HekathonAPITestScriptEndToEnd.java:21)
at com.test.tests.HekathonAPITestScriptEndToEnd.baseUri(HekathonAPITestScriptEndToEnd.java:21)
at com.test.tests.HekathonAPITestScriptEndToEnd.baseUri(HekathonAPITestScriptEndToEnd.java:21)
at com.test.tests.HekathonAPITestScriptEndToEnd.baseUri(HekathonAPITestScriptEndToEnd.java:21)
at com.test.tests.HekathonAPITestScriptEndToEnd.baseUri(HekathonAPITestScriptEndToEnd.java:21)
at com.test.tests.HekathonAPITestScriptEndToEnd.baseUri(HekathonAPITestScriptEndToEnd.java:21)
at com.test.tests.HekathonAPITestScriptEndToEnd.baseUri(HekathonAPITestScriptEndToEnd.java:21)
at com.test.tests.HekathonAPITestScriptEndToEnd.baseUri(HekathonAPITestScriptEndToEnd.java:21)
at com.test.tests.HekathonAPITestScriptEndToEnd.baseUri(HekathonAPITestScriptEndToEnd.java:21)
at com.test.tests.HekathonAPITestScriptEndToEnd.baseUri(HekathonAPITestScriptEndToEnd.java:21)
at com.test.tests.HekathonAPITestScriptEndToEnd.baseUri(HekathonAPITestScriptEndToEnd.java:21)
at com.test.tests.HekathonAPITestScriptEndToEnd.baseUri(HekathonAPITestScriptEndToEnd.java:21)
at com.test.tests.HekathonAPITestScriptEndToEnd.baseUri(HekathonAPITestScriptEndToEnd.java:21)
at com.test.tests.HekathonAPITestScriptEndToEnd.baseUri(HekathonAPITestScriptEndToEnd.java:21)
at com.test.tests.HekathonAPITestScriptEndToEnd.baseUri(HekathonAPITestScriptEndToEnd.java:21)
at com.test.tests.HekathonAPITestScriptEndToEnd.baseUri(HekathonAPITestScriptEndToEnd.java:21)
at com.test.tests.HekathonAPITestScriptEndToEnd.baseUri(HekathonAPITestScriptEndToEnd.java:21)
at com.test.tests.HekathonAPITestScriptEndToEnd.baseUri(HekathonAPITestScriptEndToEnd.java:21)
at com.test.tests.HekathonAPITestScriptEndToEnd.baseUri(HekathonAPITestScriptEndToEnd.java:21)
at com.test.tests.HekathonAPITestScriptEndToEnd.baseUri(HekathonAPITestScriptEndToEnd.java:21)
at com.test.tests.HekathonAPITestScriptEndToEnd.baseUri(HekathonAPITestScriptEndToEnd.java:21)
at com.test.tests.HekathonAPITestScriptEndToEnd.baseUri(HekathonAPITestScriptEndToEnd.java:21)
at com.test.tests.HekathonAPITestScriptEndToEnd.baseUri(HekathonAPITestScriptEndToEnd.java:21)
at com.test.tests.HekathonAPITestScriptEndToEnd.baseUri(HekathonAPITestScriptEndToEnd.java:21)
at com.test.tests.HekathonAPITestScriptEndToEnd.baseUri(HekathonAPITestScriptEndToEnd.java:21)
at com.test.tests.HekathonAPITestScriptEndToEnd.baseUri(HekathonAPITestScriptEndToEnd.java:21)
at com.test.tests.HekathonAPITestScriptEndToEnd.baseUri(HekathonAPITestScriptEndToEnd.java:21)
at com.test.tests.HekathonAPITestScriptEndToEnd.baseUri(HekathonAPITestScriptEndToEnd.java:21)
at com.test.tests.HekathonAPITestScriptEndToEnd.baseUri(HekathonAPITestScriptEndToEnd.java:21)
at com.test.tests.HekathonAPITestScriptEndToEnd.baseUri(HekathonAPITestScriptEndToEnd.java:21)
at com.test.tests.HekathonAPITestScriptEndToEnd.baseUri(HekathonAPITestScriptEndToEnd.java:21)
at com.test.tests.HekathonAPITestScriptEndToEnd.baseUri(HekathonAPITestScriptEndToEnd.java:21)
at com.test.tests.HekathonAPITestScriptEndToEnd.baseUri(HekathonAPITestScriptEndToEnd.java:21)
at com.test.tests.HekathonAPITestScriptEndToEnd.baseUri(HekathonAPITestScriptEndToEnd.java:21)
at com.test.tests.HekathonAPITestScriptEndToEnd.baseUri(HekathonAPITestScriptEndToEnd.java:21)
at com.test.tests.HekathonAPITestScriptEndToEnd.baseUri(HekathonAPITestScriptEndToEnd.java:21)
at com.test.tests.HekathonAPITestScriptEndToEnd.baseUri(HekathonAPITestScriptEndToEnd.java:21)
at com.test.tests.HekathonAPITestScriptEndToEnd.baseUri(HekathonAPITestScriptEndToEnd.java:21)
at com.test.tests.HekathonAPITestScriptEndToEnd.baseUri(HekathonAPITestScriptEndToEnd.java:21)
at com.test.tests.HekathonAPITestScriptEndToEnd.baseUri(HekathonAPITestScriptEndToEnd.java:21)
at com.test.tests.HekathonAPITestScriptEndToEnd.baseUri(HekathonAPITestScriptEndToEnd.java:21)
at com.test.tests.HekathonAPITestScriptEndToEnd.baseUri(HekathonAPITestScriptEndToEnd.java:21)
at com.test.tests.HekathonAPITestScriptEndToEnd.baseUri(HekathonAPITestScriptEndToEnd.java:21)
at com.test.tests.HekathonAPITestScriptEndToEnd.baseUri(HekathonAPITestScriptEndToEnd.java:21)
at com.test.tests.HekathonAPITestScriptEndToEnd.baseUri(HekathonAPITestScriptEndToEnd.java:21)
at com.test.tests.HekathonAPITestScriptEndToEnd.baseUri(HekathonAPITestScriptEndToEnd.java:21)
at com.test.tests.HekathonAPITestScriptEndToEnd.baseUri(HekathonAPITestScriptEndToEnd.java:21)
at com.test.tests.HekathonAPITestScriptEndToEnd.baseUri(HekathonAPITestScriptEndToEnd.java:21)
at com.test.tests.HekathonAPITestScriptEndToEnd.baseUri(HekathonAPITestScriptEndToEnd.java:21)
at com.test.tests.HekathonAPITestScriptEndToEnd.baseUri(HekathonAPITestScriptEndToEnd.java:21)
at com.test.tests.HekathonAPITestScriptEndToEnd.baseUri(HekathonAPITestScriptEndToEnd.java:21)
at com.test.tests.HekathonAPITestScriptEndToEnd.baseUri(HekathonAPITestScriptEndToEnd.java:21)
at com.test.tests.HekathonAPITestScriptEndToEnd.baseUri(HekathonAPITestScriptEndToEnd.java:21)
at com.test.tests.HekathonAPITestScriptEndToEnd.baseUri(HekathonAPITestScriptEndToEnd.java:21)
at com.test.tests.HekathonAPITestScriptEndToEnd.baseUri(HekathonAPITestScriptEndToEnd.java:21)
at com.test.tests.HekathonAPITestScriptEndToEnd.baseUri(HekathonAPITestScriptEndToEnd.java:21)
at com.test.tests.HekathonAPITestScriptEndToEnd.baseUri(HekathonAPITestScriptEndToEnd.java:21)
at com.test.tests.HekathonAPITestScriptEndToEnd.baseUri(HekathonAPITestScriptEndToEnd.java:21)
at com.test.tests.HekathonAPITestScriptEndToEnd.baseUri(HekathonAPITestScriptEndToEnd.java:21)
at com.test.tests.HekathonAPITestScriptEndToEnd.baseUri(HekathonAPITestScriptEndToEnd.java:21)
at com.test.tests.HekathonAPITestScriptEndToEnd.baseUri(HekathonAPITestScriptEndToEnd.java:21)
at com.test.tests.HekathonAPITestScriptEndToEnd.baseUri(HekathonAPITestScriptEndToEnd.java:21)
at com.test.tests.HekathonAPITestScriptEndToEnd.baseUri(HekathonAPITestScriptEndToEnd.java:21)
at com.test.tests.HekathonAPITestScriptEndToEnd.baseUri(HekathonAPITestScriptEndToEnd.java:21)
at com.test.tests.HekathonAPITestScriptEndToEnd.baseUri(HekathonAPITestScriptEndToEnd.java:21)
at com.test.tests.HekathonAPITestScriptEndToEnd.baseUri(HekathonAPITestScriptEndToEnd.java:21)
at com.test.tests.HekathonAPITestScriptEndToEnd.baseUri(HekathonAPITestScriptEndToEnd.java:21)
at com.test.tests.HekathonAPITestScriptEndToEnd.baseUri(HekathonAPITestScriptEndToEnd.java:21)
at com.test.tests.HekathonAPITestScriptEndToEnd.baseUri(HekathonAPITestScriptEndToEnd.java:21)
at com.test.tests.HekathonAPITestScriptEndToEnd.baseUri(HekathonAPITestScriptEndToEnd.java:21)
at com.test.tests.HekathonAPITestScriptEndToEnd.baseUri(HekathonAPITestScriptEndToEnd.java:21)
at com.test.tests.HekathonAPITestScriptEndToEnd.baseUri(HekathonAPITestScriptEndToEnd.java:21)
at com.test.tests.HekathonAPITestScriptEndToEnd.baseUri(HekathonAPITestScriptEndToEnd.java:21)
at com.test.tests.HekathonAPITestScriptEndToEnd.baseUri(HekathonAPITestScriptEndToEnd.java:21)
at com.test.tests.HekathonAPITestScriptEndToEnd.baseUri(HekathonAPITestScriptEndToEnd.java:21)
at com.test.tests.HekathonAPITestScriptEndToEnd.baseUri(HekathonAPITestScriptEndToEnd.java:21)
at com.test.tests.HekathonAPITestScriptEndToEnd.baseUri(HekathonAPITestScriptEndToEnd.java:21)
at com.test.tests.HekathonAPITestScriptEndToEnd.baseUri(HekathonAPITestScriptEndToEnd.java:21)
at com.test.tests.HekathonAPITestScriptEndToEnd.baseUri(HekathonAPITestScriptEndToEnd.java:21)
at com.test.tests.HekathonAPITestScriptEndToEnd.baseUri(HekathonAPITestScriptEndToEnd.java:21)
at com.test.tests.HekathonAPITestScriptEndToEnd.baseUri(HekathonAPITestScriptEndToEnd.java:21)
at com.test.tests.HekathonAPITestScriptEndToEnd.baseUri(HekathonAPITestScriptEndToEnd.java:21)
at com.test.tests.HekathonAPITestScriptEndToEnd.baseUri(HekathonAPITestScriptEndToEnd.java:21)
at com.test.tests.HekathonAPITestScriptEndToEnd.baseUri(HekathonAPITestScriptEndToEnd.java:21)
at com.test.tests.HekathonAPITestScriptEndToEnd.baseUri(HekathonAPITestScriptEndToEnd.java:21)
at com.test.tests.HekathonAPITestScriptEndToEnd.baseUri(HekathonAPITestScriptEndToEnd.java:21)
at com.test.tests.HekathonAPITestScriptEndToEnd.baseUri(HekathonAPITestScriptEndToEnd.java:21)
at com.test.tests.HekathonAPITestScriptEndToEnd.baseUri(HekathonAPITestScriptEndToEnd.java:21)
at com.test.tests.HekathonAPITestScriptEndToEnd.baseUri(HekathonAPITestScriptEndToEnd.java:21)
at com.test.tests.HekathonAPITestScriptEndToEnd.baseUri(HekathonAPITestScriptEndToEnd.java:21)
at com.test.tests.HekathonAPITestScriptEndToEnd.baseUri(HekathonAPITestScriptEndToEnd.java:21)
at com.test.tests.HekathonAPITestScriptEndToEnd.baseUri(HekathonAPITestScriptEndToEnd.java:21)
at com.test.tests.HekathonAPITestScriptEndToEnd.baseUri(HekathonAPITestScriptEndToEnd.java:21)
at com.test.tests.HekathonAPITestScriptEndToEnd.baseUri(HekathonAPITestScriptEndToEnd.java:21)
at com.test.tests.HekathonAPITestScriptEndToEnd.baseUri(HekathonAPITestScriptEndToEnd.java:21)
at com.test.tests.HekathonAPITestScriptEndToEnd.baseUri(HekathonAPITestScriptEndToEnd.java:21)
at com.test.tests.HekathonAPITestScriptEndToEnd.baseUri(HekathonAPITestScriptEndToEnd.java:21)
at com.test.tests.HekathonAPITestScriptEndToEnd.baseUri(HekathonAPITestScriptEndToEnd.java:21)
at com.test.tests.HekathonAPITestScriptEndToEnd.baseUri(HekathonAPITestScriptEndToEnd.java:21)
at com.test.tests.HekathonAPITestScriptEndToEnd.baseUri(HekathonAPITestScriptEndToEnd.java:21)
at com.test.tests.HekathonAPITestScriptEndToEnd.baseUri(HekathonAPITestScriptEndToEnd.java:21)
at com.test.tests.HekathonAPITestScriptEndToEnd.baseUri(HekathonAPITestScriptEndToEnd.java:21)
at com.test.tests.HekathonAPITestScriptEndToEnd.baseUri(HekathonAPITestScriptEndToEnd.java:21)
at com.test.tests.HekathonAPITestScriptEndToEnd.baseUri(HekathonAPITestScriptEndToEnd.java:21)
at com.test.tests.HekathonAPITestScriptEndToEnd.baseUri(HekathonAPITestScriptEndToEnd.java:21)
at com.test.tests.HekathonAPITestScriptEndToEnd.baseUri(HekathonAPITestScriptEndToEnd.java:21)
at com.test.tests.HekathonAPITestScriptEndToEnd.baseUri(HekathonAPITestScriptEndToEnd.java:21)
at com.test.tests.HekathonAPITestScriptEndToEnd.baseUri(HekathonAPITestScriptEndToEnd.java:21)
at com.test.tests.HekathonAPITestScriptEndToEnd.baseUri(HekathonAPITestScriptEndToEnd.java:21)
at com.test.tests.HekathonAPITestScriptEndToEnd.baseUri(HekathonAPITestScriptEndToEnd.java:21)
at com.test.tests.HekathonAPITestScriptEndToEnd.baseUri(HekathonAPITestScriptEndToEnd.java:21)
at com.test.tests.HekathonAPITestScriptEndToEnd.baseUri(HekathonAPITestScriptEndToEnd.java:21)
at com.test.tests.HekathonAPITestScriptEndToEnd.baseUri(HekathonAPITestScriptEndToEnd.java:21)
at com.test.tests.HekathonAPITestScriptEndToEnd.baseUri(HekathonAPITestScriptEndToEnd.java:21)
at com.test.tests.HekathonAPITestScriptEndToEnd.baseUri(HekathonAPITestScriptEndToEnd.java:21)
at com.test.tests.HekathonAPITestScriptEndToEnd.baseUri(HekathonAPITestScriptEndToEnd.java:21)
at com.test.tests.HekathonAPITestScriptEndToEnd.baseUri(HekathonAPITestScriptEndToEnd.java:21)
at com.test.tests.HekathonAPITestScriptEndToEnd.baseUri(HekathonAPITestScriptEndToEnd.java:21)
at com.test.tests.HekathonAPITestScriptEndToEnd.baseUri(HekathonAPITestScriptEndToEnd.java:21)
at com.test.tests.HekathonAPITestScriptEndToEnd.baseUri(HekathonAPITestScriptEndToEnd.java:21)
at com.test.tests.HekathonAPITestScriptEndToEnd.baseUri(HekathonAPITestScriptEndToEnd.java:21)
at com.test.tests.HekathonAPITestScriptEndToEnd.baseUri(HekathonAPITestScriptEndToEnd.java:21)
at com.test.tests.HekathonAPITestScriptEndToEnd.baseUri(HekathonAPITestScriptEndToEnd.java:21)
at com.test.tests.HekathonAPITestScriptEndToEnd.baseUri(HekathonAPITestScriptEndToEnd.java:21)
at com.test.tests.HekathonAPITestScriptEndToEnd.baseUri(HekathonAPITestScriptEndToEnd.java:21)
at com.test.tests.HekathonAPITestScriptEndToEnd.baseUri(HekathonAPITestScriptEndToEnd.java:21)
at com.test.tests.HekathonAPITestScriptEndToEnd.baseUri(HekathonAPITestScriptEndToEnd.java:21)
at com.test.tests.HekathonAPITestScriptEndToEnd.baseUri(HekathonAPITestScriptEndToEnd.java:21)
at com.test.tests.HekathonAPITestScriptEndToEnd.baseUri(HekathonAPITestScriptEndToEnd.java:21)
at com.test.tests.HekathonAPITestScriptEndToEnd.baseUri(HekathonAPITestScriptEndToEnd.java:21)
at com.test.tests.HekathonAPITestScriptEndToEnd.baseUri(HekathonAPITestScriptEndToEnd.java:21)
at com.test.tests.HekathonAPITestScriptEndToEnd.baseUri(HekathonAPITestScriptEndToEnd.java:21)
at com.test.tests.HekathonAPITestScriptEndToEnd.baseUri(HekathonAPITestScriptEndToEnd.java:21)
at com.test.tests.HekathonAPITestScriptEndToEnd.baseUri(HekathonAPITestScriptEndToEnd.java:21)
at com.test.tests.HekathonAPITestScriptEndToEnd.baseUri(HekathonAPITestScriptEndToEnd.java:21)
at com.test.tests.HekathonAPITestScriptEndToEnd.baseUri(HekathonAPITestScriptEndToEnd.java:21)
at com.test.tests.HekathonAPITestScriptEndToEnd.baseUri(HekathonAPITestScriptEndToEnd.java:21)
at com.test.tests.HekathonAPITestScriptEndToEnd.baseUri(HekathonAPITestScriptEndToEnd.java:21)
at com.test.tests.HekathonAPITestScriptEndToEnd.baseUri(HekathonAPITestScriptEndToEnd.java:21)
at com.test.tests.HekathonAPITestScriptEndToEnd.baseUri(HekathonAPITestScriptEndToEnd.java:21)
at com.test.tests.HekathonAPITestScriptEndToEnd.baseUri(HekathonAPITestScriptEndToEnd.java:21)
at com.test.tests.HekathonAPITestScriptEndToEnd.baseUri(HekathonAPITestScriptEndToEnd.java:21)
at com.test.tests.HekathonAPITestScriptEndToEnd.baseUri(HekathonAPITestScriptEndToEnd.java:21)
at com.test.tests.HekathonAPITestScriptEndToEnd.baseUri(HekathonAPITestScriptEndToEnd.java:21)
at com.test.tests.HekathonAPITestScriptEndToEnd.baseUri(HekathonAPITestScriptEndToEnd.java:21)
at com.test.tests.HekathonAPITestScriptEndToEnd.baseUri(HekathonAPITestScriptEndToEnd.java:21)
at com.test.tests.HekathonAPITestScriptEndToEnd.baseUri(HekathonAPITestScriptEndToEnd.java:21)
at com.test.tests.HekathonAPITestScriptEndToEnd.baseUri(HekathonAPITestScriptEndToEnd.java:21)
at com.test.tests.HekathonAPITestScriptEndToEnd.baseUri(HekathonAPITestScriptEndToEnd.java:21)
at com.test.tests.HekathonAPITestScriptEndToEnd.baseUri(HekathonAPITestScriptEndToEnd.java:21)
at com.test.tests.HekathonAPITestScriptEndToEnd.baseUri(HekathonAPITestScriptEndToEnd.java:21)
at com.test.tests.HekathonAPITestScriptEndToEnd.baseUri(HekathonAPITestScriptEndToEnd.java:21)
at com.test.tests.HekathonAPITestScriptEndToEnd.baseUri(HekathonAPITestScriptEndToEnd.java:21)
at com.test.tests.HekathonAPITestScriptEndToEnd.baseUri(HekathonAPITestScriptEndToEnd.java:21)
at com.test.tests.HekathonAPITestScriptEndToEnd.baseUri(HekathonAPITestScriptEndToEnd.java:21)
at com.test.tests.HekathonAPITestScriptEndToEnd.baseUri(HekathonAPITestScriptEndToEnd.java:21)
at com.test.tests.HekathonAPITestScriptEndToEnd.baseUri(HekathonAPITestScriptEndToEnd.java:21)
at com.test.tests.HekathonAPITestScriptEndToEnd.baseUri(HekathonAPITestScriptEndToEnd.java:21)
at com.test.tests.HekathonAPITestScriptEndToEnd.baseUri(HekathonAPITestScriptEndToEnd.java:21)
at com.test.tests.HekathonAPITestScriptEndToEnd.baseUri(HekathonAPITestScriptEndToEnd.java:21)
at com.test.tests.HekathonAPITestScriptEndToEnd.baseUri(HekathonAPITestScriptEndToEnd.java:21)
at com.test.tests.HekathonAPITestScriptEndToEnd.baseUri(HekathonAPITestScriptEndToEnd.java:21)
at com.test.tests.HekathonAPITestScriptEndToEnd.baseUri(HekathonAPITestScriptEndToEnd.java:21)
at com.test.tests.HekathonAPITestScriptEndToEnd.baseUri(HekathonAPITestScriptEndToEnd.java:21)
at com.test.tests.HekathonAPITestScriptEndToEnd.baseUri(HekathonAPITestScriptEndToEnd.java:21)
at com.test.tests.HekathonAPITestScriptEndToEnd.baseUri(HekathonAPITestScriptEndToEnd.java:21)
at com.test.tests.HekathonAPITestScriptEndToEnd.baseUri(HekathonAPITestScriptEndToEnd.java:21)
at com.test.tests.HekathonAPITestScriptEndToEnd.baseUri(HekathonAPITestScriptEndToEnd.java:21)
at com.test.tests.HekathonAPITestScriptEndToEnd.baseUri(HekathonAPITestScriptEndToEnd.java:21)
at com.test.tests.HekathonAPITestScriptEndToEnd.baseUri(HekathonAPITestScriptEndToEnd.java:21)
at com.test.tests.HekathonAPITestScriptEndToEnd.baseUri(HekathonAPITestScriptEndToEnd.java:21)
at com.test.tests.HekathonAPITestScriptEndToEnd.baseUri(HekathonAPITestScriptEndToEnd.java:21)
at com.test.tests.HekathonAPITestScriptEndToEnd.baseUri(HekathonAPITestScriptEndToEnd.java:21)
at com.test.tests.HekathonAPITestScriptEndToEnd.baseUri(HekathonAPITestScriptEndToEnd.java:21)
at com.test.tests.HekathonAPITestScriptEndToEnd.baseUri(HekathonAPITestScriptEndToEnd.java:21)
at com.test.tests.HekathonAPITestScriptEndToEnd.baseUri(HekathonAPITestScriptEndToEnd.java:21)
at com.test.tests.HekathonAPITestScriptEndToEnd.baseUri(HekathonAPITestScriptEndToEnd.java:21)
at com.test.tests.HekathonAPITestScriptEndToEnd.baseUri(HekathonAPITestScriptEndToEnd.java:21)
at com.test.tests.HekathonAPITestScriptEndToEnd.baseUri(HekathonAPITestScriptEndToEnd.java:21)
at com.test.tests.HekathonAPITestScriptEndToEnd.baseUri(HekathonAPITestScriptEndToEnd.java:21)
at com.test.tests.HekathonAPITestScriptEndToEnd.baseUri(HekathonAPITestScriptEndToEnd.java:21)
at com.test.tests.HekathonAPITestScriptEndToEnd.baseUri(HekathonAPITestScriptEndToEnd.java:21)
at com.test.tests.HekathonAPITestScriptEndToEnd.baseUri(HekathonAPITestScriptEndToEnd.java:21)
at com.test.tests.HekathonAPITestScriptEndToEnd.baseUri(HekathonAPITestScriptEndToEnd.java:21)
at com.test.tests.HekathonAPITestScriptEndToEnd.baseUri(HekathonAPITestScriptEndToEnd.java:21)
at com.test.tests.HekathonAPITestScriptEndToEnd.baseUri(HekathonAPITestScriptEndToEnd.java:21)
at com.test.tests.HekathonAPITestScriptEndToEnd.baseUri(HekathonAPITestScriptEndToEnd.java:21)
at com.test.tests.HekathonAPITestScriptEndToEnd.baseUri(HekathonAPITestScriptEndToEnd.java:21)
at com.test.tests.HekathonAPITestScriptEndToEnd.baseUri(HekathonAPITestScriptEndToEnd.java:21)
at com.test.tests.HekathonAPITestScriptEndToEnd.baseUri(HekathonAPITestScriptEndToEnd.java:21)
at com.test.tests.HekathonAPITestScriptEndToEnd.baseUri(HekathonAPITestScriptEndToEnd.java:21)
at com.test.tests.HekathonAPITestScriptEndToEnd.baseUri(HekathonAPITestScriptEndToEnd.java:21)
at com.test.tests.HekathonAPITestScriptEndToEnd.baseUri(HekathonAPITestScriptEndToEnd.java:21)
at com.test.tests.HekathonAPITestScriptEndToEnd.baseUri(HekathonAPITestScriptEndToEnd.java:21)
at com.test.tests.HekathonAPITestScriptEndToEnd.baseUri(HekathonAPITestScriptEndToEnd.java:21)
at com.test.tests.HekathonAPITestScriptEndToEnd.baseUri(HekathonAPITestScriptEndToEnd.java:21)
at com.test.tests.HekathonAPITestScriptEndToEnd.baseUri(HekathonAPITestScriptEndToEnd.java:21)
at com.test.tests.HekathonAPITestScriptEndToEnd.baseUri(HekathonAPITestScriptEndToEnd.java:21)
at com.test.tests.HekathonAPITestScriptEndToEnd.baseUri(HekathonAPITestScriptEndToEnd.java:21)
at com.test.tests.HekathonAPITestScriptEndToEnd.baseUri(HekathonAPITestScriptEndToEnd.java:21)
at com.test.tests.HekathonAPITestScriptEndToEnd.baseUri(HekathonAPITestScriptEndToEnd.java:21)
at com.test.tests.HekathonAPITestScriptEndToEnd.baseUri(HekathonAPITestScriptEndToEnd.java:21)
at com.test.tests.HekathonAPITestScriptEndToEnd.baseUri(HekathonAPITestScriptEndToEnd.java:21)
at com.test.tests.HekathonAPITestScriptEndToEnd.baseUri(HekathonAPITestScriptEndToEnd.java:21)
at com.test.tests.HekathonAPITestScriptEndToEnd.baseUri(HekathonAPITestScriptEndToEnd.java:21)
at com.test.tests.HekathonAPITestScriptEndToEnd.baseUri(HekathonAPITestScriptEndToEnd.java:21)
at com.test.tests.HekathonAPITestScriptEndToEnd.baseUri(HekathonAPITestScriptEndToEnd.java:21)
at com.test.tests.HekathonAPITestScriptEndToEnd.baseUri(HekathonAPITestScriptEndToEnd.java:21)
at com.test.tests.HekathonAPITestScriptEndToEnd.baseUri(HekathonAPITestScriptEndToEnd.java:21)
at com.test.tests.HekathonAPITestScriptEndToEnd.baseUri(HekathonAPITestScriptEndToEnd.java:21)
at com.test.tests.HekathonAPITestScriptEndToEnd.baseUri(HekathonAPITestScriptEndToEnd.java:21)
at com.test.tests.HekathonAPITestScriptEndToEnd.baseUri(HekathonAPITestScriptEndToEnd.java:21)
at com.test.tests.HekathonAPITestScriptEndToEnd.baseUri(HekathonAPITestScriptEndToEnd.java:21)
at com.test.tests.HekathonAPITestScriptEndToEnd.baseUri(HekathonAPITestScriptEndToEnd.java:21)
at com.test.tests.HekathonAPITestScriptEndToEnd.baseUri(HekathonAPITestScriptEndToEnd.java:21)
at com.test.tests.HekathonAPITestScriptEndToEnd.baseUri(HekathonAPITestScriptEndToEnd.java:21)
at com.test.tests.HekathonAPITestScriptEndToEnd.baseUri(HekathonAPITestScriptEndToEnd.java:21)
at com.test.tests.HekathonAPITestScriptEndToEnd.baseUri(HekathonAPITestScriptEndToEnd.java:21)
at com.test.tests.HekathonAPITestScriptEndToEnd.baseUri(HekathonAPITestScriptEndToEnd.java:21)
at com.test.tests.HekathonAPITestScriptEndToEnd.baseUri(HekathonAPITestScriptEndToEnd.java:21)
at com.test.tests.HekathonAPITestScriptEndToEnd.baseUri(HekathonAPITestScriptEndToEnd.java:21)
at com.test.tests.HekathonAPITestScriptEndToEnd.baseUri(HekathonAPITestScriptEndToEnd.java:21)
at com.test.tests.HekathonAPITestScriptEndToEnd.baseUri(HekathonAPITestScriptEndToEnd.java:21)
at com.test.tests.HekathonAPITestScriptEndToEnd.baseUri(HekathonAPITestScriptEndToEnd.java:21)
at com.test.tests.HekathonAPITestScriptEndToEnd.baseUri(HekathonAPITestScriptEndToEnd.java:21)
at com.test.tests.HekathonAPITestScriptEndToEnd.baseUri(HekathonAPITestScriptEndToEnd.java:21)
at com.test.tests.HekathonAPITestScriptEndToEnd.baseUri(HekathonAPITestScriptEndToEnd.java:21)
at com.test.tests.HekathonAPITestScriptEndToEnd.baseUri(HekathonAPITestScriptEndToEnd.java:21)
at com.test.tests.HekathonAPITestScriptEndToEnd.baseUri(HekathonAPITestScriptEndToEnd.java:21)
at com.test.tests.HekathonAPITestScriptEndToEnd.baseUri(HekathonAPITestScriptEndToEnd.java:21)
at com.test.tests.HekathonAPITestScriptEndToEnd.baseUri(HekathonAPITestScriptEndToEnd.java:21)
at com.test.tests.HekathonAPITestScriptEndToEnd.baseUri(HekathonAPITestScriptEndToEnd.java:21)
at com.test.tests.HekathonAPITestScriptEndToEnd.baseUri(HekathonAPITestScriptEndToEnd.java:21)
at com.test.tests.HekathonAPITestScriptEndToEnd.baseUri(HekathonAPITestScriptEndToEnd.java:21)
at com.test.tests.HekathonAPITestScriptEndToEnd.baseUri(HekathonAPITestScriptEndToEnd.java:21)
at com.test.tests.HekathonAPITestScriptEndToEnd.baseUri(HekathonAPITestScriptEndToEnd.java:21)
at com.test.tests.HekathonAPITestScriptEndToEnd.baseUri(HekathonAPITestScriptEndToEnd.java:21)
at com.test.tests.HekathonAPITestScriptEndToEnd.baseUri(HekathonAPITestScriptEndToEnd.java:21)
at com.test.tests.HekathonAPITestScriptEndToEnd.baseUri(HekathonAPITestScriptEndToEnd.java:21)
at com.test.tests.HekathonAPITestScriptEndToEnd.baseUri(HekathonAPITestScriptEndToEnd.java:21)
at com.test.tests.HekathonAPITestScriptEndToEnd.baseUri(HekathonAPITestScriptEndToEnd.java:21)
at com.test.tests.HekathonAPITestScriptEndToEnd.baseUri(HekathonAPITestScriptEndToEnd.java:21)
at com.test.tests.HekathonAPITestScriptEndToEnd.baseUri(HekathonAPITestScriptEndToEnd.java:21)
at com.test.tests.HekathonAPITestScriptEndToEnd.baseUri(HekathonAPITestScriptEndToEnd.java:21)
at com.test.tests.HekathonAPITestScriptEndToEnd.baseUri(HekathonAPITestScriptEndToEnd.java:21)
at com.test.tests.HekathonAPITestScriptEndToEnd.baseUri(HekathonAPITestScriptEndToEnd.java:21)
at com.test.tests.HekathonAPITestScriptEndToEnd.baseUri(HekathonAPITestScriptEndToEnd.java:21)
at com.test.tests.HekathonAPITestScriptEndToEnd.baseUri(HekathonAPITestScriptEndToEnd.java:21)
at com.test.tests.HekathonAPITestScriptEndToEnd.baseUri(HekathonAPITestScriptEndToEnd.java:21)
at com.test.tests.HekathonAPITestScriptEndToEnd.baseUri(HekathonAPITestScriptEndToEnd.java:21)
at com.test.tests.HekathonAPITestScriptEndToEnd.baseUri(HekathonAPITestScriptEndToEnd.java:21)
at com.test.tests.HekathonAPITestScriptEndToEnd.baseUri(HekathonAPITestScriptEndToEnd.java:21)
at com.test.tests.HekathonAPITestScriptEndToEnd.baseUri(HekathonAPITestScriptEndToEnd.java:21)
at com.test.tests.HekathonAPITestScriptEndToEnd.baseUri(HekathonAPITestScriptEndToEnd.java:21)
at com.test.tests.HekathonAPITestScriptEndToEnd.baseUri(HekathonAPITestScriptEndToEnd.java:21)
at com.test.tests.HekathonAPITestScriptEndToEnd.baseUri(HekathonAPITestScriptEndToEnd.java:21)
at com.test.tests.HekathonAPITestScriptEndToEnd.baseUri(HekathonAPITestScriptEndToEnd.java:21)
at com.test.tests.HekathonAPITestScriptEndToEnd.baseUri(HekathonAPITestScriptEndToEnd.java:21)
at com.test.tests.HekathonAPITestScriptEndToEnd.baseUri(HekathonAPITestScriptEndToEnd.java:21)
at com.test.tests.HekathonAPITestScriptEndToEnd.baseUri(HekathonAPITestScriptEndToEnd.java:21)
at com.test.tests.HekathonAPITestScriptEndToEnd.baseUri(HekathonAPITestScriptEndToEnd.java:21)
at com.test.tests.HekathonAPITestScriptEndToEnd.baseUri(HekathonAPITestScriptEndToEnd.java:21)
at com.test.tests.HekathonAPITestScriptEndToEnd.baseUri(HekathonAPITestScriptEndToEnd.java:21)
at com.test.tests.HekathonAPITestScriptEndToEnd.baseUri(HekathonAPITestScriptEndToEnd.java:21)
at com.test.tests.HekathonAPITestScriptEndToEnd.baseUri(HekathonAPITestScriptEndToEnd.java:21)
at com.test.tests.HekathonAPITestScriptEndToEnd.baseUri(HekathonAPITestScriptEndToEnd.java:21)
at com.test.tests.HekathonAPITestScriptEndToEnd.baseUri(HekathonAPITestScriptEndToEnd.java:21)
at com.test.tests.HekathonAPITestScriptEndToEnd.baseUri(HekathonAPITestScriptEndToEnd.java:21)
at com.test.tests.HekathonAPITestScriptEndToEnd.baseUri(HekathonAPITestScriptEndToEnd.java:21)
at com.test.tests.HekathonAPITestScriptEndToEnd.baseUri(HekathonAPITestScriptEndToEnd.java:21)
at com.test.tests.HekathonAPITestScriptEndToEnd.baseUri(HekathonAPITestScriptEndToEnd.java:21)
at com.test.tests.HekathonAPITestScriptEndToEnd.baseUri(HekathonAPITestScriptEndToEnd.java:21)
at com.test.tests.HekathonAPITestScriptEndToEnd.baseUri(HekathonAPITestScriptEndToEnd.java:21)
at com.test.tests.HekathonAPITestScriptEndToEnd.baseUri(HekathonAPITestScriptEndToEnd.java:21)
at com.test.tests.HekathonAPITestScriptEndToEnd.baseUri(HekathonAPITestScriptEndToEnd.java:21)
at com.test.tests.HekathonAPITestScriptEndToEnd.baseUri(HekathonAPITestScriptEndToEnd.java:21)
at com.test.tests.HekathonAPITestScriptEndToEnd.baseUri(HekathonAPITestScriptEndToEnd.java:21)
at com.test.tests.HekathonAPITestScriptEndToEnd.baseUri(HekathonAPITestScriptEndToEnd.java:21)
at com.test.tests.HekathonAPITestScriptEndToEnd.baseUri(HekathonAPITestScriptEndToEnd.java:21)
at com.test.tests.HekathonAPITestScriptEndToEnd.baseUri(HekathonAPITestScriptEndToEnd.java:21)
at com.test.tests.HekathonAPITestScriptEndToEnd.baseUri(HekathonAPITestScriptEndToEnd.java:21)
at com.test.tests.HekathonAPITestScriptEndToEnd.baseUri(HekathonAPITestScriptEndToEnd.java:21)
at com.test.tests.HekathonAPITestScriptEndToEnd.baseUri(HekathonAPITestScriptEndToEnd.java:21)
at com.test.tests.HekathonAPITestScriptEndToEnd.baseUri(HekathonAPITestScriptEndToEnd.java:21)
at com.test.tests.HekathonAPITestScriptEndToEnd.baseUri(HekathonAPITestScriptEndToEnd.java:21)
at com.test.tests.HekathonAPITestScriptEndToEnd.baseUri(HekathonAPITestScriptEndToEnd.java:21)
at com.test.tests.HekathonAPITestScriptEndToEnd.baseUri(HekathonAPITestScriptEndToEnd.java:21)
at com.test.tests.HekathonAPITestScriptEndToEnd.baseUri(HekathonAPITestScriptEndToEnd.java:21)
at com.test.tests.HekathonAPITestScriptEndToEnd.baseUri(HekathonAPITestScriptEndToEnd.java:21)
at com.test.tests.HekathonAPITestScriptEndToEnd.baseUri(HekathonAPITestScriptEndToEnd.java:21)
at com.test.tests.HekathonAPITestScriptEndToEnd.baseUri(HekathonAPITestScriptEndToEnd.java:21)
at com.test.tests.HekathonAPITestScriptEndToEnd.baseUri(HekathonAPITestScriptEndToEnd.java:21)
at com.test.tests.HekathonAPITestScriptEndToEnd.baseUri(HekathonAPITestScriptEndToEnd.java:21)
at com.test.tests.HekathonAPITestScriptEndToEnd.baseUri(HekathonAPITestScriptEndToEnd.java:21)
at com.test.tests.HekathonAPITestScriptEndToEnd.baseUri(HekathonAPITestScriptEndToEnd.java:21)
at com.test.tests.HekathonAPITestScriptEndToEnd.baseUri(HekathonAPITestScriptEndToEnd.java:21)
at com.test.tests.HekathonAPITestScriptEndToEnd.baseUri(HekathonAPITestScriptEndToEnd.java:21)
at com.test.tests.HekathonAPITestScriptEndToEnd.baseUri(HekathonAPITestScriptEndToEnd.java:21)
at com.test.tests.HekathonAPITestScriptEndToEnd.baseUri(HekathonAPITestScriptEndToEnd.java:21)
at com.test.tests.HekathonAPITestScriptEndToEnd.baseUri(HekathonAPITestScriptEndToEnd.java:21)
at com.test.tests.HekathonAPITestScriptEndToEnd.baseUri(HekathonAPITestScriptEndToEnd.java:21)
at com.test.tests.HekathonAPITestScriptEndToEnd.baseUri(HekathonAPITestScriptEndToEnd.java:21)
at com.test.tests.HekathonAPITestScriptEndToEnd.baseUri(HekathonAPITestScriptEndToEnd.java:21)
at com.test.tests.HekathonAPITestScriptEndToEnd.baseUri(HekathonAPITestScriptEndToEnd.java:21)
at com.test.tests.HekathonAPITestScriptEndToEnd.baseUri(HekathonAPITestScriptEndToEnd.java:21)
at com.test.tests.HekathonAPITestScriptEndToEnd.baseUri(HekathonAPITestScriptEndToEnd.java:21)
at com.test.tests.HekathonAPITestScriptEndToEnd.baseUri(HekathonAPITestScriptEndToEnd.java:21)
at com.test.tests.HekathonAPITestScriptEndToEnd.baseUri(HekathonAPITestScriptEndToEnd.java:21)
at com.test.tests.HekathonAPITestScriptEndToEnd.baseUri(HekathonAPITestScriptEndToEnd.java:21)
at com.test.tests.HekathonAPITestScriptEndToEnd.baseUri(HekathonAPITestScriptEndToEnd.java:21)
at com.test.tests.HekathonAPITestScriptEndToEnd.baseUri(HekathonAPITestScriptEndToEnd.java:21)
at com.test.tests.HekathonAPITestScriptEndToEnd.baseUri(HekathonAPITestScriptEndToEnd.java:21)
at com.test.tests.HekathonAPITestScriptEndToEnd.baseUri(HekathonAPITestScriptEndToEnd.java:21)
at com.test.tests.HekathonAPITestScriptEndToEnd.baseUri(HekathonAPITestScriptEndToEnd.java:21)
at com.test.tests.HekathonAPITestScriptEndToEnd.baseUri(HekathonAPITestScriptEndToEnd.java:21)
at com.test.tests.HekathonAPITestScriptEndToEnd.baseUri(HekathonAPITestScriptEndToEnd.java:21)
at com.test.tests.HekathonAPITestScriptEndToEnd.baseUri(HekathonAPITestScriptEndToEnd.java:21)
at com.test.tests.HekathonAPITestScriptEndToEnd.baseUri(HekathonAPITestScriptEndToEnd.java:21)
at com.test.tests.HekathonAPITestScriptEndToEnd.baseUri(HekathonAPITestScriptEndToEnd.java:21)
at com.test.tests.HekathonAPITestScriptEndToEnd.baseUri(HekathonAPITestScriptEndToEnd.java:21)
at com.test.tests.HekathonAPITestScriptEndToEnd.baseUri(HekathonAPITestScriptEndToEnd.java:21)
at com.test.tests.HekathonAPITestScriptEndToEnd.baseUri(HekathonAPITestScriptEndToEnd.java:21)
at com.test.tests.HekathonAPITestScriptEndToEnd.baseUri(HekathonAPITestScriptEndToEnd.java:21)
at com.test.tests.HekathonAPITestScriptEndToEnd.baseUri(HekathonAPITestScriptEndToEnd.java:21)
at com.test.tests.HekathonAPITestScriptEndToEnd.baseUri(HekathonAPITestScriptEndToEnd.java:21)
at com.test.tests.HekathonAPITestScriptEndToEnd.baseUri(HekathonAPITestScriptEndToEnd.java:21)
at com.test.tests.HekathonAPITestScriptEndToEnd.baseUri(HekathonAPITestScriptEndToEnd.java:21)
at com.test.tests.HekathonAPITestScriptEndToEnd.baseUri(HekathonAPITestScriptEndToEnd.java:21)
at com.test.tests.HekathonAPITestScriptEndToEnd.baseUri(HekathonAPITestScriptEndToEnd.java:21)
at com.test.tests.HekathonAPITestScriptEndToEnd.baseUri(HekathonAPITestScriptEndToEnd.java:21)
at com.test.tests.HekathonAPITestScriptEndToEnd.baseUri(HekathonAPITestScriptEndToEnd.java:21)
at com.test.tests.HekathonAPITestScriptEndToEnd.baseUri(HekathonAPITestScriptEndToEnd.java:21)
at com.test.tests.HekathonAPITestScriptEndToEnd.baseUri(HekathonAPITestScriptEndToEnd.java:21)
at com.test.tests.HekathonAPITestScriptEndToEnd.baseUri(HekathonAPITestScriptEndToEnd.java:21)
at com.test.tests.HekathonAPITestScriptEndToEnd.baseUri(HekathonAPITestScriptEndToEnd.java:21)
at com.test.tests.HekathonAPITestScriptEndToEnd.baseUri(HekathonAPITestScriptEndToEnd.java:21)
at com.test.tests.HekathonAPITestScriptEndToEnd.baseUri(HekathonAPITestScriptEndToEnd.java:21)
at com.test.tests.HekathonAPITestScriptEndToEnd.baseUri(HekathonAPITestScriptEndToEnd.java:21)
at com.test.tests.HekathonAPITestScriptEndToEnd.baseUri(HekathonAPITestScriptEndToEnd.java:21)
at com.test.tests.HekathonAPITestScriptEndToEnd.baseUri(HekathonAPITestScriptEndToEnd.java:21)
at com.test.tests.HekathonAPITestScriptEndToEnd.baseUri(HekathonAPITestScriptEndToEnd.java:21)
at com.test.tests.HekathonAPITestScriptEndToEnd.baseUri(HekathonAPITestScriptEndToEnd.java:21)
at com.test.tests.HekathonAPITestScriptEndToEnd.baseUri(HekathonAPITestScriptEndToEnd.java:21)
at com.test.tests.HekathonAPITestScriptEndToEnd.baseUri(HekathonAPITestScriptEndToEnd.java:21)
at com.test.tests.HekathonAPITestScriptEndToEnd.baseUri(HekathonAPITestScriptEndToEnd.java:21)
at com.test.tests.HekathonAPITestScriptEndToEnd.baseUri(HekathonAPITestScriptEndToEnd.java:21)
at com.test.tests.HekathonAPITestScriptEndToEnd.baseUri(HekathonAPITestScriptEndToEnd.java:21)
at com.test.tests.HekathonAPITestScriptEndToEnd.baseUri(HekathonAPITestScriptEndToEnd.java:21)
at com.test.tests.HekathonAPITestScriptEndToEnd.baseUri(HekathonAPITestScriptEndToEnd.java:21)
at com.test.tests.HekathonAPITestScriptEndToEnd.baseUri(HekathonAPITestScriptEndToEnd.java:21)
at com.test.tests.HekathonAPITestScriptEndToEnd.baseUri(HekathonAPITestScriptEndToEnd.java:21)
at com.test.tests.HekathonAPITestScriptEndToEnd.baseUri(HekathonAPITestScriptEndToEnd.java:21)
at com.test.tests.HekathonAPITestScriptEndToEnd.baseUri(HekathonAPITestScriptEndToEnd.java:21)
at com.test.tests.HekathonAPITestScriptEndToEnd.baseUri(HekathonAPITestScriptEndToEnd.java:21)
at com.test.tests.HekathonAPITestScriptEndToEnd.baseUri(HekathonAPITestScriptEndToEnd.java:21)
at com.test.tests.HekathonAPITestScriptEndToEnd.baseUri(HekathonAPITestScriptEndToEnd.java:21)
at com.test.tests.HekathonAPITestScriptEndToEnd.baseUri(HekathonAPITestScriptEndToEnd.java:21)
at com.test.tests.HekathonAPITestScriptEndToEnd.baseUri(HekathonAPITestScriptEndToEnd.java:21)
at com.test.tests.HekathonAPITestScriptEndToEnd.baseUri(HekathonAPITestScriptEndToEnd.java:21)
at com.test.tests.HekathonAPITestScriptEndToEnd.baseUri(HekathonAPITestScriptEndToEnd.java:21)
at com.test.tests.HekathonAPITestScriptEndToEnd.baseUri(HekathonAPITestScriptEndToEnd.java:21)
at com.test.tests.HekathonAPITestScriptEndToEnd.baseUri(HekathonAPITestScriptEndToEnd.java:21)
at com.test.tests.HekathonAPITestScriptEndToEnd.baseUri(HekathonAPITestScriptEndToEnd.java:21)
at com.test.tests.HekathonAPITestScriptEndToEnd.baseUri(HekathonAPITestScriptEndToEnd.java:21)
at com.test.tests.HekathonAPITestScriptEndToEnd.baseUri(HekathonAPITestScriptEndToEnd.java:21)
at com.test.tests.HekathonAPITestScriptEndToEnd.baseUri(HekathonAPITestScriptEndToEnd.java:21)
at com.test.tests.HekathonAPITestScriptEndToEnd.baseUri(HekathonAPITestScriptEndToEnd.java:21)
at com.test.tests.HekathonAPITestScriptEndToEnd.baseUri(HekathonAPITestScriptEndToEnd.java:21)
at com.test.tests.HekathonAPITestScriptEndToEnd.baseUri(HekathonAPITestScriptEndToEnd.java:21)
at com.test.tests.HekathonAPITestScriptEndToEnd.baseUri(HekathonAPITestScriptEndToEnd.java:21)
at com.test.tests.HekathonAPITestScriptEndToEnd.baseUri(HekathonAPITestScriptEndToEnd.java:21)
at com.test.tests.HekathonAPITestScriptEndToEnd.baseUri(HekathonAPITestScriptEndToEnd.java:21)
at com.test.tests.HekathonAPITestScriptEndToEnd.baseUri(HekathonAPITestScriptEndToEnd.java:21)
at com.test.tests.HekathonAPITestScriptEndToEnd.baseUri(HekathonAPITestScriptEndToEnd.java:21)
at com.test.tests.HekathonAPITestScriptEndToEnd.baseUri(HekathonAPITestScriptEndToEnd.java:21)
at com.test.tests.HekathonAPITestScriptEndToEnd.baseUri(HekathonAPITestScriptEndToEnd.java:21)
at com.test.tests.HekathonAPITestScriptEndToEnd.baseUri(HekathonAPITestScriptEndToEnd.java:21)
at com.test.tests.HekathonAPITestScriptEndToEnd.baseUri(HekathonAPITestScriptEndToEnd.java:21)
at com.test.tests.HekathonAPITestScriptEndToEnd.baseUri(HekathonAPITestScriptEndToEnd.java:21)
at com.test.tests.HekathonAPITestScriptEndToEnd.baseUri(HekathonAPITestScriptEndToEnd.java:21)
at com.test.tests.HekathonAPITestScriptEndToEnd.baseUri(HekathonAPITestScriptEndToEnd.java:21)
at com.test.tests.HekathonAPITestScriptEndToEnd.baseUri(HekathonAPITestScriptEndToEnd.java:21)
at com.test.tests.HekathonAPITestScriptEndToEnd.baseUri(HekathonAPITestScriptEndToEnd.java:21)
at com.test.tests.HekathonAPITestScriptEndToEnd.baseUri(HekathonAPITestScriptEndToEnd.java:21)
at com.test.tests.HekathonAPITestScriptEndToEnd.baseUri(HekathonAPITestScriptEndToEnd.java:21)
at com.test.tests.HekathonAPITestScriptEndToEnd.baseUri(HekathonAPITestScriptEndToEnd.java:21)
at com.test.tests.HekathonAPITestScriptEndToEnd.baseUri(HekathonAPITestScriptEndToEnd.java:21)
at com.test.tests.HekathonAPITestScriptEndToEnd.baseUri(HekathonAPITestScriptEndToEnd.java:21)
at com.test.tests.HekathonAPITestScriptEndToEnd.baseUri(HekathonAPITestScriptEndToEnd.java:21)
at com.test.tests.HekathonAPITestScriptEndToEnd.baseUri(HekathonAPITestScriptEndToEnd.java:21)
at com.test.tests.HekathonAPITestScriptEndToEnd.baseUri(HekathonAPITestScriptEndToEnd.java:21)
at com.test.tests.HekathonAPITestScriptEndToEnd.baseUri(HekathonAPITestScriptEndToEnd.java:21)
at com.test.tests.HekathonAPITestScriptEndToEnd.baseUri(HekathonAPITestScriptEndToEnd.java:21)
at com.test.tests.HekathonAPITestScriptEndToEnd.baseUri(HekathonAPITestScriptEndToEnd.java:21)
at com.test.tests.HekathonAPITestScriptEndToEnd.baseUri(HekathonAPITestScriptEndToEnd.java:21)
at com.test.tests.HekathonAPITestScriptEndToEnd.baseUri(HekathonAPITestScriptEndToEnd.java:21)
at com.test.tests.HekathonAPITestScriptEndToEnd.baseUri(HekathonAPITestScriptEndToEnd.java:21)
at com.test.tests.HekathonAPITestScriptEndToEnd.baseUri(HekathonAPITestScriptEndToEnd.java:21)
at com.test.tests.HekathonAPITestScriptEndToEnd.baseUri(HekathonAPITestScriptEndToEnd.java:21)
at com.test.tests.HekathonAPITestScriptEndToEnd.baseUri(HekathonAPITestScriptEndToEnd.java:21)
at com.test.tests.HekathonAPITestScriptEndToEnd.baseUri(HekathonAPITestScriptEndToEnd.java:21)
at com.test.tests.HekathonAPITestScriptEndToEnd.baseUri(HekathonAPITestScriptEndToEnd.java:21)
at com.test.tests.HekathonAPITestScriptEndToEnd.baseUri(HekathonAPITestScriptEndToEnd.java:21)
at com.test.tests.HekathonAPITestScriptEndToEnd.baseUri(HekathonAPITestScriptEndToEnd.java:21)
at com.test.tests.HekathonAPITestScriptEndToEnd.baseUri(HekathonAPITestScriptEndToEnd.java:21)
at com.test.tests.HekathonAPITestScriptEndToEnd.baseUri(HekathonAPITestScriptEndToEnd.java:21)
at com.test.tests.HekathonAPITestScriptEndToEnd.baseUri(HekathonAPITestScriptEndToEnd.java:21)
at com.test.tests.HekathonAPITestScriptEndToEnd.baseUri(HekathonAPITestScriptEndToEnd.java:21)
at com.test.tests.HekathonAPITestScriptEndToEnd.baseUri(HekathonAPITestScriptEndToEnd.java:21)
at com.test.tests.HekathonAPITestScriptEndToEnd.baseUri(HekathonAPITestScriptEndToEnd.java:21)
at com.test.tests.HekathonAPITestScriptEndToEnd.baseUri(HekathonAPITestScriptEndToEnd.java:21)
at com.test.tests.HekathonAPITestScriptEndToEnd.baseUri(HekathonAPITestScriptEndToEnd.java:21)
at com.test.tests.HekathonAPITestScriptEndToEnd.baseUri(HekathonAPITestScriptEndToEnd.java:21)
at com.test.tests.HekathonAPITestScriptEndToEnd.baseUri(HekathonAPITestScriptEndToEnd.java:21)
at com.test.tests.HekathonAPITestScriptEndToEnd.baseUri(HekathonAPITestScriptEndToEnd.java:21)
at com.test.tests.HekathonAPITestScriptEndToEnd.baseUri(HekathonAPITestScriptEndToEnd.java:21)
at com.test.tests.HekathonAPITestScriptEndToEnd.baseUri(HekathonAPITestScriptEndToEnd.java:21)
at com.test.tests.HekathonAPITestScriptEndToEnd.baseUri(HekathonAPITestScriptEndToEnd.java:21)
at com.test.tests.HekathonAPITestScriptEndToEnd.baseUri(HekathonAPITestScriptEndToEnd.java:21)
at com.test.tests.HekathonAPITestScriptEndToEnd.baseUri(HekathonAPITestScriptEndToEnd.java:21)
at com.test.tests.HekathonAPITestScriptEndToEnd.baseUri(HekathonAPITestScriptEndToEnd.java:21)
at com.test.tests.HekathonAPITestScriptEndToEnd.baseUri(HekathonAPITestScriptEndToEnd.java:21)
at com.test.tests.HekathonAPITestScriptEndToEnd.baseUri(HekathonAPITestScriptEndToEnd.java:21)
at com.test.tests.HekathonAPITestScriptEndToEnd.baseUri(HekathonAPITestScriptEndToEnd.java:21)
at com.test.tests.HekathonAPITestScriptEndToEnd.baseUri(HekathonAPITestScriptEndToEnd.java:21)
at com.test.tests.HekathonAPITestScriptEndToEnd.baseUri(HekathonAPITestScriptEndToEnd.java:21)
at com.test.tests.HekathonAPITestScriptEndToEnd.baseUri(HekathonAPITestScriptEndToEnd.java:21)
at com.test.tests.HekathonAPITestScriptEndToEnd.baseUri(HekathonAPITestScriptEndToEnd.java:21)
at com.test.tests.HekathonAPITestScriptEndToEnd.baseUri(HekathonAPITestScriptEndToEnd.java:21)
at com.test.tests.HekathonAPITestScriptEndToEnd.baseUri(HekathonAPITestScriptEndToEnd.java:21)
at com.test.tests.HekathonAPITestScriptEndToEnd.baseUri(HekathonAPITestScriptEndToEnd.java:21)
at com.test.tests.HekathonAPITestScriptEndToEnd.baseUri(HekathonAPITestScriptEndToEnd.java:21)
at com.test.tests.HekathonAPITestScriptEndToEnd.baseUri(HekathonAPITestScriptEndToEnd.java:21)
at com.test.tests.HekathonAPITestScriptEndToEnd.baseUri(HekathonAPITestScriptEndToEnd.java:21)
at com.test.tests.HekathonAPITestScriptEndToEnd.baseUri(HekathonAPITestScriptEndToEnd.java:21)
at com.test.tests.HekathonAPITestScriptEndToEnd.baseUri(HekathonAPITestScriptEndToEnd.java:21)
at com.test.tests.HekathonAPITestScriptEndToEnd.baseUri(HekathonAPITestScriptEndToEnd.java:21)
at com.test.tests.HekathonAPITestScriptEndToEnd.baseUri(HekathonAPITestScriptEndToEnd.java:21)
at com.test.tests.HekathonAPITestScriptEndToEnd.baseUri(HekathonAPITestScriptEndToEnd.java:21)
at com.test.tests.HekathonAPITestScriptEndToEnd.baseUri(HekathonAPITestScriptEndToEnd.java:21)
at com.test.tests.HekathonAPITestScriptEndToEnd.baseUri(HekathonAPITestScriptEndToEnd.java:21)
at com.test.tests.HekathonAPITestScriptEndToEnd.baseUri(HekathonAPITestScriptEndToEnd.java:21)
at com.test.tests.HekathonAPITestScriptEndToEnd.baseUri(HekathonAPITestScriptEndToEnd.java:21)
at com.test.tests.HekathonAPITestScriptEndToEnd.baseUri(HekathonAPITestScriptEndToEnd.java:21)
at com.test.tests.HekathonAPITestScriptEndToEnd.baseUri(HekathonAPITestScriptEndToEnd.java:21)
at com.test.tests.HekathonAPITestScriptEndToEnd.baseUri(HekathonAPITestScriptEndToEnd.java:21)
at com.test.tests.HekathonAPITestScriptEndToEnd.baseUri(HekathonAPITestScriptEndToEnd.java:21)
at com.test.tests.HekathonAPITestScriptEndToEnd.baseUri(HekathonAPITestScriptEndToEnd.java:21)
at com.test.tests.HekathonAPITestScriptEndToEnd.baseUri(HekathonAPITestScriptEndToEnd.java:21)
at com.test.tests.HekathonAPITestScriptEndToEnd.baseUri(HekathonAPITestScriptEndToEnd.java:21)
at com.test.tests.HekathonAPITestScriptEndToEnd.baseUri(HekathonAPITestScriptEndToEnd.java:21)
at com.test.tests.HekathonAPITestScriptEndToEnd.baseUri(HekathonAPITestScriptEndToEnd.java:21)
at com.test.tests.HekathonAPITestScriptEndToEnd.baseUri(HekathonAPITestScriptEndToEnd.java:21)
at com.test.tests.HekathonAPITestScriptEndToEnd.baseUri(HekathonAPITestScriptEndToEnd.java:21)
at com.test.tests.HekathonAPITestScriptEndToEnd.baseUri(HekathonAPITestScriptEndToEnd.java:21)
at com.test.tests.HekathonAPITestScriptEndToEnd.baseUri(HekathonAPITestScriptEndToEnd.java:21)
at com.test.tests.HekathonAPITestScriptEndToEnd.baseUri(HekathonAPITestScriptEndToEnd.java:21)
at com.test.tests.HekathonAPITestScriptEndToEnd.baseUri(HekathonAPITestScriptEndToEnd.java:21)
at com.test.tests.HekathonAPITestScriptEndToEnd.baseUri(HekathonAPITestScriptEndToEnd.java:21)
at com.test.tests.HekathonAPITestScriptEndToEnd.baseUri(HekathonAPITestScriptEndToEnd.java:21)
at com.test.tests.HekathonAPITestScriptEndToEnd.baseUri(HekathonAPITestScriptEndToEnd.java:21)
at com.test.tests.HekathonAPITestScriptEndToEnd.baseUri(HekathonAPITestScriptEndToEnd.java:21)
at com.test.tests.HekathonAPITestScriptEndToEnd.baseUri(HekathonAPITestScriptEndToEnd.java:21)
at com.test.tests.HekathonAPITestScriptEndToEnd.baseUri(HekathonAPITestScriptEndToEnd.java:21)
at com.test.tests.HekathonAPITestScriptEndToEnd.baseUri(HekathonAPITestScriptEndToEnd.java:21)
at com.test.tests.HekathonAPITestScriptEndToEnd.baseUri(HekathonAPITestScriptEndToEnd.java:21)
at com.test.tests.HekathonAPITestScriptEndToEnd.baseUri(HekathonAPITestScriptEndToEnd.java:21)
at com.test.tests.HekathonAPITestScriptEndToEnd.baseUri(HekathonAPITestScriptEndToEnd.java:21)
at com.test.tests.HekathonAPITestScriptEndToEnd.baseUri(HekathonAPITestScriptEndToEnd.java:21)
at com.test.tests.HekathonAPITestScriptEndToEnd.baseUri(HekathonAPITestScriptEndToEnd.java:21)
at com.test.tests.HekathonAPITestScriptEndToEnd.baseUri(HekathonAPITestScriptEndToEnd.java:21)
at com.test.tests.HekathonAPITestScriptEndToEnd.baseUri(HekathonAPITestScriptEndToEnd.java:21)
at com.test.tests.HekathonAPITestScriptEndToEnd.baseUri(HekathonAPITestScriptEndToEnd.java:21)
at com.test.tests.HekathonAPITestScriptEndToEnd.baseUri(HekathonAPITestScriptEndToEnd.java:21)
at com.test.tests.HekathonAPITestScriptEndToEnd.baseUri(HekathonAPITestScriptEndToEnd.java:21)
at com.test.tests.HekathonAPITestScriptEndToEnd.baseUri(HekathonAPITestScriptEndToEnd.java:21)
at com.test.tests.HekathonAPITestScriptEndToEnd.baseUri(HekathonAPITestScriptEndToEnd.java:21)
at com.test.tests.HekathonAPITestScriptEndToEnd.baseUri(HekathonAPITestScriptEndToEnd.java:21)
at com.test.tests.HekathonAPITestScriptEndToEnd.baseUri(HekathonAPITestScriptEndToEnd.java:21)
at com.test.tests.HekathonAPITestScriptEndToEnd.baseUri(HekathonAPITestScriptEndToEnd.java:21)
at com.test.tests.HekathonAPITestScriptEndToEnd.baseUri(HekathonAPITestScriptEndToEnd.java:21)
at com.test.tests.HekathonAPITestScriptEndToEnd.baseUri(HekathonAPITestScriptEndToEnd.java:21)
at com.test.tests.HekathonAPITestScriptEndToEnd.baseUri(HekathonAPITestScriptEndToEnd.java:21)
at com.test.tests.HekathonAPITestScriptEndToEnd.baseUri(HekathonAPITestScriptEndToEnd.java:21)
at com.test.tests.HekathonAPITestScriptEndToEnd.baseUri(HekathonAPITestScriptEndToEnd.java:21)
at com.test.tests.HekathonAPITestScriptEndToEnd.baseUri(HekathonAPITestScriptEndToEnd.java:21)
at com.test.tests.HekathonAPITestScriptEndToEnd.baseUri(HekathonAPITestScriptEndToEnd.java:21)
at com.test.tests.HekathonAPITestScriptEndToEnd.baseUri(HekathonAPITestScriptEndToEnd.java:21)
at com.test.tests.HekathonAPITestScriptEndToEnd.baseUri(HekathonAPITestScriptEndToEnd.java:21)
at com.test.tests.HekathonAPITestScriptEndToEnd.baseUri(HekathonAPITestScriptEndToEnd.java:21)
at com.test.tests.HekathonAPITestScriptEndToEnd.baseUri(HekathonAPITestScriptEndToEnd.java:21)
at com.test.tests.HekathonAPITestScriptEndToEnd.baseUri(HekathonAPITestScriptEndToEnd.java:21)
at com.test.tests.HekathonAPITestScriptEndToEnd.baseUri(HekathonAPITestScriptEndToEnd.java:21)
at com.test.tests.HekathonAPITestScriptEndToEnd.baseUri(HekathonAPITestScriptEndToEnd.java:21)
at com.test.tests.HekathonAPITestScriptEndToEnd.baseUri(HekathonAPITestScriptEndToEnd.java:21)
at com.test.tests.HekathonAPITestScriptEndToEnd.baseUri(HekathonAPITestScriptEndToEnd.java:21)
at com.test.tests.HekathonAPITestScriptEndToEnd.baseUri(HekathonAPITestScriptEndToEnd.java:21)
at com.test.tests.HekathonAPITestScriptEndToEnd.baseUri(HekathonAPITestScriptEndToEnd.java:21)
at com.test.tests.HekathonAPITestScriptEndToEnd.baseUri(HekathonAPITestScriptEndToEnd.java:21)
at com.test.tests.HekathonAPITestScriptEndToEnd.baseUri(HekathonAPITestScriptEndToEnd.java:21)
at com.test.tests.HekathonAPITestScriptEndToEnd.baseUri(HekathonAPITestScriptEndToEnd.java:21)
at com.test.tests.HekathonAPITestScriptEndToEnd.baseUri(HekathonAPITestScriptEndToEnd.java:21)
at com.test.tests.HekathonAPITestScriptEndToEnd.baseUri(HekathonAPITestScriptEndToEnd.java:21)
at com.test.tests.HekathonAPITestScriptEndToEnd.baseUri(HekathonAPITestScriptEndToEnd.java:21)
at com.test.tests.HekathonAPITestScriptEndToEnd.baseUri(HekathonAPITestScriptEndToEnd.java:21)
at com.test.tests.HekathonAPITestScriptEndToEnd.baseUri(HekathonAPITestScriptEndToEnd.java:21)
at com.test.tests.HekathonAPITestScriptEndToEnd.baseUri(HekathonAPITestScriptEndToEnd.java:21)
at com.test.tests.HekathonAPITestScriptEndToEnd.baseUri(HekathonAPITestScriptEndToEnd.java:21)
at com.test.tests.HekathonAPITestScriptEndToEnd.baseUri(HekathonAPITestScriptEndToEnd.java:21)
at com.test.tests.HekathonAPITestScriptEndToEnd.baseUri(HekathonAPITestScriptEndToEnd.java:21)
at com.test.tests.HekathonAPITestScriptEndToEnd.baseUri(HekathonAPITestScriptEndToEnd.java:21)
at com.test.tests.HekathonAPITestScriptEndToEnd.baseUri(HekathonAPITestScriptEndToEnd.java:21)
at com.test.tests.HekathonAPITestScriptEndToEnd.baseUri(HekathonAPITestScriptEndToEnd.java:21)
at com.test.tests.HekathonAPITestScriptEndToEnd.baseUri(HekathonAPITestScriptEndToEnd.java:21)
at com.test.tests.HekathonAPITestScriptEndToEnd.baseUri(HekathonAPITestScriptEndToEnd.java:21)
at com.test.tests.HekathonAPITestScriptEndToEnd.baseUri(HekathonAPITestScriptEndToEnd.java:21)
at com.test.tests.HekathonAPITestScriptEndToEnd.baseUri(HekathonAPITestScriptEndToEnd.java:21)
at com.test.tests.HekathonAPITestScriptEndToEnd.baseUri(HekathonAPITestScriptEndToEnd.java:21)
at com.test.tests.HekathonAPITestScriptEndToEnd.baseUri(HekathonAPITestScriptEndToEnd.java:21)
at com.test.tests.HekathonAPITestScriptEndToEnd.baseUri(HekathonAPITestScriptEndToEnd.java:21)
at com.test.tests.HekathonAPITestScriptEndToEnd.baseUri(HekathonAPITestScriptEndToEnd.java:21)
at com.test.tests.HekathonAPITestScriptEndToEnd.baseUri(HekathonAPITestScriptEndToEnd.java:21)
at com.test.tests.HekathonAPITestScriptEndToEnd.baseUri(HekathonAPITestScriptEndToEnd.java:21)
at com.test.tests.HekathonAPITestScriptEndToEnd.baseUri(HekathonAPITestScriptEndToEnd.java:21)
at com.test.tests.HekathonAPITestScriptEndToEnd.baseUri(HekathonAPITestScriptEndToEnd.java:21)
at com.test.tests.HekathonAPITestScriptEndToEnd.baseUri(HekathonAPITestScriptEndToEnd.java:21)
at com.test.tests.HekathonAPITestScriptEndToEnd.baseUri(HekathonAPITestScriptEndToEnd.java:21)
at com.test.tests.HekathonAPITestScriptEndToEnd.baseUri(HekathonAPITestScriptEndToEnd.java:21)
at com.test.tests.HekathonAPITestScriptEndToEnd.baseUri(HekathonAPITestScriptEndToEnd.java:21)
at com.test.tests.HekathonAPITestScriptEndToEnd.baseUri(HekathonAPITestScriptEndToEnd.java:21)
at com.test.tests.HekathonAPITestScriptEndToEnd.baseUri(HekathonAPITestScriptEndToEnd.java:21)
at com.test.tests.HekathonAPITestScriptEndToEnd.baseUri(HekathonAPITestScriptEndToEnd.java:21)
at com.test.tests.HekathonAPITestScriptEndToEnd.baseUri(HekathonAPITestScriptEndToEnd.java:21)
at com.test.tests.HekathonAPITestScriptEndToEnd.baseUri(HekathonAPITestScriptEndToEnd.java:21)
at com.test.tests.HekathonAPITestScriptEndToEnd.baseUri(HekathonAPITestScriptEndToEnd.java:21)
at com.test.tests.HekathonAPITestScriptEndToEnd.baseUri(HekathonAPITestScriptEndToEnd.java:21)
at com.test.tests.HekathonAPITestScriptEndToEnd.baseUri(HekathonAPITestScriptEndToEnd.java:21)
at com.test.tests.HekathonAPITestScriptEndToEnd.baseUri(HekathonAPITestScriptEndToEnd.java:21)
at com.test.tests.HekathonAPITestScriptEndToEnd.baseUri(HekathonAPITestScriptEndToEnd.java:21)
at com.test.tests.HekathonAPITestScriptEndToEnd.baseUri(HekathonAPITestScriptEndToEnd.java:21)
at com.test.tests.HekathonAPITestScriptEndToEnd.baseUri(HekathonAPITestScriptEndToEnd.java:21)
at com.test.tests.HekathonAPITestScriptEndToEnd.baseUri(HekathonAPITestScriptEndToEnd.java:21)
at com.test.tests.HekathonAPITestScriptEndToEnd.baseUri(HekathonAPITestScriptEndToEnd.java:21)
at com.test.tests.HekathonAPITestScriptEndToEnd.baseUri(HekathonAPITestScriptEndToEnd.java:21)
at com.test.tests.HekathonAPITestScriptEndToEnd.baseUri(HekathonAPITestScriptEndToEnd.java:21)
at com.test.tests.HekathonAPITestScriptEndToEnd.baseUri(HekathonAPITestScriptEndToEnd.java:21)
at com.test.tests.HekathonAPITestScriptEndToEnd.baseUri(HekathonAPITestScriptEndToEnd.java:21)
at com.test.tests.HekathonAPITestScriptEndToEnd.baseUri(HekathonAPITestScriptEndToEnd.java:21)
at com.test.tests.HekathonAPITestScriptEndToEnd.baseUri(HekathonAPITestScriptEndToEnd.java:21)
at com.test.tests.HekathonAPITestScriptEndToEnd.baseUri(HekathonAPITestScriptEndToEnd.java:21)
at com.test.tests.HekathonAPITestScriptEndToEnd.baseUri(HekathonAPITestScriptEndToEnd.java:21)
at com.test.tests.HekathonAPITestScriptEndToEnd.baseUri(HekathonAPITestScriptEndToEnd.java:21)
at com.test.tests.HekathonAPITestScriptEndToEnd.baseUri(HekathonAPITestScriptEndToEnd.java:21)
at com.test.tests.HekathonAPITestScriptEndToEnd.baseUri(HekathonAPITestScriptEndToEnd.java:21)
at com.test.tests.HekathonAPITestScriptEndToEnd.baseUri(HekathonAPITestScriptEndToEnd.java:21)
at com.test.tests.HekathonAPITestScriptEndToEnd.baseUri(HekathonAPITestScriptEndToEnd.java:21)
at com.test.tests.HekathonAPITestScriptEndToEnd.baseUri(HekathonAPITestScriptEndToEnd.java:21)
at com.test.tests.HekathonAPITestScriptEndToEnd.baseUri(HekathonAPITestScriptEndToEnd.java:21)
at com.test.tests.HekathonAPITestScriptEndToEnd.baseUri(HekathonAPITestScriptEndToEnd.java:21)
at com.test.tests.HekathonAPITestScriptEndToEnd.baseUri(HekathonAPITestScriptEndToEnd.java:21)
at com.test.tests.HekathonAPITestScriptEndToEnd.baseUri(HekathonAPITestScriptEndToEnd.java:21)
at com.test.tests.HekathonAPITestScriptEndToEnd.baseUri(HekathonAPITestScriptEndToEnd.java:21)
at com.test.tests.HekathonAPITestScriptEndToEnd.baseUri(HekathonAPITestScriptEndToEnd.java:21)
at com.test.tests.HekathonAPITestScriptEndToEnd.baseUri(HekathonAPITestScriptEndToEnd.java:21)
at com.test.tests.HekathonAPITestScriptEndToEnd.baseUri(HekathonAPITestScriptEndToEnd.java:21)
at com.test.tests.HekathonAPITestScriptEndToEnd.baseUri(HekathonAPITestScriptEndToEnd.java:21)
at com.test.tests.HekathonAPITestScriptEndToEnd.baseUri(HekathonAPITestScriptEndToEnd.java:21)
at com.test.tests.HekathonAPITestScriptEndToEnd.baseUri(HekathonAPITestScriptEndToEnd.java:21)
at com.test.tests.HekathonAPITestScriptEndToEnd.baseUri(HekathonAPITestScriptEndToEnd.java:21)
at com.test.tests.HekathonAPITestScriptEndToEnd.baseUri(HekathonAPITestScriptEndToEnd.java:21)
at com.test.tests.HekathonAPITestScriptEndToEnd.baseUri(HekathonAPITestScriptEndToEnd.java:21)
at com.test.tests.HekathonAPITestScriptEndToEnd.baseUri(HekathonAPITestScriptEndToEnd.java:21)
at com.test.tests.HekathonAPITestScriptEndToEnd.baseUri(HekathonAPITestScriptEndToEnd.java:21)
at com.test.tests.HekathonAPITestScriptEndToEnd.baseUri(HekathonAPITestScriptEndToEnd.java:21)
at com.test.tests.HekathonAPITestScriptEndToEnd.baseUri(HekathonAPITestScriptEndToEnd.java:21)
at com.test.tests.HekathonAPITestScriptEndToEnd.baseUri(HekathonAPITestScriptEndToEnd.java:21)
at com.test.tests.HekathonAPITestScriptEndToEnd.baseUri(HekathonAPITestScriptEndToEnd.java:21)
at com.test.tests.HekathonAPITestScriptEndToEnd.baseUri(HekathonAPITestScriptEndToEnd.java:21)
at com.test.tests.HekathonAPITestScriptEndToEnd.baseUri(HekathonAPITestScriptEndToEnd.java:21)
at com.test.tests.HekathonAPITestScriptEndToEnd.baseUri(HekathonAPITestScriptEndToEnd.java:21)
at com.test.tests.HekathonAPITestScriptEndToEnd.baseUri(HekathonAPITestScriptEndToEnd.java:21)
at com.test.tests.HekathonAPITestScriptEndToEnd.baseUri(HekathonAPITestScriptEndToEnd.java:21)
at com.test.tests.HekathonAPITestScriptEndToEnd.baseUri(HekathonAPITestScriptEndToEnd.java:21)
at com.test.tests.HekathonAPITestScriptEndToEnd.baseUri(HekathonAPITestScriptEndToEnd.java:21)
at com.test.tests.HekathonAPITestScriptEndToEnd.baseUri(HekathonAPITestScriptEndToEnd.java:21)
at com.test.tests.HekathonAPITestScriptEndToEnd.baseUri(HekathonAPITestScriptEndToEnd.java:21)
at com.test.tests.HekathonAPITestScriptEndToEnd.baseUri(HekathonAPITestScriptEndToEnd.java:21)
at com.test.tests.HekathonAPITestScriptEndToEnd.baseUri(HekathonAPITestScriptEndToEnd.java:21)
at com.test.tests.HekathonAPITestScriptEndToEnd.baseUri(HekathonAPITestScriptEndToEnd.java:21)
at com.test.tests.HekathonAPITestScriptEndToEnd.baseUri(HekathonAPITestScriptEndToEnd.java:21)
at com.test.tests.HekathonAPITestScriptEndToEnd.baseUri(HekathonAPITestScriptEndToEnd.java:21)
at com.test.tests.HekathonAPITestScriptEndToEnd.baseUri(HekathonAPITestScriptEndToEnd.java:21)
at com.test.tests.HekathonAPITestScriptEndToEnd.baseUri(HekathonAPITestScriptEndToEnd.java:21)
at com.test.tests.HekathonAPITestScriptEndToEnd.baseUri(HekathonAPITestScriptEndToEnd.java:21)
at com.test.tests.HekathonAPITestScriptEndToEnd.baseUri(HekathonAPITestScriptEndToEnd.java:21)
at com.test.tests.HekathonAPITestScriptEndToEnd.baseUri(HekathonAPITestScriptEndToEnd.java:21)
at com.test.tests.HekathonAPITestScriptEndToEnd.baseUri(HekathonAPITestScriptEndToEnd.java:21)
at com.test.tests.HekathonAPITestScriptEndToEnd.baseUri(HekathonAPITestScriptEndToEnd.java:21)
at com.test.tests.HekathonAPITestScriptEndToEnd.baseUri(HekathonAPITestScriptEndToEnd.java:21)
at com.test.tests.HekathonAPITestScriptEndToEnd.baseUri(HekathonAPITestScriptEndToEnd.java:21)
at com.test.tests.HekathonAPITestScriptEndToEnd.baseUri(HekathonAPITestScriptEndToEnd.java:21)
at com.test.tests.HekathonAPITestScriptEndToEnd.baseUri(HekathonAPITestScriptEndToEnd.java:21)
at com.test.tests.HekathonAPITestScriptEndToEnd.baseUri(HekathonAPITestScriptEndToEnd.java:21)
at com.test.tests.HekathonAPITestScriptEndToEnd.baseUri(HekathonAPITestScriptEndToEnd.java:21)
at com.test.tests.HekathonAPITestScriptEndToEnd.baseUri(HekathonAPITestScriptEndToEnd.java:21)
at com.test.tests.HekathonAPITestScriptEndToEnd.baseUri(HekathonAPITestScriptEndToEnd.java:21)
at com.test.tests.HekathonAPITestScriptEndToEnd.baseUri(HekathonAPITestScriptEndToEnd.java:21)
at com.test.tests.HekathonAPITestScriptEndToEnd.baseUri(HekathonAPITestScriptEndToEnd.java:21)
at com.test.tests.HekathonAPITestScriptEndToEnd.baseUri(HekathonAPITestScriptEndToEnd.java:21)
at com.test.tests.HekathonAPITestScriptEndToEnd.baseUri(HekathonAPITestScriptEndToEnd.java:21)
at com.test.tests.HekathonAPITestScriptEndToEnd.baseUri(HekathonAPITestScriptEndToEnd.java:21)
at com.test.tests.HekathonAPITestScriptEndToEnd.baseUri(HekathonAPITestScriptEndToEnd.java:21)
at com.test.tests.HekathonAPITestScriptEndToEnd.baseUri(HekathonAPITestScriptEndToEnd.java:21)
at com.test.tests.HekathonAPITestScriptEndToEnd.baseUri(HekathonAPITestScriptEndToEnd.java:21)
at com.test.tests.HekathonAPITestScriptEndToEnd.baseUri(HekathonAPITestScriptEndToEnd.java:21)
at com.test.tests.HekathonAPITestScriptEndToEnd.baseUri(HekathonAPITestScriptEndToEnd.java:21)
at com.test.tests.HekathonAPITestScriptEndToEnd.baseUri(HekathonAPITestScriptEndToEnd.java:21)
at com.test.tests.HekathonAPITestScriptEndToEnd.baseUri(HekathonAPITestScriptEndToEnd.java:21)
at com.test.tests.HekathonAPITestScriptEndToEnd.baseUri(HekathonAPITestScriptEndToEnd.java:21)
at com.test.tests.HekathonAPITestScriptEndToEnd.baseUri(HekathonAPITestScriptEndToEnd.java:21)
at com.test.tests.HekathonAPITestScriptEndToEnd.baseUri(HekathonAPITestScriptEndToEnd.java:21)
at com.test.tests.HekathonAPITestScriptEndToEnd.baseUri(HekathonAPITestScriptEndToEnd.java:21)
at com.test.tests.HekathonAPITestScriptEndToEnd.baseUri(HekathonAPITestScriptEndToEnd.java:21)
at com.test.tests.HekathonAPITestScriptEndToEnd.baseUri(HekathonAPITestScriptEndToEnd.java:21)
at com.test.tests.HekathonAPITestScriptEndToEnd.baseUri(HekathonAPITestScriptEndToEnd.java:21)
at com.test.tests.HekathonAPITestScriptEndToEnd.baseUri(HekathonAPITestScriptEndToEnd.java:21)
at com.test.tests.HekathonAPITestScriptEndToEnd.baseUri(HekathonAPITestScriptEndToEnd.java:21)
at com.test.tests.HekathonAPITestScriptEndToEnd.baseUri(HekathonAPITestScriptEndToEnd.java:21)
at com.test.tests.HekathonAPITestScriptEndToEnd.baseUri(HekathonAPITestScriptEndToEnd.java:21)
at com.test.tests.HekathonAPITestScriptEndToEnd.baseUri(HekathonAPITestScriptEndToEnd.java:21)
at com.test.tests.HekathonAPITestScriptEndToEnd.baseUri(HekathonAPITestScriptEndToEnd.java:21)
at com.test.tests.HekathonAPITestScriptEndToEnd.baseUri(HekathonAPITestScriptEndToEnd.java:21)
at com.test.tests.HekathonAPITestScriptEndToEnd.baseUri(HekathonAPITestScriptEndToEnd.java:21)
at com.test.tests.HekathonAPITestScriptEndToEnd.baseUri(HekathonAPITestScriptEndToEnd.java:21)
at com.test.tests.HekathonAPITestScriptEndToEnd.baseUri(HekathonAPITestScriptEndToEnd.java:21)
at com.test.tests.HekathonAPITestScriptEndToEnd.baseUri(HekathonAPITestScriptEndToEnd.java:21)
at com.test.tests.HekathonAPITestScriptEndToEnd.baseUri(HekathonAPITestScriptEndToEnd.java:21)
at com.test.tests.HekathonAPITestScriptEndToEnd.baseUri(HekathonAPITestScriptEndToEnd.java:21)
at com.test.tests.HekathonAPITestScriptEndToEnd.baseUri(HekathonAPITestScriptEndToEnd.java:21)
at com.test.tests.HekathonAPITestScriptEndToEnd.baseUri(HekathonAPITestScriptEndToEnd.java:21)
at com.test.tests.HekathonAPITestScriptEndToEnd.baseUri(HekathonAPITestScriptEndToEnd.java:21)
at com.test.tests.HekathonAPITestScriptEndToEnd.baseUri(HekathonAPITestScriptEndToEnd.java:21)
at com.test.tests.HekathonAPITestScriptEndToEnd.baseUri(HekathonAPITestScriptEndToEnd.java:21)
at com.test.tests.HekathonAPITestScriptEndToEnd.baseUri(HekathonAPITestScriptEndToEnd.java:21)
at com.test.tests.HekathonAPITestScriptEndToEnd.baseUri(HekathonAPITestScriptEndToEnd.java:21)
at com.test.tests.HekathonAPITestScriptEndToEnd.baseUri(HekathonAPITestScriptEndToEnd.java:21)
at com.test.tests.HekathonAPITestScriptEndToEnd.baseUri(HekathonAPITestScriptEndToEnd.java:21)
at com.test.tests.HekathonAPITestScriptEndToEnd.baseUri(HekathonAPITestScriptEndToEnd.java:21)
at com.test.tests.HekathonAPITestScriptEndToEnd.baseUri(HekathonAPITestScriptEndToEnd.java:21)
at com.test.tests.HekathonAPITestScriptEndToEnd.baseUri(HekathonAPITestScriptEndToEnd.java:21)
at com.test.tests.HekathonAPITestScriptEndToEnd.baseUri(HekathonAPITestScriptEndToEnd.java:21)
at com.test.tests.HekathonAPITestScriptEndToEnd.baseUri(HekathonAPITestScriptEndToEnd.java:21)
at com.test.tests.HekathonAPITestScriptEndToEnd.baseUri(HekathonAPITestScriptEndToEnd.java:21)
at com.test.tests.HekathonAPITestScriptEndToEnd.baseUri(HekathonAPITestScriptEndToEnd.java:21)
at com.test.tests.HekathonAPITestScriptEndToEnd.baseUri(HekathonAPITestScriptEndToEnd.java:21)
at com.test.tests.HekathonAPITestScriptEndToEnd.baseUri(HekathonAPITestScriptEndToEnd.java:21)
at com.test.tests.HekathonAPITestScriptEndToEnd.baseUri(HekathonAPITestScriptEndToEnd.java:21)
at com.test.tests.HekathonAPITestScriptEndToEnd.baseUri(HekathonAPITestScriptEndToEnd.java:21)
at com.test.tests.HekathonAPITestScriptEndToEnd.baseUri(HekathonAPITestScriptEndToEnd.java:21)
at com.test.tests.HekathonAPITestScriptEndToEnd.baseUri(HekathonAPITestScriptEndToEnd.java:21)
at com.test.tests.HekathonAPITestScriptEndToEnd.baseUri(HekathonAPITestScriptEndToEnd.java:21)
at com.test.tests.HekathonAPITestScriptEndToEnd.baseUri(HekathonAPITestScriptEndToEnd.java:21)
at com.test.tests.HekathonAPITestScriptEndToEnd.baseUri(HekathonAPITestScriptEndToEnd.java:21)
at com.test.tests.HekathonAPITestScriptEndToEnd.baseUri(HekathonAPITestScriptEndToEnd.java:21)
at com.test.tests.HekathonAPITestScriptEndToEnd.baseUri(HekathonAPITestScriptEndToEnd.java:21)
at com.test.tests.HekathonAPITestScriptEndToEnd.baseUri(HekathonAPITestScriptEndToEnd.java:21)
at com.test.tests.HekathonAPITestScriptEndToEnd.baseUri(HekathonAPITestScriptEndToEnd.java:21)
at com.test.tests.HekathonAPITestScriptEndToEnd.baseUri(HekathonAPITestScriptEndToEnd.java:21)
at com.test.tests.HekathonAPITestScriptEndToEnd.baseUri(HekathonAPITestScriptEndToEnd.java:21)
at com.test.tests.HekathonAPITestScriptEndToEnd.baseUri(HekathonAPITestScriptEndToEnd.java:21)
at com.test.tests.HekathonAPITestScriptEndToEnd.baseUri(HekathonAPITestScriptEndToEnd.java:21)
at com.test.tests.HekathonAPITestScriptEndToEnd.baseUri(HekathonAPITestScriptEndToEnd.java:21)
at com.test.tests.HekathonAPITestScriptEndToEnd.baseUri(HekathonAPITestScriptEndToEnd.java:21)
at com.test.tests.HekathonAPITestScriptEndToEnd.baseUri(HekathonAPITestScriptEndToEnd.java:21)
at com.test.tests.HekathonAPITestScriptEndToEnd.baseUri(HekathonAPITestScriptEndToEnd.java:21)
at com.test.tests.HekathonAPITestScriptEndToEnd.baseUri(HekathonAPITestScriptEndToEnd.java:21)
at com.test.tests.HekathonAPITestScriptEndToEnd.baseUri(HekathonAPITestScriptEndToEnd.java:21)
at com.test.tests.HekathonAPITestScriptEndToEnd.baseUri(HekathonAPITestScriptEndToEnd.java:21)
at com.test.tests.HekathonAPITestScriptEndToEnd.baseUri(HekathonAPITestScriptEndToEnd.java:21)
at com.test.tests.HekathonAPITestScriptEndToEnd.baseUri(HekathonAPITestScriptEndToEnd.java:21)
at com.test.tests.HekathonAPITestScriptEndToEnd.baseUri(HekathonAPITestScriptEndToEnd.java:21)
at com.test.tests.HekathonAPITestScriptEndToEnd.baseUri(HekathonAPITestScriptEndToEnd.java:21)
at com.test.tests.HekathonAPITestScriptEndToEnd.baseUri(HekathonAPITestScriptEndToEnd.java:21)
at com.test.tests.HekathonAPITestScriptEndToEnd.baseUri(HekathonAPITestScriptEndToEnd.java:21)
at com.test.tests.HekathonAPITestScriptEndToEnd.baseUri(HekathonAPITestScriptEndToEnd.java:21)
at com.test.tests.HekathonAPITestScriptEndToEnd.baseUri(HekathonAPITestScriptEndToEnd.java:21)
at com.test.tests.HekathonAPITestScriptEndToEnd.baseUri(HekathonAPITestScriptEndToEnd.java:21)
at com.test.tests.HekathonAPITestScriptEndToEnd.baseUri(HekathonAPITestScriptEndToEnd.java:21)
at com.test.tests.HekathonAPITestScriptEndToEnd.baseUri(HekathonAPITestScriptEndToEnd.java:21)
at com.test.tests.HekathonAPITestScriptEndToEnd.baseUri(HekathonAPITestScriptEndToEnd.java:21)
at com.test.tests.HekathonAPITestScriptEndToEnd.baseUri(HekathonAPITestScriptEndToEnd.java:21)
at com.test.tests.HekathonAPITestScriptEndToEnd.baseUri(HekathonAPITestScriptEndToEnd.java:21)
at com.test.tests.HekathonAPITestScriptEndToEnd.baseUri(HekathonAPITestScriptEndToEnd.java:21)
at com.test.tests.HekathonAPITestScriptEndToEnd.baseUri(HekathonAPITestScriptEndToEnd.java:21)
at com.test.tests.HekathonAPITestScriptEndToEnd.baseUri(HekathonAPITestScriptEndToEnd.java:21)
at com.test.tests.HekathonAPITestScriptEndToEnd.baseUri(HekathonAPITestScriptEndToEnd.java:21)
at com.test.tests.HekathonAPITestScriptEndToEnd.baseUri(HekathonAPITestScriptEndToEnd.java:21)
at com.test.tests.HekathonAPITestScriptEndToEnd.baseUri(HekathonAPITestScriptEndToEnd.java:21)
at com.test.tests.HekathonAPITestScriptEndToEnd.baseUri(HekathonAPITestScriptEndToEnd.java:21)
at com.test.tests.HekathonAPITestScriptEndToEnd.baseUri(HekathonAPITestScriptEndToEnd.java:21)
at com.test.tests.HekathonAPITestScriptEndToEnd.baseUri(HekathonAPITestScriptEndToEnd.java:21)
at com.test.tests.HekathonAPITestScriptEndToEnd.baseUri(HekathonAPITestScriptEndToEnd.java:21)
at com.test.tests.HekathonAPITestScriptEndToEnd.baseUri(HekathonAPITestScriptEndToEnd.java:21)
at com.test.tests.HekathonAPITestScriptEndToEnd.baseUri(HekathonAPITestScriptEndToEnd.java:21)
at com.test.tests.HekathonAPITestScriptEndToEnd.baseUri(HekathonAPITestScriptEndToEnd.java:21)
at com.test.tests.HekathonAPITestScriptEndToEnd.baseUri(HekathonAPITestScriptEndToEnd.java:21)
at com.test.tests.HekathonAPITestScriptEndToEnd.baseUri(HekathonAPITestScriptEndToEnd.java:21)
at com.test.tests.HekathonAPITestScriptEndToEnd.baseUri(HekathonAPITestScriptEndToEnd.java:21)
at com.test.tests.HekathonAPITestScriptEndToEnd.baseUri(HekathonAPITestScriptEndToEnd.java:21)
at com.test.tests.HekathonAPITestScriptEndToEnd.baseUri(HekathonAPITestScriptEndToEnd.java:21)
at com.test.tests.HekathonAPITestScriptEndToEnd.baseUri(HekathonAPITestScriptEndToEnd.java:21)
at com.test.tests.HekathonAPITestScriptEndToEnd.baseUri(HekathonAPITestScriptEndToEnd.java:21)
at com.test.tests.HekathonAPITestScriptEndToEnd.baseUri(HekathonAPITestScriptEndToEnd.java:21)
at com.test.tests.HekathonAPITestScriptEndToEnd.baseUri(HekathonAPITestScriptEndToEnd.java:21)
at com.test.tests.HekathonAPITestScriptEndToEnd.baseUri(HekathonAPITestScriptEndToEnd.java:21)
at com.test.tests.HekathonAPITestScriptEndToEnd.baseUri(HekathonAPITestScriptEndToEnd.java:21)
at com.test.tests.HekathonAPITestScriptEndToEnd.baseUri(HekathonAPITestScriptEndToEnd.java:21)
at com.test.tests.HekathonAPITestScriptEndToEnd.baseUri(HekathonAPITestScriptEndToEnd.java:21)
at com.test.tests.HekathonAPITestScriptEndToEnd.baseUri(HekathonAPITestScriptEndToEnd.java:21)
at com.test.tests.HekathonAPITestScriptEndToEnd.baseUri(HekathonAPITestScriptEndToEnd.java:21)
at com.test.tests.HekathonAPITestScriptEndToEnd.baseUri(HekathonAPITestScriptEndToEnd.java:21)
at com.test.tests.HekathonAPITestScriptEndToEnd.baseUri(HekathonAPITestScriptEndToEnd.java:21)
at com.test.tests.HekathonAPITestScriptEndToEnd.baseUri(HekathonAPITestScriptEndToEnd.java:21)
at com.test.tests.HekathonAPITestScriptEndToEnd.baseUri(HekathonAPITestScriptEndToEnd.java:21)
at com.test.tests.HekathonAPITestScriptEndToEnd.baseUri(HekathonAPITestScriptEndToEnd.java:21)
at com.test.tests.HekathonAPITestScriptEndToEnd.baseUri(HekathonAPITestScriptEndToEnd.java:21)
at com.test.tests.HekathonAPITestScriptEndToEnd.baseUri(HekathonAPITestScriptEndToEnd.java:21)
at com.test.tests.HekathonAPITestScriptEndToEnd.baseUri(HekathonAPITestScriptEndToEnd.java:21)
at com.test.tests.HekathonAPITestScriptEndToEnd.baseUri(HekathonAPITestScriptEndToEnd.java:21)
at com.test.tests.HekathonAPITestScriptEndToEnd.baseUri(HekathonAPITestScriptEndToEnd.java:21)
at com.test.tests.HekathonAPITestScriptEndToEnd.baseUri(HekathonAPITestScriptEndToEnd.java:21)
at com.test.tests.HekathonAPITestScriptEndToEnd.baseUri(HekathonAPITestScriptEndToEnd.java:21)
at com.test.tests.HekathonAPITestScriptEndToEnd.baseUri(HekathonAPITestScriptEndToEnd.java:21)
at com.test.tests.HekathonAPITestScriptEndToEnd.baseUri(HekathonAPITestScriptEndToEnd.java:21)
at com.test.tests.HekathonAPITestScriptEndToEnd.baseUri(HekathonAPITestScriptEndToEnd.java:21)
at com.test.tests.HekathonAPITestScriptEndToEnd.baseUri(HekathonAPITestScriptEndToEnd.java:21)
at com.test.tests.HekathonAPITestScriptEndToEnd.baseUri(HekathonAPITestScriptEndToEnd.java:21)
at com.test.tests.HekathonAPITestScriptEndToEnd.baseUri(HekathonAPITestScriptEndToEnd.java:21)
at com.test.tests.HekathonAPITestScriptEndToEnd.baseUri(HekathonAPITestScriptEndToEnd.java:21)
at com.test.tests.HekathonAPITestScriptEndToEnd.baseUri(HekathonAPITestScriptEndToEnd.java:21)
at com.test.tests.HekathonAPITestScriptEndToEnd.baseUri(HekathonAPITestScriptEndToEnd.java:21)
at com.test.tests.HekathonAPITestScriptEndToEnd.baseUri(HekathonAPITestScriptEndToEnd.java:21)
at com.test.tests.HekathonAPITestScriptEndToEnd.baseUri(HekathonAPITestScriptEndToEnd.java:21)
at com.test.tests.HekathonAPITestScriptEndToEnd.baseUri(HekathonAPITestScriptEndToEnd.java:21)
at com.test.tests.HekathonAPITestScriptEndToEnd.baseUri(HekathonAPITestScriptEndToEnd.java:21)
at com.test.tests.HekathonAPITestScriptEndToEnd.baseUri(HekathonAPITestScriptEndToEnd.java:21)
at com.test.tests.HekathonAPITestScriptEndToEnd.baseUri(HekathonAPITestScriptEndToEnd.java:21)
at com.test.tests.HekathonAPITestScriptEndToEnd.baseUri(HekathonAPITestScriptEndToEnd.java:21)
at com.test.tests.HekathonAPITestScriptEndToEnd.baseUri(HekathonAPITestScriptEndToEnd.java:21)
at com.test.tests.HekathonAPITestScriptEndToEnd.baseUri(HekathonAPITestScriptEndToEnd.java:21)
at com.test.tests.HekathonAPITestScriptEndToEnd.baseUri(HekathonAPITestScriptEndToEnd.java:21)
at com.test.tests.HekathonAPITestScriptEndToEnd.baseUri(HekathonAPITestScriptEndToEnd.java:21)
at com.test.tests.HekathonAPITestScriptEndToEnd.baseUri(HekathonAPITestScriptEndToEnd.java:21)
at com.test.tests.HekathonAPITestScriptEndToEnd.baseUri(HekathonAPITestScriptEndToEnd.java:21)
at com.test.tests.HekathonAPITestScriptEndToEnd.baseUri(HekathonAPITestScriptEndToEnd.java:21)
at com.test.tests.HekathonAPITestScriptEndToEnd.baseUri(HekathonAPITestScriptEndToEnd.java:21)
at com.test.tests.HekathonAPITestScriptEndToEnd.baseUri(HekathonAPITestScriptEndToEnd.java:21)
at com.test.tests.HekathonAPITestScriptEndToEnd.baseUri(HekathonAPITestScriptEndToEnd.java:21)
at com.test.tests.HekathonAPITestScriptEndToEnd.baseUri(HekathonAPITestScriptEndToEnd.java:21)
at com.test.tests.HekathonAPITestScriptEndToEnd.baseUri(HekathonAPITestScriptEndToEnd.java:21)
at com.test.tests.HekathonAPITestScriptEndToEnd.baseUri(HekathonAPITestScriptEndToEnd.java:21)
at com.test.tests.HekathonAPITestScriptEndToEnd.baseUri(HekathonAPITestScriptEndToEnd.java:21)
at com.test.tests.HekathonAPITestScriptEndToEnd.baseUri(HekathonAPITestScriptEndToEnd.java:21)
at com.test.tests.HekathonAPITestScriptEndToEnd.baseUri(HekathonAPITestScriptEndToEnd.java:21)
at com.test.tests.HekathonAPITestScriptEndToEnd.baseUri(HekathonAPITestScriptEndToEnd.java:21)
at com.test.tests.HekathonAPITestScriptEndToEnd.baseUri(HekathonAPITestScriptEndToEnd.java:21)
at com.test.tests.HekathonAPITestScriptEndToEnd.baseUri(HekathonAPITestScriptEndToEnd.java:21)
at com.test.tests.HekathonAPITestScriptEndToEnd.baseUri(HekathonAPITestScriptEndToEnd.java:21)
at com.test.tests.HekathonAPITestScriptEndToEnd.baseUri(HekathonAPITestScriptEndToEnd.java:21)
at com.test.tests.HekathonAPITestScriptEndToEnd.baseUri(HekathonAPITestScriptEndToEnd.java:21)
at com.test.tests.HekathonAPITestScriptEndToEnd.baseUri(HekathonAPITestScriptEndToEnd.java:21)
at com.test.tests.HekathonAPITestScriptEndToEnd.baseUri(HekathonAPITestScriptEndToEnd.java:21)
at com.test.tests.HekathonAPITestScriptEndToEnd.baseUri(HekathonAPITestScriptEndToEnd.java:21)
at com.test.tests.HekathonAPITestScriptEndToEnd.baseUri(HekathonAPITestScriptEndToEnd.java:21)
at com.test.tests.HekathonAPITestScriptEndToEnd.baseUri(HekathonAPITestScriptEndToEnd.java:21)
at com.test.tests.HekathonAPITestScriptEndToEnd.baseUri(HekathonAPITestScriptEndToEnd.java:21)
at com.test.tests.HekathonAPITestScriptEndToEnd.baseUri(HekathonAPITestScriptEndToEnd.java:21)
at com.test.tests.HekathonAPITestScriptEndToEnd.baseUri(HekathonAPITestScriptEndToEnd.java:21)
at com.test.tests.HekathonAPITestScriptEndToEnd.baseUri(HekathonAPITestScriptEndToEnd.java:21)
at com.test.tests.HekathonAPITestScriptEndToEnd.baseUri(HekathonAPITestScriptEndToEnd.java:21)
at com.test.tests.HekathonAPITestScriptEndToEnd.baseUri(HekathonAPITestScriptEndToEnd.java:21)
at com.test.tests.HekathonAPITestScriptEndToEnd.baseUri(HekathonAPITestScriptEndToEnd.java:21)
at com.test.tests.HekathonAPITestScriptEndToEnd.baseUri(HekathonAPITestScriptEndToEnd.java:21)
at com.test.tests.HekathonAPITestScriptEndToEnd.baseUri(HekathonAPITestScriptEndToEnd.java:21)
at com.test.tests.HekathonAPITestScriptEndToEnd.baseUri(HekathonAPITestScriptEndToEnd.java:21)
at com.test.tests.HekathonAPITestScriptEndToEnd.baseUri(HekathonAPITestScriptEndToEnd.java:21)
at com.test.tests.HekathonAPITestScriptEndToEnd.baseUri(HekathonAPITestScriptEndToEnd.java:21)
at com.test.tests.HekathonAPITestScriptEndToEnd.baseUri(HekathonAPITestScriptEndToEnd.java:21)
at com.test.tests.HekathonAPITestScriptEndToEnd.baseUri(HekathonAPITestScriptEndToEnd.java:21)
at com.test.tests.HekathonAPITestScriptEndToEnd.baseUri(HekathonAPITestScriptEndToEnd.java:21)
at com.test.tests.HekathonAPITestScriptEndToEnd.baseUri(HekathonAPITestScriptEndToEnd.java:21)
at com.test.tests.HekathonAPITestScriptEndToEnd.baseUri(HekathonAPITestScriptEndToEnd.java:21)
at com.test.tests.HekathonAPITestScriptEndToEnd.baseUri(HekathonAPITestScriptEndToEnd.java:21)
at com.test.tests.HekathonAPITestScriptEndToEnd.baseUri(HekathonAPITestScriptEndToEnd.java:21)
at com.test.tests.HekathonAPITestScriptEndToEnd.baseUri(HekathonAPITestScriptEndToEnd.java:21)
at com.test.tests.HekathonAPITestScriptEndToEnd.baseUri(HekathonAPITestScriptEndToEnd.java:21)
at com.test.tests.HekathonAPITestScriptEndToEnd.baseUri(HekathonAPITestScriptEndToEnd.java:21)
at com.test.tests.HekathonAPITestScriptEndToEnd.baseUri(HekathonAPITestScriptEndToEnd.java:21)
at com.test.tests.HekathonAPITestScriptEndToEnd.baseUri(HekathonAPITestScriptEndToEnd.java:21)
at com.test.tests.HekathonAPITestScriptEndToEnd.baseUri(HekathonAPITestScriptEndToEnd.java:21)
at com.test.tests.HekathonAPITestScriptEndToEnd.baseUri(HekathonAPITestScriptEndToEnd.java:21)
at com.test.tests.HekathonAPITestScriptEndToEnd.baseUri(HekathonAPITestScriptEndToEnd.java:21)
at com.test.tests.HekathonAPITestScriptEndToEnd.baseUri(HekathonAPITestScriptEndToEnd.java:21)
at com.test.tests.HekathonAPITestScriptEndToEnd.baseUri(HekathonAPITestScriptEndToEnd.java:21)
at com.test.tests.HekathonAPITestScriptEndToEnd.baseUri(HekathonAPITestScriptEndToEnd.java:21)
[...]
at com.test.tests.HekathonAPITestScriptEndToEnd.baseUri(HekathonAPITestScriptEndToEnd.java:21)
at com.test.tests.HekathonAPITestScriptEndToEnd.baseUri(HekathonAPITestScriptEndToEnd.java:21)
at com.test.tests.HekathonAPITestScriptEndToEnd.baseUri(HekathonAPITestScriptEndToEnd.java:21)
at com.test.tests.HekathonAPITestScriptEndToEnd.baseUri(HekathonAPITestScriptEndToEnd.java:21)
at com.test.tests.HekathonAPITestScriptEndToEnd.baseUri(HekathonAPITestScriptEndToEnd.java:21)
at com.test.tests.HekathonAPITestScriptEndToEnd.baseUri(HekathonAPITestScriptEndToEnd.java:21)
at com.test.tests.HekathonAPITestScriptEndToEnd.baseUri(HekathonAPITestScriptEndToEnd.java:21)
at com.test.tests.HekathonAPITestScriptEndToEnd.baseUri(HekathonAPITestScriptEndToEnd.java:21)
at com.test.tests.HekathonAPITestScriptEndToEnd.baseUri(HekathonAPITestScriptEndToEnd.java:21)
at com.test.tests.HekathonAPITestScriptEndToEnd.baseUri(HekathonAPITestScriptEndToEnd.java:21)
at com.test.tests.HekathonAPITestScriptEndToEnd.baseUri(HekathonAPITestScriptEndToEnd.java:21)
at com.test.tests.HekathonAPITestScriptEndToEnd.baseUri(HekathonAPITestScriptEndToEnd.java:21)
at com.test.tests.HekathonAPITestScriptEndToEnd.baseUri(HekathonAPITestScriptEndToEnd.java:21)
at com.test.tests.HekathonAPITestScriptEndToEnd.baseUri(HekathonAPITestScriptEndToEnd.java:21)
at com.test.tests.HekathonAPITestScriptEndToEnd.baseUri(HekathonAPITestScriptEndToEnd.java:21)
at com.test.tests.HekathonAPITestScriptEndToEnd.baseUri(HekathonAPITestScriptEndToEnd.java:21)
at com.test.tests.HekathonAPITestScriptEndToEnd.baseUri(HekathonAPITestScriptEndToEnd.java:21)
at com.test.tests.HekathonAPITestScriptEndToEnd.baseUri(HekathonAPITestScriptEndToEnd.java:21)
at com.test.tests.HekathonAPITestScriptEndToEnd.baseUri(HekathonAPITestScriptEndToEnd.java:21)
at com.test.tests.HekathonAPITestScriptEndToEnd.baseUri(HekathonAPITestScriptEndToEnd.java:21)
at com.test.tests.HekathonAPITestScriptEndToEnd.baseUri(HekathonAPITestScriptEndToEnd.java:21)
at com.test.tests.HekathonAPITestScriptEndToEnd.baseUri(HekathonAPITestScriptEndToEnd.java:21)
at com.test.tests.HekathonAPITestScriptEndToEnd.baseUri(HekathonAPITestScriptEndToEnd.java:21)
at com.test.tests.HekathonAPITestScriptEndToEnd.baseUri(HekathonAPITestScriptEndToEnd.java:21)
at com.test.tests.HekathonAPITestScriptEndToEnd.baseUri(HekathonAPITestScriptEndToEnd.java:21)
at com.test.tests.HekathonAPITestScriptEndToEnd.baseUri(HekathonAPITestScriptEndToEnd.java:21)
at com.test.tests.HekathonAPITestScriptEndToEnd.baseUri(HekathonAPITestScriptEndToEnd.java:21)
at com.test.tests.HekathonAPITestScriptEndToEnd.baseUri(HekathonAPITestScriptEndToEnd.java:21)
at com.test.tests.HekathonAPITestScriptEndToEnd.baseUri(HekathonAPITestScriptEndToEnd.java:21)
at com.test.tests.HekathonAPITestScriptEndToEnd.baseUri(HekathonAPITestScriptEndToEnd.java:21)
at com.test.tests.HekathonAPITestScriptEndToEnd.baseUri(HekathonAPITestScriptEndToEnd.java:21)
at com.test.tests.HekathonAPITestScriptEndToEnd.baseUri(HekathonAPITestScriptEndToEnd.java:21)
at com.test.tests.HekathonAPITestScriptEndToEnd.baseUri(HekathonAPITestScriptEndToEnd.java:21)
at com.test.tests.HekathonAPITestScriptEndToEnd.baseUri(HekathonAPITestScriptEndToEnd.java:21)
at com.test.tests.HekathonAPITestScriptEndToEnd.baseUri(HekathonAPITestScriptEndToEnd.java:21)
at com.test.tests.HekathonAPITestScriptEndToEnd.baseUri(HekathonAPITestScriptEndToEnd.java:21)
at com.test.tests.HekathonAPITestScriptEndToEnd.baseUri(HekathonAPITestScriptEndToEnd.java:21)
at com.test.tests.HekathonAPITestScriptEndToEnd.baseUri(HekathonAPITestScriptEndToEnd.java:21)
at com.test.tests.HekathonAPITestScriptEndToEnd.baseUri(HekathonAPITestScriptEndToEnd.java:21)
at com.test.tests.HekathonAPITestScriptEndToEnd.baseUri(HekathonAPITestScriptEndToEnd.java:21)
at com.test.tests.HekathonAPITestScriptEndToEnd.baseUri(HekathonAPITestScriptEndToEnd.java:21)
at com.test.tests.HekathonAPITestScriptEndToEnd.baseUri(HekathonAPITestScriptEndToEnd.java:21)
at com.test.tests.HekathonAPITestScriptEndToEnd.baseUri(HekathonAPITestScriptEndToEnd.java:21)
at com.test.tests.HekathonAPITestScriptEndToEnd.baseUri(HekathonAPITestScriptEndToEnd.java:21)
at com.test.tests.HekathonAPITestScriptEndToEnd.baseUri(HekathonAPITestScriptEndToEnd.java:21)
at com.test.tests.HekathonAPITestScriptEndToEnd.baseUri(HekathonAPITestScriptEndToEnd.java:21)
at com.test.tests.HekathonAPITestScriptEndToEnd.baseUri(HekathonAPITestScriptEndToEnd.java:21)
at com.test.tests.HekathonAPITestScriptEndToEnd.baseUri(HekathonAPITestScriptEndToEnd.java:21)
at com.test.tests.HekathonAPITestScriptEndToEnd.baseUri(HekathonAPITestScriptEndToEnd.java:21)
at com.test.tests.HekathonAPITestScriptEndToEnd.baseUri(HekathonAPITestScriptEndToEnd.java:21)
at com.test.tests.HekathonAPITestScriptEndToEnd.baseUri(HekathonAPITestScriptEndToEnd.java:21)
at com.test.tests.HekathonAPITestScriptEndToEnd.baseUri(HekathonAPITestScriptEndToEnd.java:21)
at com.test.tests.HekathonAPITestScriptEndToEnd.baseUri(HekathonAPITestScriptEndToEnd.java:21)
at com.test.tests.HekathonAPITestScriptEndToEnd.baseUri(HekathonAPITestScriptEndToEnd.java:21)
at com.test.tests.HekathonAPITestScriptEndToEnd.baseUri(HekathonAPITestScriptEndToEnd.java:21)
at com.test.tests.HekathonAPITestScriptEndToEnd.baseUri(HekathonAPITestScriptEndToEnd.java:21)
at com.test.tests.HekathonAPITestScriptEndToEnd.baseUri(HekathonAPITestScriptEndToEnd.java:21)
at com.test.tests.HekathonAPITestScriptEndToEnd.baseUri(HekathonAPITestScriptEndToEnd.java:21)
at com.test.tests.HekathonAPITestScriptEndToEnd.baseUri(HekathonAPITestScriptEndToEnd.java:21)
at com.test.tests.HekathonAPITestScriptEndToEnd.baseUri(HekathonAPITestScriptEndToEnd.java:21)
at com.test.tests.HekathonAPITestScriptEndToEnd.baseUri(HekathonAPITestScriptEndToEnd.java:21)
at com.test.tests.HekathonAPITestScriptEndToEnd.baseUri(HekathonAPITestScriptEndToEnd.java:21)
at com.test.tests.HekathonAPITestScriptEndToEnd.baseUri(HekathonAPITestScriptEndToEnd.java:21)
at com.test.tests.HekathonAPITestScriptEndToEnd.baseUri(HekathonAPITestScriptEndToEnd.java:21)
at com.test.tests.HekathonAPITestScriptEndToEnd.baseUri(HekathonAPITestScriptEndToEnd.java:21)
at com.test.tests.HekathonAPITestScriptEndToEnd.baseUri(HekathonAPITestScriptEndToEnd.java:21)
at com.test.tests.HekathonAPITestScriptEndToEnd.baseUri(HekathonAPITestScriptEndToEnd.java:21)
at com.test.tests.HekathonAPITestScriptEndToEnd.baseUri(HekathonAPITestScriptEndToEnd.java:21)
at com.test.tests.HekathonAPITestScriptEndToEnd.baseUri(HekathonAPITestScriptEndToEnd.java:21)
at com.test.tests.HekathonAPITestScriptEndToEnd.baseUri(HekathonAPITestScriptEndToEnd.java:21)
at com.test.tests.HekathonAPITestScriptEndToEnd.baseUri(HekathonAPITestScriptEndToEnd.java:21)
at com.test.tests.HekathonAPITestScriptEndToEnd.baseUri(HekathonAPITestScriptEndToEnd.java:21)
at com.test.tests.HekathonAPITestScriptEndToEnd.baseUri(HekathonAPITestScriptEndToEnd.java:21)
at com.test.tests.HekathonAPITestScriptEndToEnd.baseUri(HekathonAPITestScriptEndToEnd.java:21)
at com.test.tests.HekathonAPITestScriptEndToEnd.baseUri(HekathonAPITestScriptEndToEnd.java:21)
at com.test.tests.HekathonAPITestScriptEndToEnd.baseUri(HekathonAPITestScriptEndToEnd.java:21)
at com.test.tests.HekathonAPITestScriptEndToEnd.baseUri(HekathonAPITestScriptEndToEnd.java:21)
at com.test.tests.HekathonAPITestScriptEndToEnd.baseUri(HekathonAPITestScriptEndToEnd.java:21)
at com.test.tests.HekathonAPITestScriptEndToEnd.baseUri(HekathonAPITestScriptEndToEnd.java:21)
at com.test.tests.HekathonAPITestScriptEndToEnd.baseUri(HekathonAPITestScriptEndToEnd.java:21)
at com.test.tests.HekathonAPITestScriptEndToEnd.baseUri(HekathonAPITestScriptEndToEnd.java:21)
at com.test.tests.HekathonAPITestScriptEndToEnd.baseUri(HekathonAPITestScriptEndToEnd.java:21)
at com.test.tests.HekathonAPITestScriptEndToEnd.baseUri(HekathonAPITestScriptEndToEnd.java:21)
at com.test.tests.HekathonAPITestScriptEndToEnd.baseUri(HekathonAPITestScriptEndToEnd.java:21)
at com.test.tests.HekathonAPITestScriptEndToEnd.baseUri(HekathonAPITestScriptEndToEnd.java:21)
at com.test.tests.HekathonAPITestScriptEndToEnd.baseUri(HekathonAPITestScriptEndToEnd.java:21)
at com.test.tests.HekathonAPITestScriptEndToEnd.baseUri(HekathonAPITestScriptEndToEnd.java:21)
at com.test.tests.HekathonAPITestScriptEndToEnd.baseUri(HekathonAPITestScriptEndToEnd.java:21)
at com.test.tests.HekathonAPITestScriptEndToEnd.baseUri(HekathonAPITestScriptEndToEnd.java:21)
at com.test.tests.HekathonAPITestScriptEndToEnd.baseUri(HekathonAPITestScriptEndToEnd.java:21)
at com.test.tests.HekathonAPITestScriptEndToEnd.baseUri(HekathonAPITestScriptEndToEnd.java:21)
at com.test.tests.HekathonAPITestScriptEndToEnd.baseUri(HekathonAPITestScriptEndToEnd.java:21)
at com.test.tests.HekathonAPITestScriptEndToEnd.baseUri(HekathonAPITestScriptEndToEnd.java:21)
at com.test.tests.HekathonAPITestScriptEndToEnd.baseUri(HekathonAPITestScriptEndToEnd.java:21)
at com.test.tests.HekathonAPITestScriptEndToEnd.baseUri(HekathonAPITestScriptEndToEnd.java:21)
at com.test.tests.HekathonAPITestScriptEndToEnd.baseUri(HekathonAPITestScriptEndToEnd.java:21)
at com.test.tests.HekathonAPITestScriptEndToEnd.baseUri(HekathonAPITestScriptEndToEnd.java:21)
at com.test.tests.HekathonAPITestScriptEndToEnd.baseUri(HekathonAPITestScriptEndToEnd.java:21)
at com.test.tests.HekathonAPITestScriptEndToEnd.baseUri(HekathonAPITestScriptEndToEnd.java:21)
at com.test.tests.HekathonAPITestScriptEndToEnd.baseUri(HekathonAPITestScriptEndToEnd.java:21)
at com.test.tests.HekathonAPITestScriptEndToEnd.baseUri(HekathonAPITestScriptEndToEnd.java:21)
at com.test.tests.HekathonAPITestScriptEndToEnd.baseUri(HekathonAPITestScriptEndToEnd.java:21)
at com.test.tests.HekathonAPITestScriptEndToEnd.baseUri(HekathonAPITestScriptEndToEnd.java:21)
at com.test.tests.HekathonAPITestScriptEndToEnd.baseUri(HekathonAPITestScriptEndToEnd.java:21)
at com.test.tests.HekathonAPITestScriptEndToEnd.baseUri(HekathonAPITestScriptEndToEnd.java:21)
at com.test.tests.HekathonAPITestScriptEndToEnd.baseUri(HekathonAPITestScriptEndToEnd.java:21)
at com.test.tests.HekathonAPITestScriptEndToEnd.baseUri(HekathonAPITestScriptEndToEnd.java:21)
at com.test.tests.HekathonAPITestScriptEndToEnd.baseUri(HekathonAPITestScriptEndToEnd.java:21)
at com.test.tests.HekathonAPITestScriptEndToEnd.baseUri(HekathonAPITestScriptEndToEnd.java:21)
at com.test.tests.HekathonAPITestScriptEndToEnd.baseUri(HekathonAPITestScriptEndToEnd.java:21)
at com.test.tests.HekathonAPITestScriptEndToEnd.baseUri(HekathonAPITestScriptEndToEnd.java:21)
at com.test.tests.HekathonAPITestScriptEndToEnd.baseUri(HekathonAPITestScriptEndToEnd.java:21)
at com.test.tests.HekathonAPITestScriptEndToEnd.baseUri(HekathonAPITestScriptEndToEnd.java:21)
at com.test.tests.HekathonAPITestScriptEndToEnd.baseUri(HekathonAPITestScriptEndToEnd.java:21)
at com.test.tests.HekathonAPITestScriptEndToEnd.baseUri(HekathonAPITestScriptEndToEnd.java:21)
at com.test.tests.HekathonAPITestScriptEndToEnd.baseUri(HekathonAPITestScriptEndToEnd.java:21)
at com.test.tests.HekathonAPITestScriptEndToEnd.baseUri(HekathonAPITestScriptEndToEnd.java:21)
at com.test.tests.HekathonAPITestScriptEndToEnd.baseUri(HekathonAPITestScriptEndToEnd.java:21)
at com.test.tests.HekathonAPITestScriptEndToEnd.baseUri(HekathonAPITestScriptEndToEnd.java:21)
at com.test.tests.HekathonAPITestScriptEndToEnd.baseUri(HekathonAPITestScriptEndToEnd.java:21)
at com.test.tests.HekathonAPITestScriptEndToEnd.baseUri(HekathonAPITestScriptEndToEnd.java:21)
at com.test.tests.HekathonAPITestScriptEndToEnd.baseUri(HekathonAPITestScriptEndToEnd.java:21)
at com.test.tests.HekathonAPITestScriptEndToEnd.baseUri(HekathonAPITestScriptEndToEnd.java:21)
at com.test.tests.HekathonAPITestScriptEndToEnd.baseUri(HekathonAPITestScriptEndToEnd.java:21)
at com.test.tests.HekathonAPITestScriptEndToEnd.baseUri(HekathonAPITestScriptEndToEnd.java:21)
at com.test.tests.HekathonAPITestScriptEndToEnd.baseUri(HekathonAPITestScriptEndToEnd.java:21)
at com.test.tests.HekathonAPITestScriptEndToEnd.baseUri(HekathonAPITestScriptEndToEnd.java:21)
at com.test.tests.HekathonAPITestScriptEndToEnd.baseUri(HekathonAPITestScriptEndToEnd.java:21)
at com.test.tests.HekathonAPITestScriptEndToEnd.baseUri(HekathonAPITestScriptEndToEnd.java:21)
at com.test.tests.HekathonAPITestScriptEndToEnd.baseUri(HekathonAPITestScriptEndToEnd.java:21)
at com.test.tests.HekathonAPITestScriptEndToEnd.baseUri(HekathonAPITestScriptEndToEnd.java:21)
at com.test.tests.HekathonAPITestScriptEndToEnd.baseUri(HekathonAPITestScriptEndToEnd.java:21)
at com.test.tests.HekathonAPITestScriptEndToEnd.baseUri(HekathonAPITestScriptEndToEnd.java:21)
at com.test.tests.HekathonAPITestScriptEndToEnd.baseUri(HekathonAPITestScriptEndToEnd.java:21)
at com.test.tests.HekathonAPITestScriptEndToEnd.baseUri(HekathonAPITestScriptEndToEnd.java:21)
at com.test.tests.HekathonAPITestScriptEndToEnd.baseUri(HekathonAPITestScriptEndToEnd.java:21)
at com.test.tests.HekathonAPITestScriptEndToEnd.baseUri(HekathonAPITestScriptEndToEnd.java:21)
at com.test.tests.HekathonAPITestScriptEndToEnd.baseUri(HekathonAPITestScriptEndToEnd.java:21)
at com.test.tests.HekathonAPITestScriptEndToEnd.baseUri(HekathonAPITestScriptEndToEnd.java:21)
at com.test.tests.HekathonAPITestScriptEndToEnd.baseUri(HekathonAPITestScriptEndToEnd.java:21)
at com.test.tests.HekathonAPITestScriptEndToEnd.baseUri(HekathonAPITestScriptEndToEnd.java:21)
at com.test.tests.HekathonAPITestScriptEndToEnd.baseUri(HekathonAPITestScriptEndToEnd.java:21)
at com.test.tests.HekathonAPITestScriptEndToEnd.baseUri(HekathonAPITestScriptEndToEnd.java:21)
at com.test.tests.HekathonAPITestScriptEndToEnd.baseUri(HekathonAPITestScriptEndToEnd.java:21)
at com.test.tests.HekathonAPITestScriptEndToEnd.baseUri(HekathonAPITestScriptEndToEnd.java:21)
at com.test.tests.HekathonAPITestScriptEndToEnd.baseUri(HekathonAPITestScriptEndToEnd.java:21)
at com.test.tests.HekathonAPITestScriptEndToEnd.baseUri(HekathonAPITestScriptEndToEnd.java:21)
at com.test.tests.HekathonAPITestScriptEndToEnd.baseUri(HekathonAPITestScriptEndToEnd.java:21)
at com.test.tests.HekathonAPITestScriptEndToEnd.baseUri(HekathonAPITestScriptEndToEnd.java:21)
at com.test.tests.HekathonAPITestScriptEndToEnd.baseUri(HekathonAPITestScriptEndToEnd.java:21)
at com.test.tests.HekathonAPITestScriptEndToEnd.baseUri(HekathonAPITestScriptEndToEnd.java:21)
at com.test.tests.HekathonAPITestScriptEndToEnd.baseUri(HekathonAPITestScriptEndToEnd.java:21)
at com.test.tests.HekathonAPITestScriptEndToEnd.baseUri(HekathonAPITestScriptEndToEnd.java:21)
at com.test.tests.HekathonAPITestScriptEndToEnd.baseUri(HekathonAPITestScriptEndToEnd.java:21)
at com.test.tests.HekathonAPITestScriptEndToEnd.baseUri(HekathonAPITestScriptEndToEnd.java:21)
at com.test.tests.HekathonAPITestScriptEndToEnd.baseUri(HekathonAPITestScriptEndToEnd.java:21)
at com.test.tests.HekathonAPITestScriptEndToEnd.baseUri(HekathonAPITestScriptEndToEnd.java:21)
at com.test.tests.HekathonAPITestScriptEndToEnd.baseUri(HekathonAPITestScriptEndToEnd.java:21)
at com.test.tests.HekathonAPITestScriptEndToEnd.baseUri(HekathonAPITestScriptEndToEnd.java:21)
at com.test.tests.HekathonAPITestScriptEndToEnd.baseUri(HekathonAPITestScriptEndToEnd.java:21)
at com.test.tests.HekathonAPITestScriptEndToEnd.baseUri(HekathonAPITestScriptEndToEnd.java:21)
at com.test.tests.HekathonAPITestScriptEndToEnd.baseUri(HekathonAPITestScriptEndToEnd.java:21)
at com.test.tests.HekathonAPITestScriptEndToEnd.baseUri(HekathonAPITestScriptEndToEnd.java:21)
at com.test.tests.HekathonAPITestScriptEndToEnd.baseUri(HekathonAPITestScriptEndToEnd.java:21)
at com.test.tests.HekathonAPITestScriptEndToEnd.baseUri(HekathonAPITestScriptEndToEnd.java:21)
at com.test.tests.HekathonAPITestScriptEndToEnd.baseUri(HekathonAPITestScriptEndToEnd.java:21)
at com.test.tests.HekathonAPITestScriptEndToEnd.baseUri(HekathonAPITestScriptEndToEnd.java:21)
at com.test.tests.HekathonAPITestScriptEndToEnd.baseUri(HekathonAPITestScriptEndToEnd.java:21)
at com.test.tests.HekathonAPITestScriptEndToEnd.baseUri(HekathonAPITestScriptEndToEnd.java:21)
at com.test.tests.HekathonAPITestScriptEndToEnd.baseUri(HekathonAPITestScriptEndToEnd.java:21)
at com.test.tests.HekathonAPITestScriptEndToEnd.baseUri(HekathonAPITestScriptEndToEnd.java:21)
at com.test.tests.HekathonAPITestScriptEndToEnd.baseUri(HekathonAPITestScriptEndToEnd.java:21)
at com.test.tests.HekathonAPITestScriptEndToEnd.baseUri(HekathonAPITestScriptEndToEnd.java:21)
at com.test.tests.HekathonAPITestScriptEndToEnd.baseUri(HekathonAPITestScriptEndToEnd.java:21)
at com.test.tests.HekathonAPITestScriptEndToEnd.baseUri(HekathonAPITestScriptEndToEnd.java:21)
at com.test.tests.HekathonAPITestScriptEndToEnd.baseUri(HekathonAPITestScriptEndToEnd.java:21)
at com.test.tests.HekathonAPITestScriptEndToEnd.baseUri(HekathonAPITestScriptEndToEnd.java:21)
at com.test.tests.HekathonAPITestScriptEndToEnd.baseUri(HekathonAPITestScriptEndToEnd.java:21)
at com.test.tests.HekathonAPITestScriptEndToEnd.baseUri(HekathonAPITestScriptEndToEnd.java:21)
at com.test.tests.HekathonAPITestScriptEndToEnd.baseUri(HekathonAPITestScriptEndToEnd.java:21)
at com.test.tests.HekathonAPITestScriptEndToEnd.baseUri(HekathonAPITestScriptEndToEnd.java:21)
at com.test.tests.HekathonAPITestScriptEndToEnd.baseUri(HekathonAPITestScriptEndToEnd.java:21)
at com.test.tests.HekathonAPITestScriptEndToEnd.baseUri(HekathonAPITestScriptEndToEnd.java:21)
at com.test.tests.HekathonAPITestScriptEndToEnd.baseUri(HekathonAPITestScriptEndToEnd.java:21)
at com.test.tests.HekathonAPITestScriptEndToEnd.baseUri(HekathonAPITestScriptEndToEnd.java:21)
at com.test.tests.HekathonAPITestScriptEndToEnd.baseUri(HekathonAPITestScriptEndToEnd.java:21)
at com.test.tests.HekathonAPITestScriptEndToEnd.baseUri(HekathonAPITestScriptEndToEnd.java:21)
at com.test.tests.HekathonAPITestScriptEndToEnd.baseUri(HekathonAPITestScriptEndToEnd.java:21)
at com.test.tests.HekathonAPITestScriptEndToEnd.baseUri(HekathonAPITestScriptEndToEnd.java:21)
at com.test.tests.HekathonAPITestScriptEndToEnd.baseUri(HekathonAPITestScriptEndToEnd.java:21)
at com.test.tests.HekathonAPITestScriptEndToEnd.baseUri(HekathonAPITestScriptEndToEnd.java:21)
at com.test.tests.HekathonAPITestScriptEndToEnd.baseUri(HekathonAPITestScriptEndToEnd.java:21)
at com.test.tests.HekathonAPITestScriptEndToEnd.baseUri(HekathonAPITestScriptEndToEnd.java:21)
at com.test.tests.HekathonAPITestScriptEndToEnd.baseUri(HekathonAPITestScriptEndToEnd.java:21)
at com.test.tests.HekathonAPITestScriptEndToEnd.baseUri(HekathonAPITestScriptEndToEnd.java:21)
at com.test.tests.HekathonAPITestScriptEndToEnd.baseUri(HekathonAPITestScriptEndToEnd.java:21)
at com.test.tests.HekathonAPITestScriptEndToEnd.baseUri(HekathonAPITestScriptEndToEnd.java:21)
at com.test.tests.HekathonAPITestScriptEndToEnd.baseUri(HekathonAPITestScriptEndToEnd.java:21)
at com.test.tests.HekathonAPITestScriptEndToEnd.baseUri(HekathonAPITestScriptEndToEnd.java:21)
at com.test.tests.HekathonAPITestScriptEndToEnd.baseUri(HekathonAPITestScriptEndToEnd.java:21)
at com.test.tests.HekathonAPITestScriptEndToEnd.baseUri(HekathonAPITestScriptEndToEnd.java:21)
at com.test.tests.HekathonAPITestScriptEndToEnd.baseUri(HekathonAPITestScriptEndToEnd.java:21)
at com.test.tests.HekathonAPITestScriptEndToEnd.baseUri(HekathonAPITestScriptEndToEnd.java:21)
at com.test.tests.HekathonAPITestScriptEndToEnd.baseUri(HekathonAPITestScriptEndToEnd.java:21)
at com.test.tests.HekathonAPITestScriptEndToEnd.baseUri(HekathonAPITestScriptEndToEnd.java:21)
at com.test.tests.HekathonAPITestScriptEndToEnd.baseUri(HekathonAPITestScriptEndToEnd.java:21)
]]>
            </full-stacktrace>
          </exception> <!-- java.lang.StackOverflowError -->
          <reporter-output>
          </reporter-output>
        </test-method> <!-- TestCase2 -->
      </class> <!-- com.test.tests.HekathonAPITestScriptEndToEnd -->
    </test> <!-- Default test -->
  </suite> <!-- Default suite -->
</testng-results>
